Locus	MEAN_COL_SCORE
AHE-L102	0.989917	
AHE-L104	0.971720	
AHE-L105	1.000000	
AHE-L106	0.948405	
AHE-L108	0.985531	
AHE-L111	0.980723	
AHE-L112	0.966524	
AHE-L114	0.996413	
AHE-L118	0.978808	
AHE-L119	0.977749	
AHE-L11	0.949586	
AHE-L123	0.869410	
AHE-L124	0.991327	
AHE-L125	0.993671	
AHE-L129	0.969925	
AHE-L12	0.945489	
AHE-L130	0.975196	
AHE-L135	0.977778	
AHE-L13	0.876833	
AHE-L142	0.868732	
AHE-L144	0.993252	
AHE-L145	0.988996	
AHE-L146	0.987866	
AHE-L148	0.982590	
AHE-L14	0.946075	
AHE-L152	0.998381	
AHE-L154	0.987284	
AHE-L155	0.929389	
AHE-L156	0.952463	
AHE-L158	0.997356	
AHE-L159	1.000000	
AHE-L15	0.998519	
AHE-L160	0.975630	
AHE-L164	0.976808	
AHE-L165	0.978452	
AHE-L16	0.985202	
AHE-L170	0.993395	
AHE-L171	0.964242	
AHE-L172	0.972396	
AHE-L173	0.878007	
AHE-L176	0.979718	
AHE-L177	0.982379	
AHE-L178	0.997901	
AHE-L179	0.952676	
AHE-L17	1.000000	
AHE-L180	0.970612	
AHE-L182	0.984474	
AHE-L184	1.000000	
AHE-L185	0.957293	
AHE-L187	0.963945	
AHE-L188	0.955665	
AHE-L189	1.000000	
AHE-L18	0.978567	
AHE-L190	0.972775	
AHE-L191	0.998000	
AHE-L192	0.967056	
AHE-L193	0.987817	
AHE-L194	1.000000	
AHE-L195	0.996694	
AHE-L19	0.978646	
AHE-L1	0.986711	
AHE-L200	0.962532	
AHE-L203	0.998720	
AHE-L204	0.886861	
AHE-L205	0.965517	
AHE-L206	0.989391	
AHE-L207	0.988722	
AHE-L208	0.986879	
AHE-L20	0.983280	
AHE-L210	0.994937	
AHE-L211	0.989784	
AHE-L214	0.930616	
AHE-L215	1.000000	
AHE-L219	0.991150	
AHE-L220	0.989362	
AHE-L221	0.968225	
AHE-L222	0.979959	
AHE-L223	0.876033	
AHE-L224	1.000000	
AHE-L225	0.989443	
AHE-L226	1.000000	
AHE-L22	0.984436	
AHE-L231	0.983415	
AHE-L232	0.984469	
AHE-L23	0.982497	
AHE-L241	0.886654	
AHE-L243	0.986744	
AHE-L244	0.983461	
AHE-L245	0.907781	
AHE-L24	0.965674	
AHE-L250	0.963790	
AHE-L256	0.885762	
AHE-L257	0.954119	
AHE-L259	0.994475	
AHE-L25	0.973729	
AHE-L260	0.998808	
AHE-L261	0.960608	
AHE-L262	0.978836	
AHE-L264	0.980105	
AHE-L265	0.924635	
AHE-L267	0.992537	
AHE-L269	1.000000	
AHE-L271	0.994994	
AHE-L273	1.000000	
AHE-L276	0.988126	
AHE-L27	0.981481	
AHE-L282	0.970190	
AHE-L283	0.990638	
AHE-L284	0.988842	
AHE-L285	0.985269	
AHE-L286	1.000000	
AHE-L288	0.981144	
AHE-L289	1.000000	
AHE-L28	0.959329	
AHE-L290	0.991480	
AHE-L291	0.985869	
AHE-L295	0.995819	
AHE-L296	1.000000	
AHE-L297	0.990788	
AHE-L2	0.993243	
AHE-L305	0.962830	
AHE-L306	0.975518	
AHE-L307	0.979371	
AHE-L309	0.998729	
AHE-L30	0.963170	
AHE-L311	0.998507	
AHE-L314	0.985965	
AHE-L315	1.000000	
AHE-L317	0.975556	
AHE-L318	0.993599	
AHE-L31	0.951489	
AHE-L321	1.000000	
AHE-L322	0.989770	
AHE-L326	0.996004	
AHE-L327	0.995575	
AHE-L32	0.992958	
AHE-L333	0.978281	
AHE-L33	0.965300	
AHE-L340	0.994356	
AHE-L341	0.971204	
AHE-L342	0.984155	
AHE-L343	1.000000	
AHE-L347	0.980120	
AHE-L34	0.986657	
AHE-L350	0.961722	
AHE-L351	0.971800	
AHE-L352	0.977477	
AHE-L354	1.000000	
AHE-L356	0.979107	
AHE-L357	0.987689	
AHE-L361	0.989418	
AHE-L362	0.975883	
AHE-L364	0.979079	
AHE-L365	0.997549	
AHE-L366	0.994898	
AHE-L368	0.973048	
AHE-L369	0.986796	
AHE-L36	0.990838	
AHE-L371	1.000000	
AHE-L372	0.960879	
AHE-L377	0.994033	
AHE-L378	0.973311	
AHE-L379	0.985449	
AHE-L380	0.994465	
AHE-L381	0.980115	
AHE-L382	0.820992	
AHE-L386	0.969325	
AHE-L388	0.993377	
AHE-L390	0.976567	
AHE-L391	0.981505	
AHE-L393	0.993468	
AHE-L394	0.961679	
AHE-L395	0.975896	
AHE-L397	0.986949	
AHE-L399	0.967882	
AHE-L39	0.995126	
AHE-L400	1.000000	
AHE-L401	1.000000	
AHE-L40	0.880076	
AHE-L41	0.989086	
AHE-L42	1.000000	
AHE-L49	0.949626	
AHE-L4	0.985816	
AHE-L51	0.954927	
AHE-L52	0.991247	
AHE-L53	0.853165	
AHE-L55	0.993166	
AHE-L56	0.990833	
AHE-L57	0.985222	
AHE-L58	0.954825	
AHE-L59	0.841221	
AHE-L61	0.970310	
AHE-L63	1.000000	
AHE-L64	1.000000	
AHE-L65	1.000000	
AHE-L75	0.994186	
AHE-L76	0.985366	
AHE-L80	0.982301	
AHE-L82	1.000000	
AHE-L84	0.979349	
AHE-L85	0.988967	
AHE-L86	1.000000	
AHE-L87	0.912404	
AHE-L88	0.872917	
AHE-L89	0.993399	
AHE-L8	0.990895	
AHE-L93	0.962099	
AHE-L95	0.986254	
AHE-L96	0.992720	
AHE-L98	0.979641	
gene-BDNF	0.985154	
gene-BMP2	0.910180	
gene-cmos	0.990868	
gene-ECEL	1.000000	
gene-ENC1	1.000000	
gene-FSHR	0.997314	
gene-FSTL5	0.975638	
gene-GALR1	0.979434	
gene-INHIBA	0.955115	
gene-LRRN1	0.974766	
gene-LZTSS1	1.000000	
gene-NGFB	0.964194	
gene-PNN	0.962010	
gene-SLC30A1	0.985054	
gene-SLC8A1	0.991859	
gene-ZFP36L1	0.988909	
uce-1003	0.954365	
uce-1004	0.951267	
uce-1005	0.980263	
uce-1008	0.969549	
uce-1010	0.966767	
uce-1012	0.972368	
uce-1013	0.902778	
uce-1014	0.976812	
uce-1017	0.926540	
uce-1018	0.972222	
uce-101	0.917456	
uce-1021	0.991587	
uce-1025	0.867925	
uce-1026	0.969697	
uce-1027	0.920228	
uce-1029	0.902145	
uce-102	0.870736	
uce-1031	0.961844	
uce-1034	0.922921	
uce-1035	0.988439	
uce-1036	0.961631	
uce-1037	0.946875	
uce-1038	0.965556	
uce-1039	0.926948	
uce-103	0.934370	
uce-1040	0.979439	
uce-1041	0.872263	
uce-1043	0.976574	
uce-1044	0.960821	
uce-1047	0.816176	
uce-1048	0.848765	
uce-1050	0.981004	
uce-1051	0.936460	
uce-1052	0.953020	
uce-1053	0.952055	
uce-1054	0.930097	
uce-1055	0.867514	
uce-1056	0.936709	
uce-1058	0.935614	
uce-1059	0.884120	
uce-105	1.000000	
uce-1060	0.756345	
uce-1061	0.956259	
uce-1062	0.936986	
uce-1063	0.941176	
uce-1064	0.952070	
uce-1065	0.967337	
uce-1068	0.897059	
uce-1069	0.993496	
uce-106	0.907378	
uce-1070	0.951402	
uce-1072	0.862994	
uce-1077	0.938979	
uce-1081	0.925466	
uce-1083	0.936842	
uce-1084	0.880866	
uce-1085	0.900000	
uce-1088	0.945055	
uce-1089	0.881579	
uce-1090	1.000000	
uce-1092	0.915470	
uce-1093	0.958258	
uce-1094	0.936905	
uce-1098	0.941363	
uce-10	0.911712	
uce-1100	0.913876	
uce-1101	0.907131	
uce-1102	0.960000	
uce-1107	0.890344	
uce-110	0.865031	
uce-1110	0.947796	
uce-1113	0.855346	
uce-1119	0.945545	
uce-111	0.862191	
uce-1120	0.944444	
uce-1121	0.985000	
uce-1122	0.958051	
uce-1123	0.892031	
uce-1126	0.733967	
uce-1127	0.955140	
uce-1128	0.961872	
uce-1131	0.908333	
uce-1133	0.945908	
uce-1134	0.889600	
uce-1135	0.924115	
uce-1136	0.964912	
uce-1138	0.948179	
uce-1139	0.920000	
uce-1141	0.910198	
uce-1143	0.930939	
uce-1148	0.855186	
uce-1149	0.972028	
uce-114	0.880309	
uce-1150	0.848855	
uce-1154	0.957792	
uce-1155	0.973154	
uce-1157	0.980237	
uce-1158	0.943937	
uce-1159	0.893333	
uce-115	0.984026	
uce-1161	0.968750	
uce-1162	0.968284	
uce-1163	0.869067	
uce-1167	0.953767	
uce-1168	0.870492	
uce-1169	0.954058	
uce-1170	0.903481	
uce-1172	0.959786	
uce-1173	0.979299	
uce-1174	0.964286	
uce-1176	0.955294	
uce-1177	1.000000	
uce-1178	0.934487	
uce-117	0.899177	
uce-1181	0.934947	
uce-1182	0.987124	
uce-1183	0.968927	
uce-1185	0.831071	
uce-1187	0.934272	
uce-1188	0.947518	
uce-1190	0.915436	
uce-1191	0.734351	
uce-1192	0.904065	
uce-1193	0.866995	
uce-1194	0.922945	
uce-119	0.934959	
uce-11	0.951258	
uce-1200	0.870567	
uce-1201	0.846868	
uce-1202	0.933726	
uce-1203	0.864242	
uce-1204	0.980122	
uce-1205	0.927313	
uce-1206	0.994832	
uce-1207	0.876623	
uce-1209	0.956815	
uce-120	0.978723	
uce-1210	0.863338	
uce-1211	0.891827	
uce-1212	0.988920	
uce-1215	0.962843	
uce-1216	0.967655	
uce-1217	0.995876	
uce-1219	0.908714	
uce-121	0.882353	
uce-1222	0.936170	
uce-1224	0.899497	
uce-1225	0.949772	
uce-1231	0.961771	
uce-1232	0.950147	
uce-1233	0.912114	
uce-1234	0.968566	
uce-1236	0.776068	
uce-1239	0.909091	
uce-1241	0.937824	
uce-1242	0.964646	
uce-1243	0.937853	
uce-1245	0.947853	
uce-1246	0.950392	
uce-124	0.851955	
uce-1250	0.939759	
uce-1251	0.937768	
uce-1252	0.985169	
uce-1253	0.933036	
uce-1255	0.984520	
uce-1256	0.933174	
uce-1257	0.958652	
uce-1259	0.976359	
uce-125	0.936471	
uce-1260	0.997738	
uce-1263	1.000000	
uce-1264	0.989071	
uce-1265	0.907816	
uce-1267	0.942488	
uce-1268	0.854031	
uce-1270	0.974026	
uce-1271	0.965686	
uce-1272	0.937580	
uce-1276	0.935345	
uce-1277	0.991497	
uce-1278	0.960784	
uce-127	0.958393	
uce-1281	0.869494	
uce-1285	0.942130	
uce-1286	0.891403	
uce-1288	0.770548	
uce-128	0.816284	
uce-1290	0.992089	
uce-1291	0.873518	
uce-1295	0.940299	
uce-1298	0.909946	
uce-1299	0.847826	
uce-129	0.942636	
uce-12	0.974638	
uce-1300	0.949091	
uce-1301	0.957638	
uce-1304	0.980978	
uce-1305	0.991071	
uce-1306	0.981366	
uce-1307	0.874380	
uce-1309	0.969866	
uce-1311	0.943197	
uce-1313	0.994521	
uce-1314	0.952978	
uce-1318	0.876712	
uce-1319	0.873351	
uce-131	0.961491	
uce-1322	0.968347	
uce-1323	0.937600	
uce-1324	0.966368	
uce-1326	0.944568	
uce-1329	0.972274	
uce-132	0.885856	
uce-1333	0.969388	
uce-1334	0.932836	
uce-1335	0.961023	
uce-1336	0.937313	
uce-1339	0.921248	
uce-1342	0.971649	
uce-1344	0.903114	
uce-1345	0.897778	
uce-1346	0.971779	
uce-1348	0.960660	
uce-1349	0.982487	
uce-134	0.952790	
uce-1350	0.962353	
uce-1351	0.937250	
uce-1354	0.910284	
uce-1357	0.908065	
uce-1358	0.927179	
uce-1359	0.975767	
uce-1360	0.970297	
uce-1361	0.939900	
uce-1362	0.935484	
uce-1363	0.933333	
uce-1366	0.968883	
uce-1367	0.938272	
uce-1368	0.948101	
uce-136	0.928571	
uce-1371	0.923379	
uce-1374	0.844156	
uce-1375	1.000000	
uce-1376	0.926882	
uce-1378	0.892857	
uce-1381	0.913306	
uce-1383	0.971074	
uce-1384	0.956098	
uce-1385	0.876565	
uce-1389	0.846939	
uce-1390	0.916031	
uce-1392	0.819149	
uce-1393	0.933858	
uce-1394	0.931873	
uce-1395	0.954617	
uce-1396	1.000000	
uce-1397	0.898734	
uce-139	0.947541	
uce-1402	0.872137	
uce-1403	0.854200	
uce-1405	0.975871	
uce-1408	0.928662	
uce-1410	0.954198	
uce-1412	0.966238	
uce-1413	0.892550	
uce-1415	0.947368	
uce-1417	0.916388	
uce-1419	0.976839	
uce-1420	0.939314	
uce-1423	0.981429	
uce-1424	0.964948	
uce-1425	0.930988	
uce-1427	0.972789	
uce-142	1.000000	
uce-1430	0.851429	
uce-1434	0.969892	
uce-1435	0.858054	
uce-1438	0.866232	
uce-143	0.988914	
uce-1442	0.973597	
uce-1446	0.894643	
uce-1447	0.977956	
uce-144	0.975570	
uce-1450	0.978456	
uce-1451	0.938931	
uce-1453	0.965560	
uce-1454	0.915007	
uce-1456	0.916901	
uce-1457	0.878968	
uce-1458	0.994764	
uce-1462	0.937097	
uce-1463	0.884980	
uce-1466	0.901685	
uce-1467	0.896104	
uce-1468	0.900810	
uce-1469	0.968276	
uce-146	0.980198	
uce-1470	0.975550	
uce-1471	0.982699	
uce-1474	0.949033	
uce-1476	1.000000	
uce-1477	0.920204	
uce-1478	0.939808	
uce-147	0.858586	
uce-1480	0.937206	
uce-1482	0.936709	
uce-1483	0.961538	
uce-1484	0.963516	
uce-1485	0.848442	
uce-1488	0.919725	
uce-1489	0.914851	
uce-148	0.911111	
uce-1490	0.989848	
uce-1492	0.959479	
uce-1497	0.970899	
uce-1498	0.964835	
uce-1499	0.995789	
uce-149	0.986216	
uce-14	0.985119	
uce-1500	0.940184	
uce-1501	0.962109	
uce-1504	0.942857	
uce-1506	0.900316	
uce-1507	0.891803	
uce-1508	0.991968	
uce-1509	0.835821	
uce-1511	0.892226	
uce-1512	0.961929	
uce-1514	0.943912	
uce-1520	0.938462	
uce-1523	0.962109	
uce-1526	0.926893	
uce-1528	0.894587	
uce-1529	0.978431	
uce-1530	1.000000	
uce-1531	0.922747	
uce-1533	0.907473	
uce-1535	0.966027	
uce-1538	0.961471	
uce-1539	0.858939	
uce-153	0.879442	
uce-1540	0.925641	
uce-1544	0.933518	
uce-1545	0.967489	
uce-1547	0.983713	
uce-154	0.896024	
uce-1550	0.946779	
uce-1552	0.965812	
uce-1555	0.930979	
uce-1556	0.976190	
uce-1558	0.934091	
uce-1560	0.986538	
uce-1561	0.833073	
uce-1562	0.944444	
uce-1563	0.989362	
uce-1564	0.922428	
uce-1565	0.904698	
uce-1566	0.980741	
uce-1568	0.956000	
uce-1569	0.950442	
uce-1570	1.000000	
uce-1572	0.965235	
uce-1573	0.960443	
uce-1576	0.968116	
uce-1579	0.969697	
uce-157	0.933442	
uce-1580	0.931398	
uce-1581	0.901554	
uce-1582	0.940659	
uce-1586	0.957447	
uce-1588	0.990234	
uce-1590	0.969466	
uce-1591	0.970414	
uce-1594	0.896373	
uce-1597	0.915808	
uce-1598	0.942667	
uce-15	0.997085	
uce-1600	0.884368	
uce-1601	1.000000	
uce-1602	0.969231	
uce-1606	0.986745	
uce-1610	1.000000	
uce-1611	0.970588	
uce-1613	0.941964	
uce-1614	0.918919	
uce-1616	0.913115	
uce-1618	0.955513	
uce-161	0.915152	
uce-1621	0.946701	
uce-1622	0.990196	
uce-1624	0.834545	
uce-1625	0.974952	
uce-1629	0.975398	
uce-162	0.926471	
uce-1630	0.961404	
uce-1631	0.901613	
uce-1633	0.966013	
uce-1634	0.938642	
uce-1636	0.930769	
uce-1639	0.956104	
uce-1641	0.964789	
uce-1642	0.954984	
uce-1643	0.995181	
uce-1644	0.954148	
uce-1645	0.910608	
uce-1648	0.933135	
uce-1649	0.900000	
uce-1650	0.946578	
uce-1652	0.944554	
uce-1653	1.000000	
uce-1658	0.936054	
uce-1659	0.818671	
uce-1660	0.970050	
uce-1662	0.961538	
uce-1667	0.952857	
uce-166	0.912000	
uce-1671	0.951505	
uce-1675	0.926108	
uce-1677	0.950887	
uce-1678	0.981084	
uce-1679	0.969643	
uce-1680	0.890728	
uce-1683	0.923437	
uce-1685	0.944444	
uce-1689	0.985423	
uce-1690	0.928155	
uce-1692	0.965940	
uce-1693	0.963446	
uce-1694	0.924242	
uce-1695	0.978903	
uce-1698	0.905000	
uce-169	0.926733	
uce-16	0.986207	
uce-1702	0.885099	
uce-1703	0.923288	
uce-1705	0.890566	
uce-1706	0.925606	
uce-1707	0.959893	
uce-1708	0.868217	
uce-1709	0.917404	
uce-170	0.913505	
uce-1713	0.949454	
uce-1718	0.968864	
uce-1719	0.854569	
uce-171	0.969466	
uce-1722	0.849624	
uce-1723	0.904110	
uce-172	0.923237	
uce-1731	0.842105	
uce-1732	0.958015	
uce-1733	0.917857	
uce-1736	0.942149	
uce-173	0.968116	
uce-1741	0.923168	
uce-1742	0.938127	
uce-1743	0.955665	
uce-1744	0.904206	
uce-1745	0.972835	
uce-1746	0.938507	
uce-1747	0.964981	
uce-1748	0.978873	
uce-1749	0.891540	
uce-1750	0.961756	
uce-1751	0.973810	
uce-1752	0.855319	
uce-1753	0.975359	
uce-1754	1.000000	
uce-1756	0.978659	
uce-1757	0.896797	
uce-1758	0.944934	
uce-1759	0.993750	
uce-175	0.971564	
uce-1762	0.920195	
uce-1763	0.895425	
uce-1765	0.962466	
uce-1766	0.856637	
uce-1767	0.972769	
uce-1768	0.973475	
uce-1769	0.957869	
uce-1770	0.960069	
uce-1774	0.959770	
uce-1775	0.964286	
uce-1776	0.928105	
uce-1777	0.863980	
uce-177	0.965583	
uce-1780	0.903930	
uce-1781	0.953719	
uce-1782	0.835391	
uce-1783	0.959227	
uce-1785	0.974057	
uce-1786	0.962462	
uce-1787	0.966079	
uce-178	0.930754	
uce-1793	0.970021	
uce-1794	0.980922	
uce-1796	0.965839	
uce-1798	0.968439	
uce-17	0.864542	
uce-1800	0.983122	
uce-1802	0.920833	
uce-1804	0.977883	
uce-1805	0.950057	
uce-1806	0.879442	
uce-1808	0.925197	
uce-1809	0.973635	
uce-180	0.927711	
uce-1810	0.602992	
uce-1811	0.965739	
uce-1813	0.948498	
uce-1814	0.970346	
uce-1816	0.928994	
uce-1817	0.992188	
uce-1819	0.967285	
uce-181	0.970501	
uce-1820	0.879496	
uce-1822	0.955117	
uce-1823	0.814953	
uce-1824	0.958882	
uce-1825	0.895151	
uce-1826	0.946429	
uce-1828	0.979911	
uce-182	0.941482	
uce-1830	0.944828	
uce-1832	0.984169	
uce-1835	0.956140	
uce-1836	0.921162	
uce-183	0.923483	
uce-1841	0.962222	
uce-1842	0.898551	
uce-1843	0.931854	
uce-1845	0.920074	
uce-1846	0.976440	
uce-1849	0.987889	
uce-1850	0.982699	
uce-1858	0.862237	
uce-1859	0.942149	
uce-185	0.829596	
uce-1860	0.987069	
uce-1863	0.931900	
uce-1864	0.830320	
uce-1865	0.945347	
uce-1867	0.890977	
uce-1868	0.953271	
uce-1869	0.966555	
uce-186	1.000000	
uce-1873	0.950596	
uce-1875	0.824458	
uce-1877	0.962406	
uce-1878	0.962482	
uce-1879	0.945392	
uce-1880	0.933929	
uce-1884	0.941176	
uce-1886	0.936037	
uce-1888	0.886470	
uce-1889	0.954210	
uce-188	0.791191	
uce-1890	0.951351	
uce-1891	0.961415	
uce-1892	0.785216	
uce-1893	0.869779	
uce-1895	0.941606	
uce-1896	0.884498	
uce-1897	0.973510	
uce-1898	0.929453	
uce-1899	0.984720	
uce-18	0.995272	
uce-1900	0.864368	
uce-1903	0.970370	
uce-1904	0.872079	
uce-1906	0.880862	
uce-1907	0.904040	
uce-1908	0.989619	
uce-1909	0.944862	
uce-190	0.962185	
uce-1910	0.977602	
uce-1911	0.918782	
uce-1912	0.913043	
uce-1913	0.886973	
uce-1914	0.903571	
uce-1915	1.000000	
uce-1917	0.889431	
uce-1918	0.976285	
uce-1919	0.907143	
uce-191	0.959414	
uce-1920	0.908511	
uce-1922	0.936950	
uce-1925	0.994302	
uce-1928	0.907601	
uce-1929	0.989333	
uce-192	0.924561	
uce-1932	0.903226	
uce-1933	0.937500	
uce-1937	0.983213	
uce-1938	0.948276	
uce-1941	0.830882	
uce-1943	0.879421	
uce-1946	0.916981	
uce-1956	0.922039	
uce-195	0.955671	
uce-1960	0.977208	
uce-1961	0.988950	
uce-1963	0.899115	
uce-1964	0.988861	
uce-1965	0.961187	
uce-1966	0.943574	
uce-1967	0.982318	
uce-1969	0.932773	
uce-1970	0.948661	
uce-1971	0.925512	
uce-1972	0.955631	
uce-1976	0.890390	
uce-1977	0.982857	
uce-1979	0.914980	
uce-1980	0.889246	
uce-1981	0.948052	
uce-1982	0.981567	
uce-1983	0.887850	
uce-1985	0.970516	
uce-1986	0.954357	
uce-1988	0.992710	
uce-1989	0.935185	
uce-198	0.877005	
uce-1993	0.920071	
uce-1995	0.835756	
uce-1996	0.959119	
uce-1997	0.947785	
uce-1998	0.989189	
uce-1999	0.955307	
uce-19	0.982507	
uce-2000	0.915123	
uce-2001	0.882222	
uce-2003	0.952778	
uce-2004	0.934844	
uce-2005	0.822993	
uce-2006	0.928184	
uce-2007	0.899471	
uce-2008	0.927928	
uce-2009	0.976351	
uce-200	0.977778	
uce-2010	0.953237	
uce-2012	0.891156	
uce-2013	0.950515	
uce-2014	0.938697	
uce-2016	0.928896	
uce-2018	0.950949	
uce-201	0.944134	
uce-2020	1.000000	
uce-2021	0.831152	
uce-2023	0.957560	
uce-2024	0.892575	
uce-2025	0.920530	
uce-2028	0.936842	
uce-202	0.843558	
uce-2030	0.961883	
uce-2031	0.982275	
uce-2033	0.884457	
uce-2035	0.862319	
uce-2036	0.916031	
uce-2037	0.986175	
uce-2040	0.994852	
uce-2041	0.968815	
uce-2042	0.969174	
uce-2043	0.968839	
uce-2045	0.938900	
uce-2046	1.000000	
uce-2048	0.882550	
uce-2049	0.926948	
uce-204	0.973941	
uce-2051	0.916828	
uce-2054	0.951389	
uce-2055	0.912525	
uce-2057	0.928469	
uce-205	0.959184	
uce-2060	0.975501	
uce-2062	1.000000	
uce-2063	0.980000	
uce-2064	0.865248	
uce-2066	0.967599	
uce-2068	0.931258	
uce-2069	0.900442	
uce-2070	0.929204	
uce-2073	0.878282	
uce-2075	0.906318	
uce-2076	0.970852	
uce-2077	0.743003	
uce-2079	0.968109	
uce-207	0.960490	
uce-2080	0.941935	
uce-2082	0.915374	
uce-2083	0.938808	
uce-2086	0.947443	
uce-2088	0.889098	
uce-2089	0.918083	
uce-208	0.951907	
uce-2090	0.944793	
uce-2092	0.929648	
uce-2094	0.982456	
uce-2096	0.941509	
uce-2099	0.904059	
uce-2100	0.873016	
uce-2102	0.969156	
uce-2103	0.964435	
uce-2104	0.971299	
uce-2108	0.974468	
uce-2109	0.941053	
uce-2111	0.940415	
uce-2112	0.916449	
uce-2113	0.975124	
uce-2114	0.916211	
uce-2116	0.978297	
uce-2118	0.909091	
uce-2119	0.910853	
uce-211	0.856237	
uce-2120	0.940154	
uce-2122	0.979032	
uce-2124	0.982301	
uce-2125	1.000000	
uce-2126	0.830534	
uce-2127	0.966667	
uce-2129	0.923237	
uce-212	0.945792	
uce-2131	0.985095	
uce-2134	0.890667	
uce-2135	0.926063	
uce-2136	0.776025	
uce-2138	0.912752	
uce-213	0.985411	
uce-2140	0.931707	
uce-2142	0.993976	
uce-2145	0.858025	
uce-2146	0.867368	
uce-2147	0.939024	
uce-2149	0.969365	
uce-2151	0.975936	
uce-2152	0.964706	
uce-2154	0.944123	
uce-2155	0.960976	
uce-2156	0.968487	
uce-215	0.879195	
uce-2160	0.884211	
uce-2162	0.903077	
uce-2163	0.934281	
uce-2164	0.971370	
uce-2165	0.865385	
uce-2166	0.942623	
uce-2168	0.821958	
uce-2169	1.000000	
uce-2172	0.914430	
uce-2175	0.905325	
uce-2176	0.979849	
uce-2177	0.827586	
uce-2178	0.898757	
uce-2179	0.950570	
uce-2180	0.950151	
uce-2183	0.912682	
uce-2184	0.898876	
uce-2185	0.965197	
uce-2187	0.845570	
uce-2190	0.891667	
uce-2193	0.962060	
uce-2194	0.919192	
uce-2195	0.955556	
uce-2196	0.904854	
uce-2198	0.885542	
uce-219	0.966011	
uce-2201	0.889597	
uce-2202	0.918860	
uce-2204	0.988235	
uce-2205	0.972696	
uce-2206	0.961759	
uce-2208	0.891566	
uce-2209	0.962162	
uce-220	0.973856	
uce-2211	0.936479	
uce-2212	1.000000	
uce-2213	0.929870	
uce-2217	0.966019	
uce-2219	0.921101	
uce-221	0.965116	
uce-2220	0.900850	
uce-2222	0.912879	
uce-2223	0.913215	
uce-2224	0.931579	
uce-2225	0.789842	
uce-2226	0.714047	
uce-2229	0.694690	
uce-222	0.955247	
uce-2230	0.828859	
uce-2231	0.909449	
uce-2233	0.975871	
uce-2235	0.924350	
uce-2238	0.968491	
uce-2239	0.950515	
uce-223	0.992797	
uce-2243	0.980932	
uce-2245	0.974085	
uce-2246	0.957219	
uce-2247	0.951039	
uce-2248	0.898017	
uce-224	0.860058	
uce-2250	0.932504	
uce-2251	0.806931	
uce-2252	0.936210	
uce-2253	0.841542	
uce-2255	0.916824	
uce-2256	0.935345	
uce-2257	0.959615	
uce-2259	0.947846	
uce-225	0.917044	
uce-2260	0.883544	
uce-2261	0.992141	
uce-2262	0.980100	
uce-2263	0.908840	
uce-2265	0.916667	
uce-2266	0.906028	
uce-2267	0.889706	
uce-2270	0.904000	
uce-2273	0.951128	
uce-2274	0.903226	
uce-2275	0.840206	
uce-2276	0.694915	
uce-2277	0.675410	
uce-2278	0.884112	
uce-2279	0.954003	
uce-227	0.869873	
uce-2282	0.928367	
uce-2283	0.924399	
uce-2284	0.955197	
uce-2287	0.907631	
uce-2288	0.945652	
uce-2289	0.994083	
uce-2291	0.912310	
uce-2293	0.971223	
uce-2294	0.980287	
uce-2296	0.853147	
uce-2297	0.957865	
uce-2298	0.892285	
uce-2299	0.941176	
uce-2302	0.975904	
uce-2303	0.985714	
uce-2306	0.925400	
uce-2308	0.876161	
uce-2309	0.969388	
uce-230	0.935532	
uce-2310	0.934383	
uce-2312	0.908184	
uce-2313	0.863958	
uce-2315	0.982808	
uce-2319	0.938053	
uce-231	0.947309	
uce-2320	0.947514	
uce-2321	0.520755	
uce-2325	0.930314	
uce-2326	0.859431	
uce-2328	0.936170	
uce-232	0.921642	
uce-2331	0.980507	
uce-2334	0.976115	
uce-2335	0.909864	
uce-2336	0.911504	
uce-2338	1.000000	
uce-233	0.964286	
uce-2340	0.947126	
uce-2341	0.955635	
uce-2342	0.917004	
uce-2344	0.854337	
uce-2345	0.983945	
uce-2346	0.960674	
uce-2347	0.911824	
uce-2349	0.850485	
uce-234	0.877429	
uce-2350	0.814714	
uce-2352	0.864528	
uce-2353	0.972689	
uce-2356	0.934028	
uce-2357	0.884298	
uce-2358	0.900929	
uce-235	0.887742	
uce-2361	0.956422	
uce-2365	0.862464	
uce-2366	0.855234	
uce-2367	0.934251	
uce-2369	0.929062	
uce-2370	0.949495	
uce-2371	0.980456	
uce-2372	0.956743	
uce-2376	0.953578	
uce-2377	1.000000	
uce-2378	0.966044	
uce-2379	0.759295	
uce-237	0.961424	
uce-2380	0.837838	
uce-2383	0.950617	
uce-2384	0.873900	
uce-2385	0.902200	
uce-2386	0.899642	
uce-2387	0.904610	
uce-2388	0.990123	
uce-2389	0.967980	
uce-238	0.943662	
uce-2392	0.961696	
uce-2393	0.877104	
uce-2395	0.824762	
uce-2396	0.919403	
uce-2397	0.910470	
uce-2399	0.904930	
uce-239	0.983854	
uce-23	0.984399	
uce-2400	0.862805	
uce-2404	0.974318	
uce-2406	0.823864	
uce-2407	0.968254	
uce-2409	0.837838	
uce-240	0.987080	
uce-2414	0.944297	
uce-2415	0.854054	
uce-2416	0.870098	
uce-2417	0.945693	
uce-2418	0.944112	
uce-2419	0.986301	
uce-241	0.910675	
uce-2421	0.875717	
uce-2422	0.829103	
uce-2423	0.984877	
uce-2427	0.894984	
uce-242	0.925706	
uce-2431	0.921922	
uce-2432	0.967456	
uce-2433	0.985632	
uce-2435	0.940433	
uce-2437	0.925773	
uce-2438	0.841270	
uce-2439	0.905747	
uce-243	0.988743	
uce-2441	0.954442	
uce-2442	0.931034	
uce-2444	0.943452	
uce-2445	0.985994	
uce-2446	0.908940	
uce-2447	0.902985	
uce-2448	0.988950	
uce-2450	0.907975	
uce-2451	0.828496	
uce-2452	0.958237	
uce-2453	0.945545	
uce-2454	0.952756	
uce-2455	0.754072	
uce-2456	0.941667	
uce-2457	0.947541	
uce-2459	0.958478	
uce-245	0.952468	
uce-2461	0.841542	
uce-2462	0.808511	
uce-2464	0.932107	
uce-2465	0.948347	
uce-2466	0.966443	
uce-2468	0.863014	
uce-2469	0.801170	
uce-246	0.935802	
uce-2471	0.794020	
uce-2472	0.884007	
uce-2474	0.891429	
uce-2475	0.915254	
uce-2476	0.953177	
uce-2478	0.857645	
uce-2480	0.813953	
uce-2482	0.985981	
uce-2485	0.810277	
uce-2486	0.815443	
uce-2487	0.866913	
uce-2488	0.865320	
uce-2489	0.927619	
uce-248	0.948598	
uce-2498	0.879487	
uce-249	0.983539	
uce-24	0.931544	
uce-2502	0.980456	
uce-2503	0.910550	
uce-2504	0.822981	
uce-2505	0.923836	
uce-2506	0.957105	
uce-2507	0.881905	
uce-2508	1.000000	
uce-2509	0.975186	
uce-2510	0.949339	
uce-2511	0.934174	
uce-2512	0.975124	
uce-2514	0.961538	
uce-2515	0.937500	
uce-2516	0.979920	
uce-2517	0.880734	
uce-251	0.969365	
uce-2521	0.852575	
uce-2522	0.847692	
uce-2525	0.990868	
uce-2526	0.947200	
uce-2529	0.855918	
uce-252	0.968811	
uce-2531	0.934732	
uce-2533	0.954819	
uce-2534	0.886889	
uce-2537	0.898279	
uce-2538	1.000000	
uce-2539	0.919697	
uce-253	0.964413	
uce-2540	0.883117	
uce-2541	0.912134	
uce-2544	0.939929	
uce-2545	0.964861	
uce-2546	0.954639	
uce-254	0.928819	
uce-2550	0.928571	
uce-2551	0.893182	
uce-2552	0.940260	
uce-2553	0.979066	
uce-2558	0.864035	
uce-2559	0.927954	
uce-255	0.908345	
uce-2560	0.929245	
uce-2561	0.931990	
uce-2563	0.990323	
uce-2564	0.847222	
uce-2565	0.962217	
uce-2566	0.825279	
uce-2569	0.727536	
uce-256	0.969178	
uce-2572	0.957647	
uce-2573	0.958042	
uce-2574	0.943223	
uce-2575	0.863753	
uce-2576	0.818182	
uce-2577	0.984615	
uce-2579	0.895238	
uce-257	0.842262	
uce-2582	0.905530	
uce-2585	0.942342	
uce-2586	0.925180	
uce-2587	1.000000	
uce-2589	0.881696	
uce-258	0.955006	
uce-2591	0.957672	
uce-2592	0.987368	
uce-2594	0.839161	
uce-2595	0.872404	
uce-2596	0.958991	
uce-2598	0.934051	
uce-2599	0.928412	
uce-25	0.959032	
uce-2600	0.971168	
uce-2605	0.915464	
uce-2609	0.865443	
uce-260	0.942197	
uce-2611	0.980655	
uce-2612	0.923868	
uce-2613	0.980226	
uce-2614	0.866388	
uce-2616	0.965421	
uce-2618	0.853960	
uce-2619	0.862411	
uce-261	0.967128	
uce-2620	0.914966	
uce-2621	0.864078	
uce-2623	0.895582	
uce-2625	0.915873	
uce-2628	0.861765	
uce-2637	0.890090	
uce-2638	0.900787	
uce-2639	0.910230	
uce-263	0.947368	
uce-2642	0.928571	
uce-2645	0.926027	
uce-2646	0.971875	
uce-2647	0.964561	
uce-2648	0.944316	
uce-264	0.889353	
uce-2651	0.935766	
uce-2655	0.889831	
uce-2656	0.949511	
uce-2657	0.992366	
uce-2658	0.893720	
uce-2662	0.939560	
uce-2665	0.974315	
uce-2667	0.976667	
uce-2668	0.862069	
uce-266	0.927729	
uce-2670	0.938710	
uce-2671	0.901709	
uce-2674	0.964856	
uce-2676	0.868627	
uce-2677	0.958763	
uce-2678	0.878583	
uce-2680	0.868421	
uce-2681	0.976331	
uce-2682	0.939828	
uce-2684	0.887531	
uce-2687	0.912424	
uce-2688	0.928270	
uce-2689	0.972281	
uce-268	0.889561	
uce-2690	0.928455	
uce-2693	0.870027	
uce-2694	0.911302	
uce-2697	0.935268	
uce-2698	0.964052	
uce-2699	0.924710	
uce-269	0.959459	
uce-2700	0.811808	
uce-2703	NA	
uce-2704	0.919380	
uce-2707	0.942029	
uce-2708	0.979123	
uce-2710	0.811856	
uce-2713	0.885650	
uce-2714	0.907666	
uce-2715	0.934307	
uce-2716	0.943327	
uce-2718	0.832203	
uce-2719	0.942505	
uce-2728	0.868657	
uce-2729	0.745205	
uce-2731	NA	
uce-2732	0.904173	
uce-2733	0.819444	
uce-2734	0.710526	
uce-2735	0.900369	
uce-2736	0.942130	
uce-2739	0.832734	
uce-273	0.929461	
uce-2740	0.992157	
uce-2742	0.849057	
uce-2745	0.879371	
uce-2746	0.864078	
uce-2748	0.886905	
uce-274	0.936842	
uce-2752	0.991667	
uce-2753	0.801242	
uce-2754	0.969697	
uce-2755	0.920434	
uce-2757	0.932099	
uce-2758	0.979852	
uce-2762	0.968566	
uce-2763	0.922353	
uce-2765	0.872180	
uce-2766	0.868571	
uce-2767	0.948052	
uce-2768	0.870536	
uce-2769	0.955182	
uce-276	0.964706	
uce-2770	0.927342	
uce-2771	0.955385	
uce-2772	0.884514	
uce-2773	0.932119	
uce-2774	0.956000	
uce-2775	0.800363	
uce-2777	0.928401	
uce-2778	0.816770	
uce-277	0.963768	
uce-2780	0.856611	
uce-2781	0.892019	
uce-2782	0.901768	
uce-2784	0.976019	
uce-2785	0.910603	
uce-2788	0.941090	
uce-2789	0.898551	
uce-278	0.953488	
uce-2790	0.829832	
uce-2794	0.891304	
uce-2795	0.946903	
uce-2796	0.952066	
uce-2797	0.983819	
uce-279	0.890667	
uce-27	0.918969	
uce-2800	0.892922	
uce-2801	0.940828	
uce-2802	0.969499	
uce-2803	0.945205	
uce-2809	0.948960	
uce-280	0.940532	
uce-2810	0.886866	
uce-2811	0.952183	
uce-2812	0.869725	
uce-2814	0.963255	
uce-2816	0.909853	
uce-2817	0.973988	
uce-2818	0.926136	
uce-2821	0.865942	
uce-2823	0.935543	
uce-2825	0.944079	
uce-2827	0.988372	
uce-2828	0.921474	
uce-2831	0.851765	
uce-2833	0.801242	
uce-2834	0.910891	
uce-2835	0.924812	
uce-2837	0.870775	
uce-2839	0.941406	
uce-2840	0.907489	
uce-2841	0.958409	
uce-2842	0.888128	
uce-2843	0.925000	
uce-2844	0.846287	
uce-2846	NA	
uce-2847	0.941834	
uce-2848	0.952830	
uce-2849	0.879684	
uce-2851	0.924528	
uce-2853	0.902439	
uce-2856	0.944518	
uce-2857	0.817204	
uce-2858	0.767974	
uce-285	NA	
uce-2860	0.912568	
uce-2861	0.970588	
uce-2864	0.666151	
uce-2865	0.986989	
uce-2866	0.955466	
uce-2868	0.967742	
uce-2869	0.944238	
uce-286	0.927711	
uce-2870	0.970660	
uce-2874	0.967033	
uce-2875	0.889720	
uce-2877	0.863698	
uce-2878	0.919380	
uce-2879	0.866126	
uce-287	0.975232	
uce-2886	0.964912	
uce-2887	0.959528	
uce-2888	0.945183	
uce-2889	0.929701	
uce-288	0.851906	
uce-2890	0.962963	
uce-2892	0.948187	
uce-2893	0.881188	
uce-2895	0.852332	
uce-2896	0.859494	
uce-2897	0.901893	
uce-2899	0.954902	
uce-2901	0.907468	
uce-2903	0.913399	
uce-2905	0.868750	
uce-2907	0.823171	
uce-2908	0.863753	
uce-2909	0.957447	
uce-290	0.921456	
uce-2910	0.954918	
uce-2911	0.995381	
uce-2915	0.928926	
uce-2917	0.813528	
uce-291	0.975000	
uce-2920	0.847518	
uce-2921	0.937063	
uce-2922	0.987879	
uce-2923	0.980040	
uce-2924	0.905512	
uce-2925	0.925319	
uce-2926	0.919861	
uce-2927	0.873984	
uce-2928	0.811816	
uce-292	0.930142	
uce-2930	1.000000	
uce-2932	NA	
uce-2933	0.978610	
uce-2936	0.976261	
uce-2937	0.927195	
uce-2938	0.895833	
uce-2939	0.929545	
uce-2940	0.982609	
uce-2941	0.869888	
uce-2943	0.851441	
uce-294	0.984314	
uce-2952	0.880907	
uce-2953	0.935578	
uce-2954	0.845501	
uce-2955	0.990506	
uce-2958	0.809836	
uce-2959	0.862295	
uce-2962	0.853403	
uce-2963	0.924855	
uce-2964	1.000000	
uce-2965	0.943953	
uce-2966	0.808194	
uce-2968	0.763466	
uce-2969	0.822047	
uce-2971	0.979239	
uce-2973	0.965657	
uce-2975	0.923483	
uce-2976	1.000000	
uce-2978	0.898420	
uce-297	0.975078	
uce-2980	0.961140	
uce-2981	0.938356	
uce-2982	0.877193	
uce-2987	0.833777	
uce-298	0.988608	
uce-2991	0.930470	
uce-2992	0.912451	
uce-2994	0.990698	
uce-2995	0.820000	
uce-2997	0.942184	
uce-2998	0.986418	
uce-2999	0.989451	
uce-299	0.944611	
uce-29	0.978102	
uce-2	0.965870	
uce-3000	0.761404	
uce-3003	0.822086	
uce-3004	0.893939	
uce-3007	0.827014	
uce-3008	0.971242	
uce-3009	0.872861	
uce-300	0.909427	
uce-3010	0.911712	
uce-3011	0.950266	
uce-3013	0.958159	
uce-3014	0.902755	
uce-3016	0.923434	
uce-3018	0.895487	
uce-301	0.968354	
uce-3020	0.974265	
uce-3024	0.977273	
uce-3025	0.910973	
uce-3026	0.893382	
uce-3027	0.990625	
uce-3028	0.907240	
uce-3030	0.915033	
uce-3031	0.874618	
uce-3032	0.968037	
uce-3033	0.934605	
uce-3036	0.802974	
uce-3038	0.822917	
uce-3039	0.760518	
uce-3043	0.982935	
uce-3046	0.949315	
uce-3049	0.935728	
uce-3050	0.951724	
uce-3051	0.903704	
uce-3053	0.927052	
uce-3054	0.924812	
uce-3055	0.944369	
uce-3057	0.836893	
uce-3058	0.932927	
uce-3059	0.856678	
uce-305	0.971204	
uce-3060	0.930556	
uce-3061	0.860870	
uce-3062	0.896476	
uce-3065	0.939655	
uce-3067	0.960373	
uce-3068	0.917391	
uce-3069	0.766949	
uce-3070	0.927505	
uce-3071	0.850000	
uce-3073	0.855124	
uce-3074	0.969743	
uce-3075	0.956284	
uce-3077	0.912434	
uce-3078	0.881557	
uce-3079	0.966443	
uce-3081	0.905132	
uce-3082	0.975069	
uce-3083	0.943052	
uce-3084	0.910078	
uce-3085	0.953668	
uce-3086	0.846890	
uce-3089	0.959239	
uce-308	0.951220	
uce-3092	0.958261	
uce-3093	0.937500	
uce-3095	0.952234	
uce-3096	0.898990	
uce-3097	0.954849	
uce-3099	0.922581	
uce-309	0.936663	
uce-3100	0.930754	
uce-3101	NA	
uce-3104	0.938069	
uce-3105	0.837313	
uce-3106	0.805439	
uce-3109	0.980854	
uce-3110	0.966732	
uce-3111	0.961415	
uce-3113	0.950530	
uce-3114	0.942544	
uce-3115	0.882514	
uce-3116	0.878136	
uce-3117	0.935065	
uce-3121	0.700348	
uce-3122	0.950847	
uce-3124	0.926829	
uce-3126	0.928571	
uce-3129	0.973646	
uce-3130	0.937778	
uce-3131	0.942408	
uce-3134	0.944330	
uce-3135	0.975610	
uce-3137	0.907869	
uce-3138	0.836323	
uce-3139	0.939394	
uce-3140	0.980066	
uce-3141	0.981383	
uce-314	0.985075	
uce-3150	0.819672	
uce-3153	0.980296	
uce-3154	0.932280	
uce-3156	0.938628	
uce-3157	0.809322	
uce-3158	0.978723	
uce-3159	0.975560	
uce-315	0.934560	
uce-3160	0.825421	
uce-3161	0.887006	
uce-3163	0.721106	
uce-3166	0.986842	
uce-3167	0.909814	
uce-3170	0.894366	
uce-3174	0.831633	
uce-3175	0.930233	
uce-3177	0.956250	
uce-3178	0.925214	
uce-3179	0.949627	
uce-317	0.975138	
uce-3180	0.955603	
uce-3181	0.917379	
uce-3183	0.893939	
uce-3184	0.896175	
uce-3185	0.941781	
uce-3186	0.895377	
uce-3187	0.979592	
uce-3188	0.948012	
uce-3189	1.000000	
uce-318	0.961810	
uce-3191	0.919831	
uce-3193	0.841017	
uce-3196	0.917323	
uce-3199	0.898601	
uce-319	0.895204	
uce-3200	0.961014	
uce-3202	0.920110	
uce-3208	0.965699	
uce-320	0.981959	
uce-3211	0.995098	
uce-3212	0.738764	
uce-3213	0.968153	
uce-3214	0.848101	
uce-3215	0.794271	
uce-3217	0.861925	
uce-3219	0.785211	
uce-3222	0.849840	
uce-3223	0.952652	
uce-3224	1.000000	
uce-3225	0.895349	
uce-3227	0.905242	
uce-3228	0.891892	
uce-322	0.949672	
uce-3231	0.920680	
uce-3233	0.942418	
uce-3234	0.964286	
uce-3235	0.788235	
uce-3237	1.000000	
uce-3238	0.944272	
uce-3239	0.981481	
uce-323	0.955631	
uce-3241	0.844037	
uce-3242	0.921569	
uce-3243	0.936842	
uce-3244	0.958763	
uce-3246	0.882943	
uce-3247	0.952891	
uce-3248	0.837349	
uce-3249	0.850340	
uce-3251	1.000000	
uce-3252	0.958333	
uce-3257	0.902135	
uce-3258	0.905660	
uce-3259	0.841300	
uce-325	0.981187	
uce-3260	0.933333	
uce-3262	NA	
uce-3263	0.925764	
uce-3264	0.907591	
uce-3265	0.986159	
uce-3267	0.866928	
uce-326	0.964048	
uce-3273	0.911628	
uce-3274	0.888889	
uce-3276	0.849858	
uce-3277	0.975884	
uce-3279	0.950324	
uce-327	0.868941	
uce-3280	0.921635	
uce-3281	0.876404	
uce-3282	0.962598	
uce-3284	0.913253	
uce-3287	0.907648	
uce-3290	0.925676	
uce-3291	0.994220	
uce-3294	0.944144	
uce-3297	0.932367	
uce-3300	0.812977	
uce-3302	1.000000	
uce-3303	0.914077	
uce-3304	0.750000	
uce-3306	0.954955	
uce-3307	0.906511	
uce-3308	0.970588	
uce-3309	0.861386	
uce-330	0.956026	
uce-3310	0.971989	
uce-3312	0.910420	
uce-3313	0.924000	
uce-3314	0.883772	
uce-3316	0.862442	
uce-3317	0.971993	
uce-3318	0.975236	
uce-3319	0.873853	
uce-3320	0.938525	
uce-3322	0.939189	
uce-3323	0.907104	
uce-3324	0.964497	
uce-3326	0.888258	
uce-3327	0.874552	
uce-3329	0.966667	
uce-3330	0.876676	
uce-3331	0.929487	
uce-3332	0.806154	
uce-3333	0.885922	
uce-3334	0.938190	
uce-3335	0.869792	
uce-3336	0.950549	
uce-3337	0.942211	
uce-3338	0.938038	
uce-333	0.882948	
uce-3340	0.844398	
uce-3341	0.896285	
uce-3345	0.915966	
uce-3346	0.966140	
uce-3348	0.834550	
uce-3349	0.980609	
uce-334	0.989086	
uce-3350	0.905045	
uce-3352	0.992701	
uce-3353	0.904959	
uce-3354	0.952000	
uce-3355	0.903166	
uce-3356	0.942337	
uce-3358	0.868571	
uce-3359	0.906154	
uce-335	0.882122	
uce-3360	0.841683	
uce-3361	0.930672	
uce-3363	0.953935	
uce-3366	0.955607	
uce-3368	0.870748	
uce-3369	0.959233	
uce-336	0.957547	
uce-3371	0.908180	
uce-3373	0.933858	
uce-3376	0.904600	
uce-3377	0.971939	
uce-3378	0.828947	
uce-3379	1.000000	
uce-337	0.971698	
uce-3380	0.841912	
uce-3383	0.985075	
uce-3384	0.922559	
uce-3387	0.885417	
uce-338	0.936975	
uce-3392	0.847145	
uce-3394	0.951493	
uce-3398	0.878860	
uce-33	0.970032	
uce-3400	0.953968	
uce-3402	0.902609	
uce-3406	0.985401	
uce-3407	0.874539	
uce-3410	0.889474	
uce-3412	0.944708	
uce-3416	0.951760	
uce-3417	0.916854	
uce-3419	0.918469	
uce-3420	0.891813	
uce-3421	0.934726	
uce-3422	0.961039	
uce-3423	0.922693	
uce-3425	0.981869	
uce-3426	0.993103	
uce-3427	0.983129	
uce-3429	0.970149	
uce-342	0.984743	
uce-3430	0.828810	
uce-3432	0.919840	
uce-3434	0.974227	
uce-3436	0.931260	
uce-3439	0.887205	
uce-343	0.980803	
uce-3440	0.841975	
uce-3441	0.855228	
uce-3442	0.933066	
uce-3443	0.914449	
uce-3444	0.947475	
uce-3445	0.865530	
uce-3446	0.913978	
uce-3448	0.886792	
uce-3449	0.938303	
uce-344	0.979167	
uce-3451	0.874725	
uce-3452	0.959677	
uce-3454	0.891960	
uce-3455	0.862411	
uce-3456	0.893258	
uce-345	0.983573	
uce-3462	0.966480	
uce-3463	0.913319	
uce-3465	0.935310	
uce-3466	0.955414	
uce-3468	0.919275	
uce-3469	0.935818	
uce-346	0.925926	
uce-3470	0.846797	
uce-3471	0.918877	
uce-3473	0.961612	
uce-3475	0.935018	
uce-3476	0.988180	
uce-3479	0.907692	
uce-347	0.940281	
uce-3481	0.895652	
uce-3482	0.956522	
uce-3483	0.749469	
uce-3484	0.964876	
uce-3486	0.951435	
uce-3487	0.950935	
uce-3488	0.931298	
uce-348	0.985401	
uce-3490	0.789969	
uce-3492	0.988484	
uce-3493	0.938462	
uce-3494	0.830049	
uce-3497	0.875289	
uce-3499	0.973761	
uce-34	0.962594	
uce-3500	0.935484	
uce-3501	0.932432	
uce-3503	0.953437	
uce-3504	0.974315	
uce-3505	0.825243	
uce-350	0.930398	
uce-3512	0.899743	
uce-3514	0.909582	
uce-3515	0.901210	
uce-3516	0.938356	
uce-3517	1.000000	
uce-351	0.964029	
uce-3520	0.935652	
uce-3526	0.911197	
uce-3527	0.865583	
uce-3528	0.922401	
uce-3529	0.867188	
uce-352	0.851852	
uce-3530	0.947664	
uce-3531	0.796460	
uce-3532	0.880000	
uce-3533	0.897004	
uce-3535	0.908356	
uce-3538	0.895137	
uce-3539	0.890392	
uce-353	0.953216	
uce-3540	0.925373	
uce-3541	0.962109	
uce-3542	0.981595	
uce-3543	0.969571	
uce-3546	0.944724	
uce-3547	0.987552	
uce-3549	0.941026	
uce-3550	0.915730	
uce-3551	0.885856	
uce-3554	0.762745	
uce-3555	0.969369	
uce-3557	0.855292	
uce-3558	0.906627	
uce-3560	0.904884	
uce-3561	0.987179	
uce-3564	0.818359	
uce-3567	0.878296	
uce-3568	0.897820	
uce-3569	0.942928	
uce-3570	0.792537	
uce-3571	1.000000	
uce-3573	0.917508	
uce-3575	0.868771	
uce-357	0.867572	
uce-3580	0.745399	
uce-3581	0.971391	
uce-3582	0.960563	
uce-3583	0.941292	
uce-3584	0.897098	
uce-3585	0.965591	
uce-3586	0.931694	
uce-3587	0.888199	
uce-3588	0.939086	
uce-3589	0.871166	
uce-358	0.950000	
uce-3591	0.767442	
uce-3592	0.879167	
uce-3595	0.899061	
uce-3596	0.944664	
uce-3597	0.823656	
uce-3600	0.965517	
uce-3601	0.908964	
uce-3602	0.961360	
uce-3603	0.858586	
uce-3604	0.907121	
uce-3605	0.947598	
uce-3606	0.854317	
uce-3607	0.952303	
uce-3609	0.939326	
uce-360	0.901515	
uce-3610	0.927632	
uce-3613	0.944000	
uce-3614	0.990354	
uce-3616	0.995037	
uce-3619	0.937143	
uce-3622	0.897623	
uce-3623	0.933775	
uce-3625	0.891765	
uce-3627	0.940000	
uce-3628	0.945355	
uce-3629	0.944591	
uce-362	0.955932	
uce-3630	0.879699	
uce-3631	0.921801	
uce-3632	0.898438	
uce-3633	0.883392	
uce-3636	0.823009	
uce-3637	0.935829	
uce-3638	0.981964	
uce-3640	0.892962	
uce-3642	0.921053	
uce-3644	0.851266	
uce-3646	0.761494	
uce-3647	0.934625	
uce-3648	0.945283	
uce-3650	0.936620	
uce-3651	0.989276	
uce-3652	0.904959	
uce-3654	0.855263	
uce-3655	0.870283	
uce-3656	0.924020	
uce-3657	0.672414	
uce-3658	0.897603	
uce-3659	0.961957	
uce-365	0.940945	
uce-3660	0.894737	
uce-3661	0.938424	
uce-3662	0.847341	
uce-3664	0.793907	
uce-3666	0.916139	
uce-3667	0.964602	
uce-3668	0.985197	
uce-3669	0.965909	
uce-366	0.936556	
uce-3670	0.936111	
uce-3671	0.950843	
uce-3674	0.942105	
uce-3675	0.792829	
uce-3676	0.961905	
uce-3678	0.967078	
uce-367	0.949731	
uce-3680	0.870270	
uce-3681	0.929224	
uce-3682	0.917714	
uce-3683	0.906593	
uce-3687	0.962121	
uce-3688	0.967811	
uce-3689	0.907718	
uce-368	0.860034	
uce-3692	0.952381	
uce-3693	0.992167	
uce-3694	0.933962	
uce-3695	0.865342	
uce-3696	0.946708	
uce-3697	0.935282	
uce-3698	0.874092	
uce-3699	0.876768	
uce-36	0.970588	
uce-3701	0.949886	
uce-3702	0.944356	
uce-3703	0.864807	
uce-3704	0.734021	
uce-3707	0.879650	
uce-3709	0.800745	
uce-370	0.977456	
uce-3711	0.889313	
uce-3713	0.947994	
uce-3714	0.947977	
uce-3715	0.900826	
uce-3716	0.960993	
uce-3718	0.952247	
uce-371	1.000000	
uce-3720	0.948640	
uce-3722	0.943005	
uce-3723	0.906250	
uce-3724	0.981387	
uce-3725	0.950769	
uce-3728	0.767624	
uce-372	0.932174	
uce-3730	0.968064	
uce-3731	0.929314	
uce-3733	0.875346	
uce-3734	0.888179	
uce-3736	0.851711	
uce-3738	0.910256	
uce-373	0.944984	
uce-3740	0.930493	
uce-3741	0.888889	
uce-3742	0.973970	
uce-3743	0.932806	
uce-3744	0.941667	
uce-3746	1.000000	
uce-3747	NA	
uce-374	0.844854	
uce-3750	0.978947	
uce-3752	0.887828	
uce-3755	0.881543	
uce-3757	0.873926	
uce-3758	0.954861	
uce-3759	0.955257	
uce-3761	0.955032	
uce-3762	0.807163	
uce-3764	0.860759	
uce-3765	0.975155	
uce-3767	0.923944	
uce-3770	0.852227	
uce-3771	0.980122	
uce-3772	0.858012	
uce-3774	0.902486	
uce-3776	0.963585	
uce-3777	0.862745	
uce-3778	0.950437	
uce-377	0.959184	
uce-3783	0.983133	
uce-3785	0.944625	
uce-3786	0.942643	
uce-3788	0.905482	
uce-3789	0.963380	
uce-378	0.986154	
uce-3790	0.969055	
uce-3792	0.945493	
uce-3793	0.942029	
uce-3795	0.927083	
uce-3797	0.915401	
uce-3798	0.881119	
uce-3799	0.940133	
uce-3801	1.000000	
uce-3804	0.964706	
uce-3806	0.957983	
uce-3807	NA	
uce-3808	0.843230	
uce-380	0.968944	
uce-3810	0.981333	
uce-3811	0.934701	
uce-3812	0.922018	
uce-3813	0.961995	
uce-3814	0.881402	
uce-3815	0.875776	
uce-3817	0.981481	
uce-381	0.967085	
uce-3821	0.945824	
uce-3823	0.878740	
uce-3824	0.967153	
uce-3825	1.000000	
uce-3826	0.848485	
uce-3828	0.941176	
uce-3830	0.973523	
uce-3831	0.890269	
uce-3835	0.895522	
uce-3836	0.887665	
uce-3837	0.990000	
uce-383	NA	
uce-3842	0.852941	
uce-3843	0.886957	
uce-3845	1.000000	
uce-3847	0.962877	
uce-3849	0.870130	
uce-3850	0.977193	
uce-3851	0.920596	
uce-3852	0.981092	
uce-3853	0.990991	
uce-3854	0.799363	
uce-3856	NA	
uce-3857	0.923077	
uce-3859	0.934959	
uce-385	0.939683	
uce-3860	0.854077	
uce-3861	0.866667	
uce-3862	0.918406	
uce-3863	0.886199	
uce-3864	0.949333	
uce-3870	0.921700	
uce-3871	0.902857	
uce-3873	0.925996	
uce-3874	0.870000	
uce-3879	0.932660	
uce-3882	0.915323	
uce-3884	0.931579	
uce-3887	0.884422	
uce-388	0.975194	
uce-3890	0.912602	
uce-3891	0.982270	
uce-3892	0.927083	
uce-3893	0.964158	
uce-3894	0.921397	
uce-3895	0.963680	
uce-3896	0.868421	
uce-3897	0.833333	
uce-389	0.964286	
uce-38	0.884921	
uce-3900	0.883721	
uce-3901	0.896730	
uce-3902	0.990291	
uce-3903	0.959786	
uce-3905	0.948905	
uce-3906	0.874763	
uce-3907	0.859431	
uce-3909	1.000000	
uce-390	0.974003	
uce-3910	0.918660	
uce-3911	0.912480	
uce-3912	0.841837	
uce-3913	0.990588	
uce-3914	0.800821	
uce-3915	0.901266	
uce-3917	0.957090	
uce-3918	0.889717	
uce-3919	NA	
uce-3922	0.932790	
uce-3924	0.601881	
uce-3926	0.949008	
uce-3927	0.907821	
uce-3929	NA	
uce-392	0.945783	
uce-3930	0.913717	
uce-3931	0.874296	
uce-3932	0.949033	
uce-3933	0.927681	
uce-3934	0.997230	
uce-3936	0.891641	
uce-3937	0.848726	
uce-3938	0.976987	
uce-3939	0.887640	
uce-393	0.987097	
uce-3940	0.985437	
uce-3942	0.910486	
uce-3943	0.698997	
uce-3945	0.972093	
uce-394	0.939948	
uce-3950	0.946629	
uce-3957	0.917790	
uce-3958	0.969762	
uce-3959	0.923469	
uce-395	1.000000	
uce-3964	0.968481	
uce-3965	0.871359	
uce-3966	0.903766	
uce-3967	0.815476	
uce-3968	0.938998	
uce-3969	0.898048	
uce-396	0.871011	
uce-3970	0.669307	
uce-3973	0.910714	
uce-3975	0.960000	
uce-3976	0.865306	
uce-3978	0.950893	
uce-3981	0.986014	
uce-3982	0.969555	
uce-3984	0.915698	
uce-3987	0.975728	
uce-3988	0.924797	
uce-3989	0.901235	
uce-398	0.963722	
uce-3990	0.753982	
uce-3991	0.957854	
uce-3992	0.943005	
uce-3994	0.943715	
uce-3995	0.933628	
uce-3997	0.852097	
uce-3998	0.937107	
uce-3999	0.975000	
uce-39	0.875921	
uce-3	0.978571	
uce-4000	0.900442	
uce-4001	0.969355	
uce-4003	0.984802	
uce-4004	0.873626	
uce-4005	0.935811	
uce-4007	0.941304	
uce-4008	0.921502	
uce-4009	0.819945	
uce-400	0.995249	
uce-4010	0.956607	
uce-4011	0.937360	
uce-4012	0.944134	
uce-4013	0.952077	
uce-4014	0.996047	
uce-4018	0.806142	
uce-401	0.972644	
uce-4020	0.909516	
uce-4021	0.931429	
uce-4022	0.802353	
uce-4023	0.973881	
uce-4024	0.823308	
uce-4025	0.952381	
uce-4026	0.930926	
uce-4027	0.887097	
uce-4028	0.935976	
uce-4033	0.980488	
uce-4035	0.957655	
uce-4036	0.792920	
uce-4038	0.931129	
uce-4039	0.843434	
uce-4042	0.959184	
uce-4044	0.994792	
uce-4045	0.832278	
uce-4046	0.903592	
uce-4049	0.941406	
uce-404	0.981164	
uce-4050	0.959821	
uce-4051	0.930586	
uce-4061	0.761996	
uce-4063	0.945578	
uce-4066	0.927405	
uce-4067	0.899010	
uce-4068	0.968958	
uce-4069	0.932065	
uce-406	0.888689	
uce-4071	0.942164	
uce-4072	0.954802	
uce-4075	0.873303	
uce-4076	0.990654	
uce-4077	0.900826	
uce-4078	0.990164	
uce-4079	0.918963	
uce-4080	0.959854	
uce-4081	0.856467	
uce-4082	0.791071	
uce-4086	0.896499	
uce-4088	0.927978	
uce-4089	0.892720	
uce-408	0.989189	
uce-4090	0.909739	
uce-4091	0.927911	
uce-4094	0.854098	
uce-4095	0.891566	
uce-4096	0.955882	
uce-4097	0.830189	
uce-4099	0.932409	
uce-4101	0.924779	
uce-4102	0.814754	
uce-4106	0.864315	
uce-4107	0.934505	
uce-4110	0.851111	
uce-4111	0.930851	
uce-4113	0.781056	
uce-4114	0.967181	
uce-4115	0.929670	
uce-4116	0.943517	
uce-4117	0.884984	
uce-4118	0.847973	
uce-4119	0.946429	
uce-411	0.956259	
uce-4121	0.962617	
uce-4122	0.876106	
uce-4124	0.896552	
uce-4128	0.909722	
uce-412	0.955007	
uce-4131	0.955331	
uce-4132	0.767824	
uce-4133	0.952278	
uce-4135	0.724444	
uce-4136	0.941075	
uce-413	0.914237	
uce-4140	0.928144	
uce-4141	0.882979	
uce-4143	0.937778	
uce-4146	0.878788	
uce-4147	0.954225	
uce-4151	0.918831	
uce-4154	0.914430	
uce-4155	0.960674	
uce-4157	0.908397	
uce-4159	0.995019	
uce-415	0.868421	
uce-4160	0.976019	
uce-4161	0.964481	
uce-4166	0.939394	
uce-4167	0.930435	
uce-4169	0.887500	
uce-416	0.958466	
uce-4170	0.867213	
uce-4171	1.000000	
uce-4172	0.939314	
uce-4173	0.974194	
uce-4174	0.763006	
uce-4175	0.877990	
uce-4176	0.892308	
uce-4178	0.957447	
uce-4179	0.883784	
uce-417	0.909753	
uce-4180	0.892241	
uce-4181	0.926004	
uce-4183	0.987234	
uce-4184	0.873085	
uce-4187	0.946602	
uce-4189	0.982353	
uce-418	0.976829	
uce-4190	0.951128	
uce-4192	0.982833	
uce-4195	0.965732	
uce-4198	0.909548	
uce-4199	0.898246	
uce-419	0.894397	
uce-41	0.980477	
uce-4200	0.926148	
uce-4201	0.915187	
uce-4202	0.917957	
uce-4205	0.839056	
uce-4206	0.903704	
uce-4207	0.944356	
uce-4208	0.936782	
uce-420	0.961708	
uce-4210	NA	
uce-4211	0.959227	
uce-4212	0.787879	
uce-4215	0.985689	
uce-4216	0.965257	
uce-4217	0.919517	
uce-421	0.869281	
uce-4220	0.987261	
uce-4222	0.945412	
uce-4223	0.903759	
uce-4224	0.908654	
uce-4225	1.000000	
uce-4227	0.897959	
uce-422	NA	
uce-4231	0.919499	
uce-4232	0.942373	
uce-4234	0.996337	
uce-4236	1.000000	
uce-4237	0.990476	
uce-4238	0.940663	
uce-4248	0.875556	
uce-4249	0.970540	
uce-424	0.900369	
uce-4250	0.960644	
uce-4254	0.913333	
uce-4256	0.906170	
uce-4258	0.912807	
uce-4259	0.955513	
uce-4261	0.807910	
uce-4263	0.813472	
uce-4264	0.937313	
uce-4265	0.923414	
uce-4267	0.844622	
uce-426	0.953566	
uce-4274	0.929273	
uce-4278	0.959410	
uce-4279	0.936416	
uce-4280	0.952569	
uce-4284	0.980216	
uce-4285	0.953586	
uce-4286	0.929276	
uce-4287	0.935811	
uce-4289	0.960552	
uce-4292	0.926587	
uce-4293	0.940666	
uce-4294	0.903052	
uce-4295	0.892694	
uce-42	0.922185	
uce-4300	0.988950	
uce-4301	0.982222	
uce-4302	0.949438	
uce-4303	0.948136	
uce-4304	0.920583	
uce-4305	0.940631	
uce-4308	0.901442	
uce-4309	0.847926	
uce-430	0.943026	
uce-4310	0.994751	
uce-4311	0.842382	
uce-4312	0.967742	
uce-4313	NA	
uce-4314	0.858407	
uce-4315	0.957143	
uce-4316	0.862069	
uce-4317	0.905263	
uce-4318	0.920388	
uce-431	0.843621	
uce-4320	0.905109	
uce-4323	0.988571	
uce-4324	0.751295	
uce-4325	0.901266	
uce-4327	0.877778	
uce-432	0.924837	
uce-4330	0.959227	
uce-4332	0.898305	
uce-4334	0.967905	
uce-4335	0.895093	
uce-4336	0.989691	
uce-4337	0.865613	
uce-4338	0.919298	
uce-4339	0.818777	
uce-4342	0.954774	
uce-4343	0.891827	
uce-4344	0.937500	
uce-4345	0.923868	
uce-4346	0.866310	
uce-4347	NA	
uce-4348	0.928571	
uce-4349	0.856784	
uce-434	0.949447	
uce-4353	0.919355	
uce-4354	0.755134	
uce-4355	0.917160	
uce-4356	0.972561	
uce-4359	0.947917	
uce-4360	0.963824	
uce-4361	0.974209	
uce-4363	0.915162	
uce-4364	0.918831	
uce-4367	0.774306	
uce-4368	0.974194	
uce-436	0.925225	
uce-4371	0.809291	
uce-4377	0.894841	
uce-437	0.943709	
uce-4384	0.953878	
uce-4386	0.890110	
uce-4388	0.899209	
uce-4389	0.952899	
uce-438	0.944615	
uce-4394	0.951852	
uce-4395	0.951613	
uce-4398	0.947230	
uce-43	0.921739	
uce-4400	0.777409	
uce-4401	0.930370	
uce-4402	0.912556	
uce-4403	0.955010	
uce-4404	0.891791	
uce-4407	0.905983	
uce-4408	0.877778	
uce-4410	0.926882	
uce-4413	0.970000	
uce-4414	0.890438	
uce-4415	0.872396	
uce-4416	0.992141	
uce-4417	0.872093	
uce-441	0.954839	
uce-4420	0.837209	
uce-4421	0.944672	
uce-4423	0.867925	
uce-4426	0.927602	
uce-4427	1.000000	
uce-4428	0.876896	
uce-4429	0.887755	
uce-442	0.914333	
uce-4430	0.908467	
uce-4433	0.948074	
uce-4434	0.790170	
uce-4435	0.954955	
uce-4436	0.968992	
uce-4437	1.000000	
uce-4438	0.913556	
uce-443	0.934010	
uce-4440	0.987288	
uce-4442	0.947494	
uce-4443	0.938944	
uce-4445	0.987113	
uce-4446	0.806846	
uce-4447	0.942598	
uce-4450	0.942184	
uce-4451	0.989247	
uce-4452	0.990783	
uce-4453	0.887168	
uce-4455	0.950673	
uce-4456	0.903153	
uce-4457	0.746835	
uce-4458	0.750000	
uce-4459	0.967949	
uce-445	0.940520	
uce-4463	0.921811	
uce-4465	0.929648	
uce-4466	0.906639	
uce-4472	0.925217	
uce-4473	0.958869	
uce-4474	0.939583	
uce-4477	0.859848	
uce-4479	0.946714	
uce-447	0.962162	
uce-4482	0.982178	
uce-4484	0.930085	
uce-4485	0.944969	
uce-4486	0.975000	
uce-4489	0.956113	
uce-4492	0.985965	
uce-4494	0.948673	
uce-4498	0.795756	
uce-449	0.985537	
uce-44	0.812165	
uce-4500	0.953172	
uce-4504	0.954116	
uce-4507	0.936543	
uce-4509	0.789352	
uce-450	0.982869	
uce-4511	1.000000	
uce-4512	0.865909	
uce-4513	0.959079	
uce-4515	0.911153	
uce-4516	0.926566	
uce-4518	0.889217	
uce-4519	0.867841	
uce-451	0.939597	
uce-4521	0.862676	
uce-4522	0.885798	
uce-4523	0.945055	
uce-4524	0.945283	
uce-4525	0.950820	
uce-4527	0.825902	
uce-4528	0.966877	
uce-4530	1.000000	
uce-4531	0.986711	
uce-4532	0.918519	
uce-4534	0.944251	
uce-4535	0.961268	
uce-4536	0.918067	
uce-4537	0.902240	
uce-4538	0.952128	
uce-4539	0.790560	
uce-453	0.868481	
uce-4540	0.738351	
uce-4541	0.979079	
uce-4542	0.873016	
uce-4544	1.000000	
uce-4546	0.933806	
uce-4547	0.889105	
uce-4548	0.897638	
uce-4549	0.981013	
uce-454	0.935417	
uce-4550	0.977087	
uce-4552	NA	
uce-4553	0.774803	
uce-4554	0.967632	
uce-4555	0.886861	
uce-4557	0.969780	
uce-4558	0.927512	
uce-4559	0.940800	
uce-4560	0.868379	
uce-4562	0.967672	
uce-4564	0.959660	
uce-4565	0.922018	
uce-4566	0.962963	
uce-4570	0.994652	
uce-4573	0.944904	
uce-4574	0.946565	
uce-4575	0.912060	
uce-4578	0.971861	
uce-4580	0.894191	
uce-4584	0.897380	
uce-4585	0.945652	
uce-4586	0.852761	
uce-4587	0.937107	
uce-4588	0.852886	
uce-4590	0.929775	
uce-4591	0.919732	
uce-4592	0.954545	
uce-4593	0.954839	
uce-4594	0.958438	
uce-4598	0.901639	
uce-4599	0.958237	
uce-459	0.927386	
uce-45	0.880309	
uce-4600	0.870968	
uce-4602	0.926724	
uce-4604	0.871508	
uce-4605	0.927336	
uce-4606	0.944149	
uce-4607	0.981707	
uce-4608	0.910359	
uce-4609	0.980769	
uce-460	0.983146	
uce-4610	NA	
uce-4612	0.950086	
uce-4614	0.828169	
uce-4615	0.970213	
uce-4616	0.939883	
uce-4618	0.830882	
uce-4619	0.883513	
uce-4621	0.806507	
uce-4623	0.945238	
uce-4625	0.935331	
uce-4626	0.970588	
uce-4629	0.874408	
uce-462	0.861301	
uce-4631	0.944751	
uce-4632	0.938389	
uce-4633	0.825472	
uce-4637	0.899533	
uce-4638	0.935484	
uce-4639	0.939675	
uce-463	0.823088	
uce-4640	0.919643	
uce-4641	0.925400	
uce-4642	0.864230	
uce-4643	0.957025	
uce-4644	0.968896	
uce-4646	0.904348	
uce-464	0.924855	
uce-4651	0.980159	
uce-4652	0.958592	
uce-4653	0.952532	
uce-4654	0.992565	
uce-4656	0.922078	
uce-4658	0.954939	
uce-4659	0.753623	
uce-4660	0.941320	
uce-4661	0.966387	
uce-4662	0.969849	
uce-4666	0.952113	
uce-4670	0.952224	
uce-4671	0.811040	
uce-4672	0.798658	
uce-4673	0.984305	
uce-4674	0.939005	
uce-4676	0.932715	
uce-4678	0.919192	
uce-4679	0.955621	
uce-4680	0.882726	
uce-4681	0.897133	
uce-4682	0.974882	
uce-4683	0.868984	
uce-4686	0.930175	
uce-4688	0.716216	
uce-4690	0.896203	
uce-4692	0.932283	
uce-4693	0.980769	
uce-4694	0.938865	
uce-4695	0.955556	
uce-4696	0.904483	
uce-4697	0.973535	
uce-469	0.957447	
uce-46	0.909091	
uce-4702	0.891129	
uce-4703	0.917570	
uce-4704	0.980044	
uce-4705	0.884956	
uce-4706	0.924623	
uce-4707	0.955720	
uce-4711	0.904192	
uce-4712	0.946381	
uce-4713	0.860656	
uce-4714	0.906114	
uce-4716	0.794749	
uce-4719	0.945591	
uce-4721	0.950178	
uce-4724	0.846154	
uce-4725	0.977925	
uce-4726	0.891156	
uce-4729	0.867089	
uce-472	0.781487	
uce-4732	0.996870	
uce-4733	0.900332	
uce-4735	0.953271	
uce-4738	0.876404	
uce-4739	0.920886	
uce-4741	0.914894	
uce-4742	0.856364	
uce-4743	0.950331	
uce-4744	0.840948	
uce-4747	1.000000	
uce-4750	0.946355	
uce-4751	0.938235	
uce-4752	0.967880	
uce-4753	0.875635	
uce-4754	0.906389	
uce-4757	0.907658	
uce-4759	0.907336	
uce-4760	0.938326	
uce-4761	0.931727	
uce-4762	0.879365	
uce-4763	0.929412	
uce-4764	0.949533	
uce-4765	0.896203	
uce-4766	0.993921	
uce-4769	0.777580	
uce-4770	0.964706	
uce-4771	0.982353	
uce-4775	0.905213	
uce-4776	0.963104	
uce-4777	0.671196	
uce-4778	0.961062	
uce-4779	0.974359	
uce-4780	0.914966	
uce-4782	0.989848	
uce-4784	0.917898	
uce-4786	0.830769	
uce-4787	0.994118	
uce-4788	0.965723	
uce-4789	0.890741	
uce-478	0.941704	
uce-4790	0.985222	
uce-4792	0.945565	
uce-4797	0.982340	
uce-4798	0.880775	
uce-4799	0.806295	
uce-47	0.875269	
uce-4804	0.880658	
uce-4806	0.982456	
uce-4807	0.923875	
uce-4808	0.849576	
uce-4810	0.958569	
uce-4813	0.860870	
uce-4816	0.928803	
uce-4818	0.974545	
uce-4819	0.957516	
uce-4820	0.881215	
uce-4822	0.955193	
uce-4823	0.958904	
uce-4824	0.903986	
uce-4827	0.966903	
uce-4828	0.921320	
uce-4829	0.940252	
uce-4830	0.947242	
uce-4831	0.900000	
uce-4832	0.928367	
uce-4833	0.622378	
uce-4835	0.908228	
uce-4837	0.768924	
uce-4838	0.863760	
uce-4839	0.956449	
uce-483	0.826923	
uce-4840	1.000000	
uce-4841	0.842239	
uce-4842	0.919355	
uce-4843	0.922096	
uce-4844	0.990640	
uce-4845	0.916667	
uce-4846	0.970093	
uce-4847	0.894353	
uce-4848	0.932886	
uce-4849	0.838951	
uce-4850	0.851613	
uce-4851	0.981383	
uce-4853	0.972452	
uce-4854	0.814208	
uce-4855	0.962898	
uce-4856	0.909483	
uce-4858	0.940199	
uce-4859	0.946154	
uce-485	0.811321	
uce-4862	0.977707	
uce-4863	0.864780	
uce-4865	0.947005	
uce-4866	0.949405	
uce-4867	0.898032	
uce-4868	0.962751	
uce-4869	0.876712	
uce-486	0.925926	
uce-4870	0.932171	
uce-4871	0.946483	
uce-4874	0.980309	
uce-4875	0.896947	
uce-4878	0.818487	
uce-487	0.995283	
uce-4881	0.963526	
uce-4882	0.908023	
uce-4883	0.983486	
uce-4884	0.892356	
uce-4885	0.916159	
uce-4887	NA	
uce-4888	0.909548	
uce-4889	0.958661	
uce-4891	0.932609	
uce-4895	0.959938	
uce-4897	0.937751	
uce-4899	0.826087	
uce-4900	0.966292	
uce-4901	0.763333	
uce-4902	0.958333	
uce-4904	0.903017	
uce-4905	0.936575	
uce-4908	0.992263	
uce-490	0.911905	
uce-4910	0.899142	
uce-4912	0.829412	
uce-4915	0.947500	
uce-4917	0.898990	
uce-4918	0.831606	
uce-4919	0.889412	
uce-491	0.964337	
uce-4921	0.859649	
uce-4923	0.911429	
uce-4925	0.881579	
uce-4927	0.956757	
uce-4928	0.913505	
uce-4929	0.814536	
uce-492	NA	
uce-4931	0.913669	
uce-4932	1.000000	
uce-4933	0.952055	
uce-4935	0.917857	
uce-4939	0.943761	
uce-493	0.963519	
uce-4940	0.668161	
uce-4943	0.910959	
uce-4944	0.926966	
uce-4945	0.890977	
uce-4947	0.892144	
uce-494	0.978437	
uce-4952	0.928378	
uce-4954	0.931446	
uce-4956	0.918415	
uce-4957	0.991579	
uce-4960	0.901709	
uce-4963	0.933868	
uce-4964	0.934483	
uce-4966	0.843882	
uce-4967	0.969543	
uce-4968	0.928082	
uce-4969	0.979310	
uce-496	0.976409	
uce-4970	0.975410	
uce-4975	0.916435	
uce-4976	0.977597	
uce-4977	0.905371	
uce-4978	0.919505	
uce-497	0.965181	
uce-4980	0.965398	
uce-4981	0.951493	
uce-4982	0.842105	
uce-4983	0.928131	
uce-4986	0.969052	
uce-4988	0.861183	
uce-4989	0.926916	
uce-4990	0.898000	
uce-4992	0.946708	
uce-4993	0.943442	
uce-4995	0.859275	
uce-4998	0.980519	
uce-4999	0.782278	
uce-499	0.929742	
uce-4	0.935622	
uce-5003	0.897143	
uce-5005	0.969646	
uce-5007	0.844322	
uce-5008	0.972222	
uce-5011	0.968586	
uce-5012	0.908467	
uce-5013	0.950904	
uce-5016	0.922671	
uce-5017	0.871859	
uce-5018	0.922111	
uce-5019	0.892537	
uce-5021	0.978583	
uce-5022	0.963504	
uce-5024	0.905405	
uce-5025	0.789374	
uce-5026	0.979798	
uce-5028	0.906404	
uce-5029	0.972900	
uce-502	0.946396	
uce-5031	0.845771	
uce-5032	0.790353	
uce-5033	0.868009	
uce-5034	0.967123	
uce-5035	0.945205	
uce-5037	0.892216	
uce-5038	0.855508	
uce-5039	0.911573	
uce-5040	0.932653	
uce-5041	0.920195	
uce-5042	0.973154	
uce-5044	0.933002	
uce-5048	0.955860	
uce-5050	0.653920	
uce-5051	0.872928	
uce-5052	0.877119	
uce-5053	0.934383	
uce-5054	0.958333	
uce-5055	0.951782	
uce-5060	0.988304	
uce-5062	0.854406	
uce-5063	0.973134	
uce-5064	0.916667	
uce-5065	0.763265	
uce-5068	0.914062	
uce-5072	0.827011	
uce-5074	0.971554	
uce-5075	0.956743	
uce-5076	0.847162	
uce-5077	0.942387	
uce-507	0.881967	
uce-5080	0.881538	
uce-5083	0.981516	
uce-5084	0.962921	
uce-5085	0.932836	
uce-5086	0.903537	
uce-5087	0.980392	
uce-5090	0.925275	
uce-5091	0.987730	
uce-5092	0.988713	
uce-5093	0.932412	
uce-5095	0.892473	
uce-5096	0.912869	
uce-5097	0.910569	
uce-5098	0.935407	
uce-5099	NA	
uce-5100	0.926045	
uce-5101	0.950690	
uce-5102	0.931354	
uce-5103	0.925595	
uce-5106	0.986547	
uce-5107	0.953317	
uce-5108	NA	
uce-5109	0.796519	
uce-510	0.948430	
uce-5110	0.936803	
uce-5111	0.966292	
uce-5113	0.846547	
uce-5114	0.944972	
uce-5116	0.891960	
uce-5118	0.714640	
uce-5119	0.934469	
uce-511	0.993300	
uce-5120	0.897912	
uce-5123	0.982229	
uce-5125	0.927126	
uce-5129	0.873786	
uce-5130	0.875289	
uce-5132	0.792181	
uce-5133	0.860544	
uce-5135	0.960245	
uce-5137	0.861702	
uce-513	0.926786	
uce-5141	0.842520	
uce-5142	0.960613	
uce-5143	0.911504	
uce-5144	0.949495	
uce-5145	0.918251	
uce-5146	0.912088	
uce-5147	0.966960	
uce-5148	0.811040	
uce-5153	0.910000	
uce-5155	0.979130	
uce-5156	0.867332	
uce-5157	0.960954	
uce-5158	0.994253	
uce-5161	0.921951	
uce-5162	0.869822	
uce-5164	0.987981	
uce-5165	0.988950	
uce-5166	0.986014	
uce-5167	0.972622	
uce-516	0.944035	
uce-5172	0.767578	
uce-5173	0.959402	
uce-5175	0.972350	
uce-5176	0.937729	
uce-5178	0.936795	
uce-5179	0.896104	
uce-517	0.926136	
uce-5181	0.959610	
uce-5182	0.930612	
uce-5183	0.971347	
uce-5185	0.959924	
uce-5186	0.947977	
uce-5187	0.929961	
uce-5188	0.986207	
uce-5189	0.941919	
uce-518	0.951673	
uce-5190	0.966967	
uce-5192	0.968872	
uce-5193	0.967532	
uce-5196	0.889169	
uce-5198	0.948837	
uce-519	1.000000	
uce-5200	0.913607	
uce-5202	0.752535	
uce-5204	0.938375	
uce-5205	0.944563	
uce-5208	0.891026	
uce-520	0.948454	
uce-5210	0.943320	
uce-5211	0.961538	
uce-5214	0.817372	
uce-5215	0.988115	
uce-5216	0.832025	
uce-5218	0.826299	
uce-5219	1.000000	
uce-5221	0.979434	
uce-5222	0.858255	
uce-5223	0.945266	
uce-5224	0.984127	
uce-5225	0.983871	
uce-5228	0.927586	
uce-522	0.952255	
uce-5230	0.766393	
uce-5231	0.917808	
uce-5232	0.919866	
uce-5234	0.910211	
uce-5235	0.933934	
uce-5238	0.979381	
uce-5239	0.980676	
uce-5240	0.854406	
uce-5243	0.893229	
uce-5244	0.970890	
uce-5246	0.927027	
uce-5250	0.976672	
uce-5251	0.950450	
uce-5253	0.948498	
uce-5254	0.983871	
uce-5255	0.975207	
uce-5256	0.923379	
uce-5258	0.936644	
uce-5259	0.946524	
uce-5260	0.943452	
uce-5261	0.977221	
uce-5263	0.883943	
uce-5265	0.907937	
uce-5267	0.845000	
uce-5268	0.923488	
uce-5269	0.976331	
uce-526	0.933898	
uce-5272	0.751663	
uce-5273	0.928571	
uce-5275	0.954041	
uce-5277	NA	
uce-5278	0.896429	
uce-527	0.927046	
uce-5280	0.936102	
uce-5284	0.977337	
uce-5286	0.864376	
uce-5288	0.921569	
uce-5289	0.921260	
uce-528	0.940520	
uce-5290	0.957871	
uce-5291	0.934122	
uce-5292	0.961957	
uce-5293	0.935976	
uce-5294	0.992620	
uce-5295	0.897872	
uce-5296	NA	
uce-5297	0.900161	
uce-529	0.977230	
uce-52	0.988868	
uce-5300	1.000000	
uce-5301	0.966667	
uce-5305	0.932331	
uce-5311	0.979920	
uce-5313	0.890879	
uce-5314	0.951768	
uce-5315	0.982684	
uce-5316	0.803571	
uce-5319	0.864780	
uce-5321	0.926829	
uce-5322	0.919877	
uce-5323	0.957447	
uce-5327	0.833613	
uce-5328	0.976364	
uce-532	0.911475	
uce-5331	0.969349	
uce-5332	0.824597	
uce-5334	0.957143	
uce-533	0.962418	
uce-5340	0.950413	
uce-5343	0.992453	
uce-5344	0.924296	
uce-5345	0.984716	
uce-5346	0.922131	
uce-5347	0.926126	
uce-5348	0.964206	
uce-5349	0.953771	
uce-534	0.910683	
uce-5356	0.769068	
uce-5357	0.994885	
uce-535	0.984127	
uce-5361	0.903614	
uce-5363	1.000000	
uce-5364	0.881356	
uce-5366	0.984190	
uce-5368	0.906764	
uce-5369	0.890671	
uce-5371	1.000000	
uce-5372	0.881607	
uce-5377	0.932660	
uce-5379	0.865934	
uce-5380	0.817978	
uce-5381	0.900356	
uce-5382	0.900943	
uce-5383	0.948087	
uce-5385	0.809019	
uce-5387	0.944123	
uce-538	0.908479	
uce-5390	0.942913	
uce-5391	0.926647	
uce-5392	0.959004	
uce-5393	0.967277	
uce-5394	0.960187	
uce-5395	0.956175	
uce-5396	0.904605	
uce-5397	0.889558	
uce-5399	0.958333	
uce-539	0.945726	
uce-53	0.949721	
uce-5400	0.899606	
uce-5401	0.896936	
uce-5402	0.978182	
uce-5404	0.950382	
uce-5405	0.832500	
uce-5407	0.938294	
uce-5409	0.860825	
uce-540	0.960159	
uce-5410	0.953030	
uce-5411	0.930380	
uce-5412	0.884780	
uce-5415	0.958984	
uce-5416	0.893665	
uce-5418	0.868421	
uce-5419	0.837838	
uce-541	0.872308	
uce-5422	0.928571	
uce-5425	0.973226	
uce-5426	0.873181	
uce-5427	0.951574	
uce-5429	0.966321	
uce-542	0.942434	
uce-5433	0.974771	
uce-5435	0.965116	
uce-5438	0.968531	
uce-5440	0.698391	
uce-5441	0.989691	
uce-5442	0.919118	
uce-5443	0.988971	
uce-5445	0.553150	
uce-5446	0.964230	
uce-5447	0.875527	
uce-544	0.979058	
uce-5450	0.983193	
uce-5451	0.951487	
uce-5453	0.825641	
uce-5456	0.884550	
uce-5457	0.927326	
uce-5459	0.959860	
uce-545	0.983437	
uce-5460	0.836858	
uce-5462	0.793570	
uce-5463	0.944444	
uce-5464	0.941567	
uce-5469	0.915773	
uce-546	0.928144	
uce-5473	0.810017	
uce-5475	0.953704	
uce-5476	0.852564	
uce-5477	0.992095	
uce-5478	0.800000	
uce-5479	0.908665	
uce-547	0.970996	
uce-5480	0.887665	
uce-5481	0.965714	
uce-5483	0.914422	
uce-5487	0.902970	
uce-5489	0.918164	
uce-548	0.936375	
uce-5490	0.951220	
uce-5494	0.994302	
uce-5495	0.829861	
uce-5496	0.955224	
uce-5497	0.981651	
uce-5498	0.927357	
uce-549	0.965398	
uce-54	0.961276	
uce-5500	0.887550	
uce-5502	0.957627	
uce-5505	0.896617	
uce-5508	0.924324	
uce-550	0.964006	
uce-5510	0.935593	
uce-5512	0.901503	
uce-5514	0.919658	
uce-5518	0.900166	
uce-551	0.963585	
uce-5521	0.980247	
uce-5522	0.943396	
uce-5524	0.904070	
uce-5528	0.978339	
uce-5530	0.931034	
uce-5531	0.851312	
uce-5532	0.939189	
uce-5534	0.943359	
uce-5536	0.933140	
uce-5538	0.918095	
uce-5539	0.904762	
uce-553	0.991513	
uce-5541	0.812500	
uce-5542	0.846154	
uce-5543	0.881494	
uce-5548	0.890526	
uce-554	0.916667	
uce-5551	0.869903	
uce-5553	0.932161	
uce-5554	0.963696	
uce-5555	0.898263	
uce-5557	0.941075	
uce-5559	0.954902	
uce-5560	0.946392	
uce-5561	0.884735	
uce-5562	0.979817	
uce-5564	0.898204	
uce-5565	0.925481	
uce-5566	0.942060	
uce-5568	0.953162	
uce-556	0.949580	
uce-5570	0.972644	
uce-5573	0.914149	
uce-5575	0.903084	
uce-5576	0.749529	
uce-5577	0.942966	
uce-5578	0.929952	
uce-5579	0.912879	
uce-557	0.938748	
uce-5580	0.992248	
uce-5581	0.955193	
uce-5582	0.956250	
uce-5584	0.954635	
uce-5586	0.853012	
uce-5588	0.859322	
uce-5589	0.867698	
uce-558	0.954436	
uce-5590	0.884409	
uce-5593	0.912281	
uce-5594	0.938438	
uce-5595	0.725806	
uce-5596	0.875546	
uce-5597	0.851406	
uce-5598	0.918740	
uce-5599	0.868762	
uce-55	0.827703	
uce-5600	0.956604	
uce-5601	0.945770	
uce-5602	0.776812	
uce-5604	1.000000	
uce-5606	0.820968	
uce-5607	0.977477	
uce-5609	0.765018	
uce-560	0.909091	
uce-5611	0.901141	
uce-5615	0.887681	
uce-5619	0.975556	
uce-561	0.944245	
uce-5623	0.933054	
uce-5625	0.982456	
uce-5626	0.900147	
uce-5627	0.922222	
uce-5629	0.947439	
uce-5630	0.940860	
uce-5632	0.863551	
uce-5634	0.936000	
uce-5635	0.992537	
uce-5636	0.938865	
uce-5637	0.894855	
uce-5638	0.981670	
uce-5639	0.862637	
uce-5640	0.922509	
uce-5642	0.903537	
uce-5645	0.960100	
uce-5646	0.990654	
uce-5647	0.963570	
uce-5649	0.898897	
uce-564	0.995480	
uce-5651	0.896328	
uce-5652	0.986631	
uce-5653	0.989097	
uce-5657	0.975610	
uce-5659	0.976311	
uce-5660	0.897281	
uce-5661	0.896389	
uce-5663	0.922297	
uce-5664	0.932632	
uce-5667	1.000000	
uce-5671	0.883764	
uce-5672	0.864807	
uce-5673	0.949785	
uce-5675	0.902640	
uce-5676	1.000000	
uce-5677	0.951338	
uce-5678	0.965591	
uce-5679	0.935657	
uce-5680	0.836538	
uce-5681	0.894330	
uce-5682	0.950000	
uce-5683	0.897196	
uce-5684	0.885362	
uce-5688	NA	
uce-5689	0.975232	
uce-568	0.944196	
uce-5690	0.896970	
uce-5692	NA	
uce-5693	0.949367	
uce-5694	0.936709	
uce-5696	0.806383	
uce-5697	0.969565	
uce-5699	0.875433	
uce-5700	0.991561	
uce-5701	0.871345	
uce-5702	0.870787	
uce-5704	0.851948	
uce-5705	0.926335	
uce-5707	0.939959	
uce-5708	0.744681	
uce-5709	0.944700	
uce-570	0.974138	
uce-5710	0.922876	
uce-5713	0.957295	
uce-5716	0.878837	
uce-5719	0.990909	
uce-571	0.897866	
uce-5720	1.000000	
uce-5721	0.972509	
uce-5722	0.949254	
uce-5724	0.988764	
uce-5727	0.828526	
uce-5730	0.886940	
uce-5732	0.892100	
uce-5733	0.945455	
uce-5734	0.959633	
uce-5735	0.946746	
uce-5736	0.926829	
uce-5737	0.825103	
uce-5739	0.920200	
uce-573	0.977591	
uce-5743	0.987055	
uce-5745	0.864815	
uce-574	0.914616	
uce-5751	0.892857	
uce-5752	0.952991	
uce-5754	0.972789	
uce-5755	0.963768	
uce-5756	0.839721	
uce-5757	0.982507	
uce-5758	0.753769	
uce-5759	0.949248	
uce-575	NA	
uce-5761	0.892720	
uce-5763	0.892797	
uce-5766	0.994413	
uce-5769	0.971989	
uce-5771	0.929078	
uce-5772	0.921986	
uce-5773	0.894382	
uce-5774	0.957219	
uce-5775	0.990937	
uce-5777	0.870270	
uce-5779	0.854127	
uce-5781	0.929360	
uce-5782	0.913118	
uce-5783	0.907303	
uce-5786	0.961224	
uce-5788	0.877358	
uce-5789	0.938190	
uce-5792	0.980247	
uce-5795	1.000000	
uce-5796	0.966752	
uce-5797	0.974499	
uce-5801	0.918465	
uce-5803	0.955224	
uce-5804	1.000000	
uce-5805	0.848361	
uce-5806	0.933673	
uce-5808	0.975369	
uce-5810	0.890756	
uce-5811	0.953092	
uce-5812	0.943925	
uce-5816	0.951641	
uce-5817	0.965235	
uce-5820	0.744409	
uce-5821	0.817204	
uce-5822	0.983425	
uce-5824	0.990698	
uce-5825	0.930502	
uce-5827	0.941032	
uce-5829	0.973747	
uce-5830	0.959494	
uce-5832	0.936772	
uce-5834	0.919847	
uce-5836	0.893694	
uce-5837	0.984772	
uce-5839	0.944251	
uce-583	0.965753	
uce-5840	0.963446	
uce-5842	0.857380	
uce-5845	0.938406	
uce-5846	0.955882	
uce-5847	0.890034	
uce-5849	0.900285	
uce-5851	0.843629	
uce-5852	0.807692	
uce-5853	0.944615	
uce-5855	0.903640	
uce-5856	0.792453	
uce-5857	0.835381	
uce-5859	0.933131	
uce-5860	0.893092	
uce-5861	0.923963	
uce-5862	0.932836	
uce-5864	0.891534	
uce-5865	0.962704	
uce-5866	0.759013	
uce-5869	0.761518	
uce-5871	0.938172	
uce-5872	0.959641	
uce-5873	0.978558	
uce-5874	0.910420	
uce-5878	0.988571	
uce-5879	0.975285	
uce-587	0.961083	
uce-5880	0.938242	
uce-5882	0.882222	
uce-5883	1.000000	
uce-5886	0.882149	
uce-5889	0.939925	
uce-5893	0.856383	
uce-5895	0.960684	
uce-5898	0.964119	
uce-5899	0.976035	
uce-589	0.930769	
uce-5901	0.807080	
uce-5902	0.863363	
uce-5903	0.845238	
uce-5904	0.961890	
uce-5905	0.920068	
uce-5906	1.000000	
uce-590	0.956250	
uce-5910	0.928409	
uce-5912	1.000000	
uce-5914	0.965293	
uce-5915	0.962775	
uce-5916	0.979487	
uce-5917	0.979899	
uce-5918	0.974026	
uce-5919	0.850394	
uce-591	0.942598	
uce-5920	0.876744	
uce-5921	0.968203	
uce-5922	0.897384	
uce-5923	0.925620	
uce-5924	0.846734	
uce-5925	0.956311	
uce-5927	0.926941	
uce-5928	0.904924	
uce-5930	0.969965	
uce-5932	0.969521	
uce-5933	0.954918	
uce-5934	0.979472	
uce-5936	0.957356	
uce-5937	0.950855	
uce-5942	0.961749	
uce-5943	0.916488	
uce-5947	0.987768	
uce-5948	0.884034	
uce-5951	0.975089	
uce-5952	0.959215	
uce-5953	0.911488	
uce-5954	0.811688	
uce-5955	0.765133	
uce-5956	0.910294	
uce-5961	0.916473	
uce-5964	0.973262	
uce-5966	0.987179	
uce-5968	0.896811	
uce-5969	0.938889	
uce-596	0.949710	
uce-5970	0.958801	
uce-5971	NA	
uce-5972	0.936210	
uce-5974	0.941509	
uce-5975	0.982578	
uce-5977	0.877034	
uce-5978	0.959941	
uce-5980	0.967128	
uce-5986	0.951299	
uce-5987	0.925847	
uce-5989	0.914201	
uce-598	0.964235	
uce-5991	0.877551	
uce-5992	0.837037	
uce-5994	0.919431	
uce-5995	0.985887	
uce-5996	0.940217	
uce-5997	0.922297	
uce-5998	NA	
uce-599	0.966000	
uce-59	0.868800	
uce-5	0.964396	
uce-6002	0.964736	
uce-6003	0.968831	
uce-6004	0.862222	
uce-6005	1.000000	
uce-6007	0.909091	
uce-6009	0.929648	
uce-6010	0.902222	
uce-6011	0.876786	
uce-6012	0.876652	
uce-6013	0.863636	
uce-6014	0.971014	
uce-6015	0.813483	
uce-6016	0.752212	
uce-6017	0.910606	
uce-6018	0.917808	
uce-6019	0.982456	
uce-601	0.910053	
uce-6020	0.965986	
uce-6021	0.816143	
uce-6025	0.919231	
uce-6028	0.937500	
uce-6030	0.935162	
uce-6031	0.954286	
uce-6032	0.870640	
uce-6033	0.896907	
uce-6034	1.000000	
uce-6035	0.980420	
uce-603	0.926531	
uce-6043	0.963830	
uce-6044	0.950000	
uce-6047	0.982495	
uce-6048	0.922272	
uce-6049	0.994975	
uce-604	0.940959	
uce-6050	0.904762	
uce-6052	0.929319	
uce-6054	0.925706	
uce-6058	0.953353	
uce-6059	0.745902	
uce-6060	NA	
uce-6061	0.975806	
uce-6063	0.868251	
uce-6065	0.994872	
uce-6067	0.866785	
uce-6068	0.864992	
uce-6069	0.978304	
uce-6070	0.936255	
uce-6071	0.980000	
uce-6072	0.982353	
uce-6073	0.978261	
uce-6074	0.947939	
uce-6076	0.964587	
uce-6078	0.947368	
uce-6079	0.936000	
uce-607	0.895317	
uce-6081	0.932318	
uce-6082	0.940496	
uce-6083	0.855908	
uce-6085	0.917415	
uce-6087	0.897833	
uce-6088	0.991736	
uce-608	0.980100	
uce-6090	0.936975	
uce-6091	0.838384	
uce-6093	0.858770	
uce-6094	0.969739	
uce-6096	0.834808	
uce-609	0.894817	
uce-6100	0.957265	
uce-6101	0.939068	
uce-6102	0.945368	
uce-6103	0.894068	
uce-6105	0.844948	
uce-6106	0.909871	
uce-6107	0.975000	
uce-6109	0.879265	
uce-610	0.866187	
uce-6110	0.932136	
uce-6113	0.954463	
uce-6117	0.883848	
uce-6118	0.963087	
uce-6121	0.912065	
uce-6122	0.914530	
uce-6123	0.715026	
uce-6125	0.976190	
uce-6126	0.687500	
uce-6131	0.952239	
uce-6133	1.000000	
uce-6135	0.978896	
uce-6136	0.986395	
uce-6137	1.000000	
uce-6138	0.924870	
uce-613	0.881257	
uce-6140	0.961183	
uce-6141	0.892655	
uce-6143	0.953353	
uce-6145	0.816609	
uce-6147	0.893574	
uce-614	0.856838	
uce-6152	0.928270	
uce-6154	0.879592	
uce-6157	0.957265	
uce-6158	0.896694	
uce-615	0.801932	
uce-6161	0.889908	
uce-6163	0.946037	
uce-6164	0.891509	
uce-6165	NA	
uce-6166	0.995913	
uce-6167	0.947368	
uce-6168	0.841019	
uce-6169	0.966216	
uce-616	0.993798	
uce-6171	0.822816	
uce-6173	0.938776	
uce-6176	0.962818	
uce-6177	0.925641	
uce-6179	0.874704	
uce-6183	0.879795	
uce-6184	0.953846	
uce-6185	0.928144	
uce-6186	0.904192	
uce-6187	0.933786	
uce-6188	0.964467	
uce-6189	0.969147	
uce-618	0.861878	
uce-6191	NA	
uce-6193	0.888124	
uce-6194	0.953488	
uce-6195	0.951957	
uce-6196	0.960648	
uce-6198	0.925287	
uce-61	0.908281	
uce-6200	0.971795	
uce-6203	0.932907	
uce-6204	0.696231	
uce-6205	0.989717	
uce-6206	0.976247	
uce-6207	0.821429	
uce-6209	0.948845	
uce-620	0.981261	
uce-6210	0.900262	
uce-6211	0.883495	
uce-6212	0.918685	
uce-6213	0.828720	
uce-6214	NA	
uce-6215	0.880719	
uce-6218	1.000000	
uce-6219	0.981718	
uce-621	0.898113	
uce-6221	0.979695	
uce-6222	0.925373	
uce-6223	0.925847	
uce-6225	0.945724	
uce-6228	0.975855	
uce-6229	0.950161	
uce-6230	0.979036	
uce-6231	0.947471	
uce-6233	0.888889	
uce-6235	0.902141	
uce-6237	0.755556	
uce-6238	0.960825	
uce-6239	0.962121	
uce-6240	0.981395	
uce-6241	0.962264	
uce-6242	0.953901	
uce-6245	1.000000	
uce-6246	0.933806	
uce-6247	0.886097	
uce-6248	0.900722	
uce-6249	0.880342	
uce-624	0.908397	
uce-6250	0.922330	
uce-6252	0.920000	
uce-6253	0.879819	
uce-6254	0.970646	
uce-6255	NA	
uce-6256	0.883562	
uce-6258	1.000000	
uce-6259	0.966038	
uce-625	0.984344	
uce-6260	0.964211	
uce-6261	0.960656	
uce-6262	0.993902	
uce-6263	0.935146	
uce-6264	0.907547	
uce-6265	0.888889	
uce-6267	0.869643	
uce-6268	0.973966	
uce-626	0.945827	
uce-6270	0.923744	
uce-6272	0.761821	
uce-6273	0.867769	
uce-6274	0.989822	
uce-6275	0.959596	
uce-6277	0.917969	
uce-6278	0.974185	
uce-627	0.878319	
uce-6280	0.960373	
uce-6281	0.907285	
uce-6282	0.955707	
uce-6284	0.963563	
uce-6286	0.942943	
uce-6287	0.960526	
uce-6288	0.918768	
uce-6290	0.971272	
uce-6291	0.898649	
uce-6294	0.955645	
uce-6295	0.829642	
uce-6296	0.986559	
uce-6297	0.972868	
uce-6298	0.952484	
uce-6299	0.953722	
uce-629	0.977716	
uce-62	0.949029	
uce-6301	0.983725	
uce-6309	0.980892	
uce-6310	0.837662	
uce-6311	0.974901	
uce-6313	0.934579	
uce-6314	0.962145	
uce-6315	0.917323	
uce-6316	0.955075	
uce-6317	0.935864	
uce-6320	0.835466	
uce-6321	0.937500	
uce-6323	0.918699	
uce-6324	0.965839	
uce-6327	0.947253	
uce-6329	0.871212	
uce-632	0.878407	
uce-6330	0.962264	
uce-6333	0.943262	
uce-6334	0.904600	
uce-6335	0.840611	
uce-6337	0.879093	
uce-6339	0.895197	
uce-6340	0.984436	
uce-6342	0.917399	
uce-6344	0.852097	
uce-6346	0.839080	
uce-6351	1.000000	
uce-6352	0.954762	
uce-6353	0.991045	
uce-6355	0.890653	
uce-6356	0.940035	
uce-6357	0.933333	
uce-6359	0.950342	
uce-6360	0.887387	
uce-6362	0.901345	
uce-6363	0.996435	
uce-6366	0.975676	
uce-6367	0.939048	
uce-636	0.931373	
uce-6371	0.857506	
uce-6372	0.759091	
uce-6373	0.982188	
uce-6376	0.845745	
uce-6379	0.952087	
uce-6381	0.832599	
uce-6382	0.965358	
uce-6383	0.970060	
uce-6385	0.965517	
uce-6386	0.759494	
uce-6388	0.783217	
uce-638	0.962963	
uce-6390	0.898467	
uce-6391	0.962594	
uce-6393	0.956395	
uce-6396	0.942424	
uce-6397	0.969231	
uce-6398	0.989648	
uce-6399	NA	
uce-63	0.885659	
uce-6400	0.926009	
uce-6401	0.968017	
uce-6405	0.939163	
uce-6406	0.962578	
uce-6407	0.958182	
uce-6409	0.988304	
uce-6410	0.878049	
uce-6411	0.925676	
uce-6412	0.720588	
uce-6413	0.674221	
uce-6414	0.868313	
uce-6418	0.923507	
uce-641	0.993234	
uce-6423	0.898520	
uce-6424	0.841317	
uce-6426	0.949686	
uce-642	0.883295	
uce-6430	0.869231	
uce-6432	0.859416	
uce-6433	0.918465	
uce-6434	0.893305	
uce-6436	0.870213	
uce-6437	0.962466	
uce-6438	0.823810	
uce-6439	0.836996	
uce-6440	0.900181	
uce-6441	0.900574	
uce-6445	0.964851	
uce-6446	0.910581	
uce-6447	0.928571	
uce-6448	0.923077	
uce-6449	0.941333	
uce-6451	0.871032	
uce-6454	0.860177	
uce-6457	0.915680	
uce-6458	0.941288	
uce-6459	0.869688	
uce-645	0.980392	
uce-6460	0.850856	
uce-6461	0.911447	
uce-6464	0.897619	
uce-6467	0.876957	
uce-6468	0.949393	
uce-646	0.991379	
uce-6471	0.913628	
uce-6472	0.941807	
uce-6473	0.871636	
uce-6474	0.957921	
uce-6475	0.921120	
uce-6476	0.938182	
uce-6478	0.905882	
uce-6479	0.807595	
uce-647	0.948598	
uce-6480	0.896000	
uce-6482	0.854862	
uce-6484	0.954674	
uce-6485	0.870536	
uce-6486	0.923191	
uce-6487	0.970948	
uce-648	0.971390	
uce-6492	0.875969	
uce-6494	0.960920	
uce-6496	0.885496	
uce-6497	0.994709	
uce-6499	1.000000	
uce-649	0.806104	
uce-6500	0.908805	
uce-6501	0.843818	
uce-6502	0.943750	
uce-6505	0.953206	
uce-6508	0.903537	
uce-6509	0.938628	
uce-6512	0.837054	
uce-6515	0.944245	
uce-6516	0.889590	
uce-6517	0.846501	
uce-6519	0.909753	
uce-6520	0.973294	
uce-6521	0.931880	
uce-6522	0.927614	
uce-6523	0.802521	
uce-6524	0.972050	
uce-6526	0.897133	
uce-6527	0.831740	
uce-6528	0.951220	
uce-652	0.891892	
uce-6530	0.967188	
uce-6532	0.885402	
uce-6533	0.877419	
uce-6534	0.887168	
uce-6535	0.902027	
uce-6538	0.767386	
uce-6540	0.968067	
uce-6541	0.892272	
uce-6543	0.900442	
uce-6546	0.829114	
uce-6548	0.861386	
uce-654	0.953523	
uce-6550	NA	
uce-6551	0.859275	
uce-6552	0.967500	
uce-6553	0.939959	
uce-6554	0.948636	
uce-6555	0.967071	
uce-6557	0.868613	
uce-6558	0.963483	
uce-655	0.764803	
uce-6562	0.863158	
uce-6564	0.935743	
uce-6565	0.888608	
uce-6566	0.874545	
uce-6569	0.921389	
uce-6570	0.924466	
uce-6571	0.932432	
uce-6574	0.964222	
uce-6575	0.934146	
uce-6576	0.933735	
uce-6578	0.746741	
uce-6579	0.952522	
uce-6582	0.951282	
uce-6584	0.977143	
uce-6585	0.987261	
uce-6586	0.733229	
uce-6587	0.962049	
uce-6588	0.908730	
uce-6589	0.936000	
uce-658	0.892537	
uce-6591	0.856072	
uce-6592	0.903654	
uce-6593	0.897707	
uce-6595	0.973913	
uce-6596	0.799145	
uce-6598	0.861723	
uce-6599	0.885886	
uce-65	0.958333	
uce-6601	0.896414	
uce-6602	0.864198	
uce-6603	0.975550	
uce-6604	0.943662	
uce-6606	0.968872	
uce-6608	0.952830	
uce-660	0.939114	
uce-6610	0.923792	
uce-6613	0.930921	
uce-6614	0.957143	
uce-6617	0.920335	
uce-6618	1.000000	
uce-6619	0.923077	
uce-6620	0.906103	
uce-6621	0.959502	
uce-6622	0.964497	
uce-6625	0.963109	
uce-6626	0.960352	
uce-6627	NA	
uce-6628	0.860853	
uce-6629	1.000000	
uce-662	0.947635	
uce-6633	0.983165	
uce-6635	0.965686	
uce-6636	0.886105	
uce-6637	0.950673	
uce-6638	0.996890	
uce-663	0.979866	
uce-6640	0.919283	
uce-6641	0.968468	
uce-6642	1.000000	
uce-6643	0.682975	
uce-6645	0.923077	
uce-6648	0.970711	
uce-6649	0.934783	
uce-664	0.917308	
uce-6652	0.956140	
uce-6653	0.956743	
uce-6654	0.909091	
uce-6655	0.833333	
uce-6657	0.944882	
uce-6658	0.909091	
uce-6659	0.607843	
uce-665	0.966743	
uce-6663	0.880109	
uce-6664	0.783372	
uce-6665	0.949183	
uce-6667	0.964824	
uce-6669	0.908228	
uce-666	0.900383	
uce-6671	0.942993	
uce-6674	0.963492	
uce-6676	0.871224	
uce-6677	0.931953	
uce-6679	0.889518	
uce-667	0.973813	
uce-6680	1.000000	
uce-6682	0.792776	
uce-6684	0.969880	
uce-6688	0.927103	
uce-6690	0.984283	
uce-6692	0.907057	
uce-6693	0.909651	
uce-6695	0.719262	
uce-6696	0.938918	
uce-6698	0.906077	
uce-6699	0.887517	
uce-66	0.885714	
uce-6700	0.870787	
uce-6702	0.868339	
uce-6703	0.983283	
uce-6705	0.969697	
uce-6706	0.900302	
uce-6707	0.697222	
uce-6714	0.890736	
uce-6715	0.868583	
uce-6716	0.934625	
uce-6717	0.918239	
uce-6718	0.976562	
uce-6719	0.938053	
uce-671	0.979874	
uce-6721	0.951941	
uce-6723	0.973186	
uce-6724	0.938879	
uce-6725	0.898361	
uce-6726	0.959283	
uce-6727	0.894578	
uce-672	0.860345	
uce-6731	0.921788	
uce-6732	0.832609	
uce-6734	0.928571	
uce-6735	0.925608	
uce-6736	0.925000	
uce-6739	0.891117	
uce-6740	0.950431	
uce-6741	0.957597	
uce-6742	0.936508	
uce-6743	0.986143	
uce-6746	NA	
uce-6747	0.915094	
uce-6748	0.894400	
uce-674	0.970315	
uce-6750	0.988806	
uce-6754	0.922500	
uce-6756	0.942549	
uce-6757	0.876712	
uce-6758	0.966867	
uce-6762	0.952186	
uce-6763	0.916084	
uce-6764	0.953737	
uce-6765	0.960784	
uce-6766	0.942688	
uce-6769	NA	
uce-6770	0.991573	
uce-6771	0.896980	
uce-6773	0.812641	
uce-6774	0.952854	
uce-6776	0.944664	
uce-6778	0.851852	
uce-6779	0.874587	
uce-6780	0.980507	
uce-6782	0.976364	
uce-6786	0.961905	
uce-6787	0.939516	
uce-6789	0.886228	
uce-678	0.936267	
uce-6790	0.899471	
uce-6791	0.840263	
uce-6792	0.979651	
uce-6796	0.893761	
uce-6797	0.954674	
uce-67	0.986957	
uce-6800	0.951064	
uce-6801	0.772727	
uce-6802	0.895522	
uce-6804	0.933735	
uce-6805	0.896552	
uce-6806	0.956710	
uce-6807	0.925703	
uce-6808	0.877076	
uce-6809	0.861644	
uce-680	0.930265	
uce-6811	0.915789	
uce-6812	0.985542	
uce-6813	0.980645	
uce-6818	0.938889	
uce-681	0.931818	
uce-6820	1.000000	
uce-6821	0.911765	
uce-6823	0.931258	
uce-6824	0.973025	
uce-6826	0.934911	
uce-6827	0.951220	
uce-6829	0.922581	
uce-6830	0.787645	
uce-6831	0.922131	
uce-6833	0.911765	
uce-6838	0.959916	
uce-6839	0.962963	
uce-683	0.891441	
uce-6841	0.969231	
uce-6842	0.976982	
uce-6843	0.834211	
uce-6844	0.945607	
uce-6850	0.982857	
uce-6855	0.951064	
uce-6856	0.888889	
uce-6859	0.870550	
uce-685	0.882122	
uce-6860	0.937288	
uce-6862	0.991736	
uce-6863	0.913043	
uce-6865	0.685714	
uce-6866	0.964286	
uce-686	0.975737	
uce-6870	0.908925	
uce-6871	0.892768	
uce-6872	0.897655	
uce-6873	0.964407	
uce-6874	1.000000	
uce-6875	0.975664	
uce-6879	0.913194	
uce-6880	0.966833	
uce-6881	0.948357	
uce-6882	0.917098	
uce-6885	0.922166	
uce-6887	0.902174	
uce-6892	0.908163	
uce-6894	0.957143	
uce-6896	0.954612	
uce-6898	0.893885	
uce-6902	0.879276	
uce-6903	0.992188	
uce-6904	0.872727	
uce-6906	0.920923	
uce-6907	0.957983	
uce-6909	0.956000	
uce-690	0.929825	
uce-6910	0.954103	
uce-6912	0.932432	
uce-6913	0.907042	
uce-6915	0.906494	
uce-691	0.982183	
uce-6920	0.971888	
uce-6921	0.984536	
uce-6922	0.937008	
uce-6923	1.000000	
uce-6926	0.774566	
uce-6929	0.908411	
uce-692	0.918159	
uce-6931	0.953846	
uce-6932	0.925676	
uce-6933	0.845511	
uce-6934	0.833724	
uce-6937	0.960440	
uce-6938	0.929664	
uce-6939	0.946429	
uce-693	0.960000	
uce-6940	0.918149	
uce-6942	0.867347	
uce-6943	0.873118	
uce-6944	NA	
uce-6945	0.863158	
uce-6946	0.899654	
uce-6947	0.920368	
uce-6948	0.896785	
uce-6950	0.964630	
uce-6953	0.717220	
uce-6954	0.988024	
uce-6955	0.925439	
uce-6956	0.938095	
uce-6957	0.861646	
uce-6959	0.879433	
uce-695	0.925325	
uce-6961	0.826896	
uce-6964	0.949640	
uce-6966	0.944000	
uce-6968	0.960744	
uce-6969	0.962963	
uce-696	0.949721	
uce-6970	0.735211	
uce-6973	0.953488	
uce-6974	0.981013	
uce-6975	0.948630	
uce-6977	0.949555	
uce-697	0.968966	
uce-6981	0.972477	
uce-6983	0.957055	
uce-6984	0.822751	
uce-6986	0.816541	
uce-6987	0.912602	
uce-6988	0.888626	
uce-698	0.930421	
uce-6990	0.835514	
uce-6992	0.943182	
uce-6994	0.912458	
uce-6995	0.905983	
uce-6997	0.877339	
uce-6998	0.913753	
uce-699	1.000000	
uce-6	0.976048	
uce-7000	0.994832	
uce-7002	0.920398	
uce-7003	0.953177	
uce-7004	0.961983	
uce-7008	0.911833	
uce-7009	0.881818	
uce-700	0.897872	
uce-7010	0.851064	
uce-7011	0.938401	
uce-7012	0.931280	
uce-7014	0.986175	
uce-7015	0.926437	
uce-7016	0.920530	
uce-7018	0.811429	
uce-7019	0.960276	
uce-7021	0.737844	
uce-7022	0.848806	
uce-7023	0.933472	
uce-7024	0.991632	
uce-7027	0.956693	
uce-7028	0.912371	
uce-7030	0.911475	
uce-7032	0.954724	
uce-7033	0.830084	
uce-7035	0.951128	
uce-7036	0.931402	
uce-7037	0.898451	
uce-7038	0.938559	
uce-703	0.939349	
uce-7044	0.928429	
uce-7045	0.948087	
uce-7046	0.906417	
uce-7047	0.944079	
uce-7048	0.957399	
uce-7050	0.886473	
uce-7051	0.887273	
uce-7053	0.935844	
uce-7054	0.913486	
uce-7055	0.971264	
uce-7056	0.879365	
uce-7058	0.974537	
uce-7063	0.918317	
uce-7064	0.978723	
uce-7067	0.916409	
uce-7068	0.797160	
uce-7069	0.965909	
uce-706	0.961433	
uce-7070	0.961102	
uce-7071	0.933333	
uce-7072	0.933702	
uce-7073	0.977632	
uce-7074	0.922078	
uce-7076	0.860215	
uce-7077	0.717672	
uce-7078	0.976898	
uce-7079	0.938650	
uce-7080	0.837209	
uce-7081	0.937220	
uce-7082	0.937008	
uce-7083	0.993377	
uce-7084	0.918317	
uce-708	0.942647	
uce-7091	0.878788	
uce-7094	0.946619	
uce-7095	0.883688	
uce-7097	0.884540	
uce-7098	0.895000	
uce-70	0.957729	
uce-7100	0.857143	
uce-7102	0.917007	
uce-7103	0.925397	
uce-7104	0.929612	
uce-7105	0.977742	
uce-7107	0.929323	
uce-7108	0.947123	
uce-7109	0.878282	
uce-710	0.913947	
uce-7113	0.981273	
uce-7117	0.962236	
uce-7118	1.000000	
uce-711	0.872437	
uce-7120	0.940774	
uce-7122	0.901786	
uce-7125	0.949287	
uce-7126	0.871383	
uce-7128	0.855670	
uce-7129	0.886410	
uce-712	0.914234	
uce-7131	0.985915	
uce-7133	0.892393	
uce-7134	0.896907	
uce-7135	0.884120	
uce-7136	0.928315	
uce-7138	0.897476	
uce-7141	0.980645	
uce-7143	0.929155	
uce-7144	0.969758	
uce-7145	0.935754	
uce-7146	0.932203	
uce-7147	0.926380	
uce-7148	0.911150	
uce-7151	0.942268	
uce-7157	0.910985	
uce-7159	0.973941	
uce-715	NA	
uce-7160	0.939490	
uce-7161	0.918288	
uce-7162	0.923313	
uce-7163	0.977049	
uce-7164	0.785838	
uce-7167	0.943978	
uce-7168	0.969521	
uce-7170	0.845475	
uce-7171	0.971979	
uce-7173	0.919854	
uce-7175	0.946593	
uce-717	0.913399	
uce-7183	0.668919	
uce-7184	0.715596	
uce-7188	0.935530	
uce-718	0.961702	
uce-7190	0.887477	
uce-7191	0.900648	
uce-7192	0.974510	
uce-7193	0.897436	
uce-7195	0.968889	
uce-7197	0.927614	
uce-7200	0.877339	
uce-7201	0.939002	
uce-7202	0.962617	
uce-7205	0.977578	
uce-7207	0.955090	
uce-7208	0.870301	
uce-7209	1.000000	
uce-720	0.986456	
uce-7210	0.859073	
uce-7212	0.965997	
uce-7213	0.897527	
uce-7214	0.908377	
uce-7215	1.000000	
uce-7216	0.877030	
uce-7218	0.985102	
uce-7219	0.979127	
uce-7221	0.968447	
uce-7222	0.879725	
uce-7223	0.961279	
uce-7224	0.904899	
uce-7227	0.885093	
uce-7229	0.941558	
uce-7230	0.852292	
uce-7234	0.951172	
uce-7235	0.956679	
uce-7236	0.889908	
uce-7237	0.937778	
uce-7239	0.989655	
uce-7240	0.932961	
uce-7242	0.969340	
uce-7244	0.931429	
uce-7245	0.911111	
uce-7246	0.986637	
uce-7247	0.948582	
uce-7248	0.856757	
uce-7249	0.949202	
uce-724	0.996317	
uce-7251	0.927835	
uce-7252	0.934903	
uce-7253	0.977778	
uce-7255	0.883362	
uce-7257	0.886214	
uce-725	1.000000	
uce-7263	0.983051	
uce-7265	0.886700	
uce-7266	0.860125	
uce-7267	0.970219	
uce-7269	0.942308	
uce-726	0.965318	
uce-7270	0.928047	
uce-7273	0.914754	
uce-7275	0.930958	
uce-7276	0.984694	
uce-7277	0.841642	
uce-7278	0.944828	
uce-7279	0.931915	
uce-727	0.956155	
uce-7282	0.859425	
uce-7283	0.929775	
uce-7284	0.854321	
uce-7287	0.979355	
uce-7288	0.990228	
uce-7289	0.943791	
uce-7291	0.783333	
uce-7292	0.950512	
uce-7294	0.860465	
uce-7295	0.969697	
uce-7296	0.796954	
uce-7297	1.000000	
uce-7298	0.931217	
uce-7299	0.937209	
uce-729	0.966480	
uce-72	0.919105	
uce-7303	0.922179	
uce-7304	0.960699	
uce-7305	0.935933	
uce-7308	0.889610	
uce-7309	0.958333	
uce-730	0.925856	
uce-7310	0.913174	
uce-7311	0.957589	
uce-7313	0.940092	
uce-7314	0.934641	
uce-7316	1.000000	
uce-7317	0.816602	
uce-7319	0.988024	
uce-7320	0.926740	
uce-7322	0.991018	
uce-7323	0.956835	
uce-7324	0.930070	
uce-7325	0.961460	
uce-7328	0.961864	
uce-7329	0.892405	
uce-7330	0.788991	
uce-7331	0.872340	
uce-7336	0.927019	
uce-733	0.874172	
uce-7340	0.855385	
uce-7342	0.817955	
uce-7344	0.960692	
uce-7348	0.975535	
uce-7349	0.967581	
uce-734	0.960276	
uce-7350	0.860606	
uce-7351	0.916793	
uce-7352	0.974409	
uce-7353	0.900433	
uce-7354	0.938303	
uce-7357	0.961965	
uce-7358	0.918919	
uce-735	0.829103	
uce-7361	0.814381	
uce-7362	0.867834	
uce-7363	0.881543	
uce-7364	NA	
uce-7368	0.957684	
uce-7369	0.898734	
uce-736	0.984356	
uce-7371	0.841897	
uce-7372	0.963834	
uce-7376	0.854086	
uce-7379	0.976471	
uce-737	0.944785	
uce-7380	0.845794	
uce-7381	0.930052	
uce-7383	0.964041	
uce-7384	0.948113	
uce-7386	0.877888	
uce-738	0.899254	
uce-7390	0.908918	
uce-7392	0.969586	
uce-7393	0.937500	
uce-7395	0.835010	
uce-7396	0.905812	
uce-7398	0.950680	
uce-7399	0.951632	
uce-7408	0.920988	
uce-7409	0.965458	
uce-740	0.945714	
uce-7412	0.868613	
uce-7413	0.885086	
uce-7414	0.923744	
uce-7415	0.946181	
uce-7417	1.000000	
uce-7419	0.943396	
uce-7420	0.869880	
uce-7421	0.846154	
uce-7422	0.850467	
uce-7423	0.794457	
uce-7425	0.900000	
uce-7426	0.963563	
uce-7427	0.812287	
uce-7428	0.888276	
uce-7429	0.988764	
uce-7432	0.951172	
uce-743	0.936204	
uce-7442	0.949264	
uce-7443	0.689655	
uce-7444	0.842759	
uce-7446	0.877966	
uce-744	0.827529	
uce-7452	NA	
uce-7453	0.829949	
uce-7455	0.962406	
uce-7457	0.817337	
uce-7459	0.933594	
uce-7460	0.875969	
uce-7461	0.968599	
uce-7462	0.895904	
uce-7463	0.978610	
uce-7465	0.843849	
uce-7466	0.967742	
uce-7467	0.965726	
uce-7468	0.881757	
uce-7469	0.938370	
uce-746	0.860182	
uce-7471	0.823671	
uce-7472	0.929712	
uce-7473	0.956063	
uce-7476	0.826816	
uce-7479	0.972810	
uce-747	0.956318	
uce-7482	0.979839	
uce-7483	0.965779	
uce-7484	0.939547	
uce-7485	0.975610	
uce-7487	0.934853	
uce-7488	0.951777	
uce-7489	0.880597	
uce-748	0.923077	
uce-7490	0.916462	
uce-7491	0.976471	
uce-7494	0.938338	
uce-7495	0.933835	
uce-7496	1.000000	
uce-7497	0.921875	
uce-7499	0.978070	
uce-74	0.928571	
uce-7500	0.829819	
uce-7501	0.964736	
uce-7503	0.990977	
uce-7504	0.966851	
uce-7505	0.857477	
uce-7507	0.923628	
uce-7508	0.796902	
uce-750	0.856549	
uce-7510	0.969780	
uce-7511	0.934726	
uce-7512	0.833333	
uce-7513	0.885007	
uce-7514	1.000000	
uce-7515	0.913730	
uce-7516	0.933518	
uce-7518	0.906854	
uce-7520	0.958261	
uce-7521	0.773770	
uce-7522	0.941520	
uce-7527	0.995885	
uce-7529	0.921717	
uce-752	0.805237	
uce-7530	0.953258	
uce-7531	0.890511	
uce-7532	0.968310	
uce-7533	0.810147	
uce-7534	0.921635	
uce-7535	1.000000	
uce-7536	0.899408	
uce-7537	0.968109	
uce-7538	NA	
uce-7539	0.744501	
uce-753	0.961131	
uce-7540	1.000000	
uce-7541	0.965686	
uce-7542	0.956452	
uce-7546	0.895397	
uce-7548	0.894286	
uce-754	0.969369	
uce-7550	0.658228	
uce-7552	0.920000	
uce-7553	0.899194	
uce-7554	1.000000	
uce-7557	0.910537	
uce-7558	0.879928	
uce-7559	1.000000	
uce-7560	0.904192	
uce-7563	0.960486	
uce-7566	0.929860	
uce-7567	1.000000	
uce-7569	0.987988	
uce-7572	0.925651	
uce-7574	0.976456	
uce-7576	0.962134	
uce-7578	0.953202	
uce-7580	0.815920	
uce-7581	0.952381	
uce-7582	0.982796	
uce-7584	0.925926	
uce-7586	0.890625	
uce-7587	0.870000	
uce-7588	0.872596	
uce-7589	0.795367	
uce-7592	0.928105	
uce-7595	0.932886	
uce-7596	0.904950	
uce-7599	0.964800	
uce-759	0.929677	
uce-75	0.819469	
uce-7602	0.846395	
uce-7605	0.900000	
uce-7606	0.799454	
uce-7607	0.918552	
uce-7608	0.916064	
uce-7609	0.981432	
uce-760	0.915094	
uce-7610	0.901754	
uce-7611	0.928571	
uce-7613	0.924272	
uce-7614	0.956835	
uce-7615	0.921811	
uce-7616	0.963303	
uce-7617	0.953216	
uce-761	0.934534	
uce-7620	0.994812	
uce-7621	0.983294	
uce-7622	0.942675	
uce-7623	0.827899	
uce-7624	0.937500	
uce-7627	0.958084	
uce-7628	0.801126	
uce-7629	0.921245	
uce-762	0.974068	
uce-7630	0.951368	
uce-7631	0.687500	
uce-7632	0.924731	
uce-7633	0.926136	
uce-7634	0.688705	
uce-7636	0.950479	
uce-7637	0.869270	
uce-7638	0.875648	
uce-7640	0.721106	
uce-7641	0.900875	
uce-7642	0.966000	
uce-7643	0.870488	
uce-7646	0.879699	
uce-7647	0.954373	
uce-7648	0.866803	
uce-7649	0.957143	
uce-764	0.892537	
uce-7650	0.883382	
uce-7651	0.782946	
uce-7652	0.879713	
uce-7653	0.976510	
uce-7654	0.924964	
uce-7656	0.900709	
uce-7657	0.948718	
uce-7658	0.923754	
uce-7659	0.909434	
uce-765	0.948077	
uce-7661	0.993443	
uce-7662	0.794118	
uce-7665	0.955490	
uce-7666	0.962179	
uce-7667	0.958005	
uce-7668	1.000000	
uce-7669	0.899872	
uce-7673	0.851852	
uce-7676	0.967213	
uce-7678	0.904031	
uce-7679	0.923868	
uce-767	0.938166	
uce-7682	0.865646	
uce-7684	0.903353	
uce-7685	0.918969	
uce-7686	0.928058	
uce-7688	0.931818	
uce-7689	0.901034	
uce-7690	0.810319	
uce-7691	0.911371	
uce-7692	0.941411	
uce-7694	0.957290	
uce-7695	0.877863	
uce-7697	0.934524	
uce-7699	0.982143	
uce-76	0.932821	
uce-7700	0.939968	
uce-7701	1.000000	
uce-7703	0.887460	
uce-7704	0.965620	
uce-7706	0.983740	
uce-7707	0.950156	
uce-7708	0.939683	
uce-7709	0.986175	
uce-7710	0.796330	
uce-7712	0.964218	
uce-7713	0.916084	
uce-7715	0.962733	
uce-7716	0.978182	
uce-7719	0.927632	
uce-771	0.864353	
uce-7721	0.914221	
uce-7724	0.897059	
uce-7725	0.977778	
uce-7726	0.965844	
uce-7727	0.936475	
uce-7729	0.915842	
uce-772	0.914248	
uce-7732	0.945537	
uce-7733	0.898256	
uce-7734	0.915094	
uce-7735	0.959016	
uce-7738	0.970414	
uce-7739	0.856899	
uce-773	0.956947	
uce-7740	0.851351	
uce-7741	0.973101	
uce-7746	0.887526	
uce-7747	0.862786	
uce-7748	0.976378	
uce-774	0.938193	
uce-7751	0.978261	
uce-7752	0.924370	
uce-7753	0.950081	
uce-7755	0.925101	
uce-7757	0.964103	
uce-7758	0.867442	
uce-7761	0.963526	
uce-7763	0.976048	
uce-7764	0.981424	
uce-7768	1.000000	
uce-7772	0.921123	
uce-7774	0.965000	
uce-7776	0.945455	
uce-7778	0.918280	
uce-777	0.993631	
uce-7783	1.000000	
uce-7785	0.935421	
uce-7786	0.787962	
uce-7787	0.892632	
uce-7788	0.905941	
uce-7789	0.839623	
uce-778	0.946792	
uce-7790	0.943069	
uce-7792	0.924276	
uce-7797	0.867868	
uce-7799	0.923077	
uce-77	0.892544	
uce-7801	0.884314	
uce-7803	0.920118	
uce-7804	0.960317	
uce-7806	1.000000	
uce-7807	0.990017	
uce-780	0.969231	
uce-7811	0.961585	
uce-7816	0.922190	
uce-7817	0.950495	
uce-7819	0.982646	
uce-7820	0.877155	
uce-7822	0.852029	
uce-7823	0.930496	
uce-7824	0.880259	
uce-7829	0.838879	
uce-7831	0.978723	
uce-7832	0.938095	
uce-7833	0.911371	
uce-7836	0.946759	
uce-783	0.982587	
uce-7840	0.919509	
uce-7841	0.964844	
uce-7842	0.928839	
uce-7843	0.984353	
uce-7844	0.911833	
uce-7845	0.948529	
uce-7847	0.974708	
uce-7848	0.972222	
uce-7849	0.924429	
uce-784	0.970246	
uce-7850	0.915167	
uce-7852	0.948849	
uce-7854	0.956186	
uce-7857	0.972350	
uce-7858	0.881154	
uce-7859	0.941799	
uce-785	0.852865	
uce-7862	0.943694	
uce-7863	0.981941	
uce-7864	0.944908	
uce-7865	NA	
uce-7866	0.959538	
uce-7867	0.926027	
uce-7869	0.934866	
uce-786	0.952294	
uce-7871	0.943470	
uce-7872	0.917695	
uce-7873	0.918919	
uce-7876	0.934896	
uce-7877	0.952909	
uce-7878	0.774834	
uce-7882	0.914894	
uce-7884	0.935970	
uce-7885	1.000000	
uce-7886	0.901119	
uce-7887	0.882353	
uce-7888	0.935829	
uce-7889	0.971854	
uce-788	0.954876	
uce-7890	0.678967	
uce-7892	1.000000	
uce-7895	0.954972	
uce-7897	0.878981	
uce-7898	0.651832	
uce-7902	0.840708	
uce-7903	0.965928	
uce-7904	0.853357	
uce-7906	0.834813	
uce-7907	0.914706	
uce-7908	0.959350	
uce-7909	0.890265	
uce-790	0.951699	
uce-7910	0.848943	
uce-7912	0.925806	
uce-7913	0.934629	
uce-7914	0.994898	
uce-7917	0.958606	
uce-7919	0.928994	
uce-791	0.959815	
uce-7920	0.702128	
uce-7923	0.960964	
uce-7924	0.870031	
uce-7926	0.916667	
uce-7928	0.727273	
uce-7929	0.967153	
uce-7930	0.920482	
uce-7939	0.960784	
uce-793	0.976868	
uce-7940	0.966736	
uce-7941	0.925234	
uce-7943	0.887255	
uce-7946	0.929985	
uce-7947	0.874539	
uce-7948	0.951220	
uce-7949	0.794749	
uce-794	0.954802	
uce-7950	0.908367	
uce-7951	0.905588	
uce-7955	0.739823	
uce-7956	0.866920	
uce-7957	0.981073	
uce-7958	0.979592	
uce-7959	0.950725	
uce-7960	0.821429	
uce-7961	0.990268	
uce-7962	0.977860	
uce-7963	0.942731	
uce-7965	0.909686	
uce-7967	0.876872	
uce-7968	0.883031	
uce-7969	0.944785	
uce-7970	0.904505	
uce-7971	0.869748	
uce-7972	0.906250	
uce-7975	0.950237	
uce-7977	0.912281	
uce-7978	0.925926	
uce-7979	0.956522	
uce-7981	0.915663	
uce-7982	0.987437	
uce-7983	0.973494	
uce-7984	0.934732	
uce-7985	0.905812	
uce-7987	0.930272	
uce-7988	0.917317	
uce-7990	0.984334	
uce-7991	0.896296	
uce-7992	0.810667	
uce-7994	0.878536	
uce-7996	1.000000	
uce-7997	0.986755	
uce-7999	0.969259	
uce-799	0.879913	
uce-7	0.762115	
uce-8002	0.960280	
uce-8005	0.902597	
uce-8006	0.919450	
uce-8009	0.935229	
uce-800	0.937053	
uce-8010	0.902597	
uce-8011	0.972973	
uce-8012	0.967552	
uce-8014	0.954306	
uce-8016	0.963801	
uce-8017	0.986711	
uce-8026	0.887755	
uce-8029	0.938611	
uce-802	0.979532	
uce-8030	0.977064	
uce-8031	1.000000	
uce-8032	0.968487	
uce-8033	0.871951	
uce-8034	0.974093	
uce-8035	0.895288	
uce-8036	1.000000	
uce-8037	0.992381	
uce-803	0.945122	
uce-8041	0.656766	
uce-8043	0.890661	
uce-8044	0.982964	
uce-8045	0.987179	
uce-8046	0.882143	
uce-805	0.980416	
uce-80	0.978967	
uce-810	0.959720	
uce-812	0.967690	
uce-813	0.995546	
uce-814	0.982759	
uce-816	0.996310	
uce-818	0.940853	
uce-819	0.951299	
uce-81	0.860384	
uce-823	0.953935	
uce-824	0.931373	
uce-825	0.907950	
uce-826	0.990291	
uce-827	0.834163	
uce-828	0.961890	
uce-82	0.979710	
uce-831	0.889356	
uce-833	0.968320	
uce-834	0.961582	
uce-836	0.954474	
uce-837	0.957386	
uce-838	0.956938	
uce-83	0.934993	
uce-841	0.936709	
uce-843	0.927577	
uce-845	0.982906	
uce-848	0.834395	
uce-849	0.980315	
uce-84	0.950241	
uce-850	0.957237	
uce-851	0.901991	
uce-853	0.960118	
uce-855	0.933437	
uce-857	0.918338	
uce-859	0.938525	
uce-85	1.000000	
uce-861	0.945378	
uce-865	0.924370	
uce-866	0.910714	
uce-867	0.950464	
uce-868	0.841463	
uce-869	0.838554	
uce-871	0.951316	
uce-872	0.933908	
uce-873	0.952381	
uce-876	0.909574	
uce-877	0.938776	
uce-87	0.920588	
uce-881	0.918079	
uce-882	0.957230	
uce-883	0.918688	
uce-884	0.903581	
uce-885	0.950262	
uce-886	0.948640	
uce-887	0.945274	
uce-888	0.962264	
uce-889	0.989630	
uce-88	0.944144	
uce-891	0.968563	
uce-893	0.975647	
uce-897	0.930279	
uce-898	0.947961	
uce-899	NA	
uce-902	0.980263	
uce-903	0.948195	
uce-904	0.958834	
uce-905	0.970545	
uce-906	0.964286	
uce-907	0.933813	
uce-908	0.964242	
uce-90	0.975970	
uce-910	0.891599	
uce-912	1.000000	
uce-913	0.965636	
uce-914	0.905960	
uce-915	0.932507	
uce-916	0.966057	
uce-917	0.982005	
uce-918	0.910987	
uce-919	0.910569	
uce-920	0.960563	
uce-921	0.920771	
uce-923	0.918589	
uce-930	0.978947	
uce-931	0.901563	
uce-932	0.995595	
uce-934	0.922124	
uce-937	0.959596	
uce-938	0.974468	
uce-939	0.967419	
uce-93	0.920266	
uce-940	0.935849	
uce-943	0.932895	
uce-946	0.954545	
uce-949	0.947883	
uce-94	0.983444	
uce-950	0.974843	
uce-951	0.912463	
uce-953	0.913580	
uce-955	0.964974	
uce-956	0.937743	
uce-958	0.982620	
uce-959	0.933871	
uce-95	0.959410	
uce-962	0.832727	
uce-965	NA	
uce-967	0.949180	
uce-968	0.962500	
uce-971	0.959484	
uce-972	0.960598	
uce-976	0.898520	
uce-978	0.994350	
uce-97	0.878274	
uce-980	0.964072	
uce-985	0.938722	
uce-987	0.946950	
uce-989	0.903030	
uce-98	0.881220	
uce-990	0.958724	
uce-991	0.926562	
uce-995	0.953291	
uce-997	0.965798	
uce-998	0.898911	
uce-999	0.935335	
uce-99	0.990291	
