Locus	MEAN_COL_SCORE
AHE-L102	0.992380	
AHE-L104	0.971884	
AHE-L105	0.996383	
AHE-L112	0.979895	
AHE-L118	0.986674	
AHE-L119	0.994768	
AHE-L11	0.982596	
AHE-L123	0.954864	
AHE-L125	0.991020	
AHE-L129	0.966858	
AHE-L12	0.962807	
AHE-L131	0.961259	
AHE-L135	0.955224	
AHE-L13	0.828140	
AHE-L144	0.914719	
AHE-L145	0.991892	
AHE-L148	0.949223	
AHE-L14	0.919818	
AHE-L152	0.997579	
AHE-L155	0.980373	
AHE-L158	0.997253	
AHE-L164	0.977727	
AHE-L165	0.995301	
AHE-L170	0.989060	
AHE-L172	0.984615	
AHE-L173	0.929825	
AHE-L176	0.978877	
AHE-L177	0.955665	
AHE-L178	0.997899	
AHE-L180	0.960199	
AHE-L182	0.954704	
AHE-L183	0.995803	
AHE-L184	1.000000	
AHE-L185	0.951393	
AHE-L188	0.989926	
AHE-L189	1.000000	
AHE-L192	0.968771	
AHE-L193	0.998058	
AHE-L196	0.980033	
AHE-L19	0.983374	
AHE-L1	0.995054	
AHE-L200	0.983271	
AHE-L203	0.997473	
AHE-L204	0.962963	
AHE-L205	0.973416	
AHE-L206	0.994530	
AHE-L207	0.991442	
AHE-L20	0.987805	
AHE-L210	0.967722	
AHE-L212	0.923926	
AHE-L215	1.000000	
AHE-L221	0.940171	
AHE-L222	0.979712	
AHE-L224	0.986934	
AHE-L225	0.993209	
AHE-L228	1.000000	
AHE-L229	0.975501	
AHE-L22	0.992598	
AHE-L231	0.979420	
AHE-L241	0.929919	
AHE-L243	0.994983	
AHE-L244	0.984848	
AHE-L245	0.962756	
AHE-L24	0.986624	
AHE-L250	0.981881	
AHE-L256	0.935172	
AHE-L259	0.998776	
AHE-L25	0.951104	
AHE-L260	0.998871	
AHE-L261	0.944186	
AHE-L264	0.982370	
AHE-L265	0.956034	
AHE-L267	0.996214	
AHE-L269	0.998779	
AHE-L271	1.000000	
AHE-L272	1.000000	
AHE-L273	0.998659	
AHE-L276	0.977661	
AHE-L282	0.969605	
AHE-L283	0.983832	
AHE-L284	0.972133	
AHE-L286	1.000000	
AHE-L288	0.967419	
AHE-L289	0.995028	
AHE-L28	0.967601	
AHE-L292	0.886598	
AHE-L295	0.995859	
AHE-L296	0.998610	
AHE-L297	0.952534	
AHE-L29	0.990577	
AHE-L301	1.000000	
AHE-L305	0.968918	
AHE-L306	0.992233	
AHE-L309	1.000000	
AHE-L30	0.986047	
AHE-L314	0.965564	
AHE-L315	0.994565	
AHE-L317	0.942075	
AHE-L322	0.980371	
AHE-L326	0.986188	
AHE-L327	0.994770	
AHE-L333	0.977483	
AHE-L340	0.991346	
AHE-L343	1.000000	
AHE-L34	0.993363	
AHE-L350	0.955386	
AHE-L351	0.975627	
AHE-L352	0.981346	
AHE-L354	0.980087	
AHE-L357	0.995098	
AHE-L35	0.981627	
AHE-L361	0.993998	
AHE-L362	0.966912	
AHE-L364	0.992147	
AHE-L365	0.995308	
AHE-L366	0.995951	
AHE-L367	0.989520	
AHE-L368	0.984869	
AHE-L36	0.985989	
AHE-L371	0.998491	
AHE-L372	0.968750	
AHE-L377	0.982730	
AHE-L379	0.983977	
AHE-L381	0.981243	
AHE-L382	0.954490	
AHE-L386	0.971859	
AHE-L389	0.994859	
AHE-L390	0.987034	
AHE-L394	0.984152	
AHE-L395	0.976205	
AHE-L397	0.986903	
AHE-L39	0.987302	
AHE-L400	1.000000	
AHE-L401	1.000000	
AHE-L40	0.990050	
AHE-L42	1.000000	
AHE-L49	0.993141	
AHE-L52	0.979520	
AHE-L55	0.897878	
AHE-L56	0.998495	
AHE-L57	0.985932	
AHE-L61	0.949936	
AHE-L67	1.000000	
AHE-L75	0.996078	
AHE-L76	0.994902	
AHE-L80	0.917355	
AHE-L84	0.972283	
AHE-L87	0.923338	
AHE-L88	0.896158	
AHE-L93	0.961003	
AHE-L96	0.991430	
gene-AKAP9	1.000000	
gene-BDNF	0.995726	
gene-BMP2	1.000000	
gene-ENC1	1.000000	
gene-FSHR	1.000000	
gene-GALR1	0.972028	
gene-NGFB	0.977089	
gene-PNN	0.977383	
gene-SLC8A1	1.000000	
hot_H	0.871728	
input	0.976608	
uce-1003	0.952070	
uce-1004	0.958606	
uce-1005	0.991497	
uce-1008	0.974227	
uce-1010	0.991987	
uce-1012	0.956344	
uce-1013	0.970522	
uce-1014	0.974777	
uce-1017	0.735417	
uce-1018	0.929701	
uce-101	0.963977	
uce-1021	0.985843	
uce-1025	0.890511	
uce-1026	0.846821	
uce-1027	0.977401	
uce-1029	0.932619	
uce-102	0.949807	
uce-1031	0.915408	
uce-1034	0.948310	
uce-1035	0.991684	
uce-1036	0.959036	
uce-1037	0.981900	
uce-1038	0.957778	
uce-1039	0.959759	
uce-103	0.798400	
uce-1040	0.849462	
uce-1041	0.831283	
uce-1043	0.996960	
uce-1044	0.988868	
uce-1047	0.958005	
uce-1048	0.943074	
uce-1050	0.966216	
uce-1051	0.904841	
uce-1052	0.972637	
uce-1053	0.950345	
uce-1054	0.907407	
uce-1055	0.898190	
uce-1056	0.878049	
uce-1058	0.976852	
uce-105	1.000000	
uce-1060	0.875318	
uce-1061	0.953226	
uce-1062	0.973684	
uce-1063	0.982482	
uce-1064	0.954128	
uce-1065	0.989796	
uce-1068	0.940299	
uce-1069	0.985759	
uce-106	0.936842	
uce-1070	0.933219	
uce-1072	0.920123	
uce-1077	0.940299	
uce-1081	0.895118	
uce-1083	0.950113	
uce-1084	0.964657	
uce-1085	0.986425	
uce-1089	0.918728	
uce-1090	0.979275	
uce-1092	0.930108	
uce-1093	0.940358	
uce-1094	0.957983	
uce-1098	0.966561	
uce-10	0.842752	
uce-1100	0.936884	
uce-1101	0.911433	
uce-1102	0.967925	
uce-1107	0.893791	
uce-110	0.843691	
uce-1110	0.990741	
uce-1113	0.923963	
uce-1119	0.908333	
uce-111	0.884268	
uce-1120	0.975169	
uce-1121	0.965197	
uce-1122	0.985935	
uce-1123	0.914986	
uce-1126	0.782927	
uce-1127	0.986564	
uce-1128	0.974104	
uce-1131	0.940379	
uce-1133	0.932149	
uce-1134	0.907579	
uce-1135	0.981395	
uce-1136	0.967366	
uce-1138	0.887715	
uce-1139	0.973244	
uce-1141	0.933131	
uce-1143	0.941176	
uce-1148	0.917582	
uce-1149	0.989267	
uce-114	0.946281	
uce-1150	0.943987	
uce-1154	0.955385	
uce-1155	0.855649	
uce-1157	0.990676	
uce-1158	0.992357	
uce-1159	0.939326	
uce-115	1.000000	
uce-1161	0.975970	
uce-1162	0.981132	
uce-1163	0.876176	
uce-1167	0.925734	
uce-1168	0.881905	
uce-1169	0.951863	
uce-1170	0.896861	
uce-1172	0.873862	
uce-1173	0.977312	
uce-1174	0.947598	
uce-1176	0.994203	
uce-1177	0.980392	
uce-1178	0.944218	
uce-117	0.927419	
uce-1181	0.949495	
uce-1182	0.975741	
uce-1183	0.958084	
uce-1185	0.919804	
uce-1187	0.985428	
uce-1188	0.993548	
uce-1190	0.937073	
uce-1191	0.755814	
uce-1192	0.938704	
uce-1193	0.868476	
uce-1194	0.923896	
uce-119	0.958140	
uce-11	0.954474	
uce-1200	0.961039	
uce-1201	0.943052	
uce-1202	0.973641	
uce-1203	0.909496	
uce-1204	0.957353	
uce-1205	0.980344	
uce-1206	0.983696	
uce-1207	0.989605	
uce-1209	0.978916	
uce-120	0.964029	
uce-1210	0.961111	
uce-1211	0.917840	
uce-1212	0.977465	
uce-1215	0.946459	
uce-1216	0.795238	
uce-1217	1.000000	
uce-1219	0.935484	
uce-121	0.876307	
uce-1222	0.762463	
uce-1224	0.944649	
uce-1225	0.982869	
uce-1231	0.975717	
uce-1232	0.959243	
uce-1233	0.930667	
uce-1234	0.927273	
uce-1236	0.954472	
uce-1239	0.976109	
uce-1241	0.942748	
uce-1242	0.976090	
uce-1243	0.812362	
uce-1245	0.978910	
uce-1246	0.953083	
uce-124	0.978320	
uce-1250	0.964067	
uce-1252	0.985646	
uce-1253	0.900149	
uce-1255	0.970100	
uce-1256	0.968085	
uce-1257	0.988906	
uce-1259	0.828255	
uce-125	0.970297	
uce-1260	1.000000	
uce-1263	1.000000	
uce-1264	0.970383	
uce-1265	0.911602	
uce-1267	0.963399	
uce-1268	0.840611	
uce-1270	0.961199	
uce-1271	0.949511	
uce-1272	0.970075	
uce-1276	0.949765	
uce-1277	1.000000	
uce-1278	0.992248	
uce-127	0.942701	
uce-1281	0.970537	
uce-1285	0.972350	
uce-1286	0.908696	
uce-1288	0.910394	
uce-128	0.899696	
uce-1290	0.991319	
uce-1291	0.913502	
uce-1295	0.978784	
uce-1298	0.900281	
uce-1299	0.958559	
uce-129	0.974446	
uce-12	0.947674	
uce-1300	0.966725	
uce-1301	0.979050	
uce-1304	0.993548	
uce-1305	0.985740	
uce-1306	0.994371	
uce-1307	0.780443	
uce-1309	0.991879	
uce-1311	0.874663	
uce-1313	0.986523	
uce-1314	0.944759	
uce-1318	0.978587	
uce-1319	0.951163	
uce-131	0.827751	
uce-1322	0.924773	
uce-1323	0.927119	
uce-1326	0.972350	
uce-1329	0.977586	
uce-132	0.877193	
uce-1333	0.989691	
uce-1334	0.951945	
uce-1335	0.932039	
uce-1336	0.977918	
uce-1339	0.929487	
uce-1342	0.988966	
uce-1344	0.842020	
uce-1345	0.897321	
uce-1346	0.997330	
uce-1348	0.910412	
uce-1349	0.996289	
uce-134	0.956989	
uce-1350	0.983721	
uce-1351	0.955056	
uce-1354	0.950893	
uce-1357	0.948092	
uce-1358	0.960046	
uce-1359	0.943307	
uce-1360	0.989437	
uce-1361	1.000000	
uce-1362	0.977410	
uce-1363	0.938849	
uce-1366	0.939655	
uce-1367	0.936123	
uce-1368	0.970972	
uce-136	0.875380	
uce-1371	0.930966	
uce-1374	0.929545	
uce-1375	1.000000	
uce-1376	0.957701	
uce-1378	0.979487	
uce-1381	0.884268	
uce-1383	0.975309	
uce-1384	0.969502	
uce-1385	0.917197	
uce-1389	0.834625	
uce-1390	0.918367	
uce-1392	0.810198	
uce-1393	0.984877	
uce-1394	0.994839	
uce-1395	0.976048	
uce-1396	1.000000	
uce-1397	0.965686	
uce-139	0.967546	
uce-1402	0.912029	
uce-1403	0.944367	
uce-1405	0.971129	
uce-1408	0.860068	
uce-1410	0.949580	
uce-1412	0.953101	
uce-1413	0.940729	
uce-1415	0.980952	
uce-1417	0.921245	
uce-1419	0.948299	
uce-1420	0.962963	
uce-1422	0.813131	
uce-1423	0.983051	
uce-1424	0.942373	
uce-1425	0.921671	
uce-1427	0.997585	
uce-142	0.883249	
uce-1430	0.993174	
uce-1434	0.872763	
uce-1435	0.869497	
uce-1438	0.923077	
uce-143	0.979943	
uce-1442	0.961353	
uce-1446	0.930830	
uce-1447	0.995565	
uce-144	0.964286	
uce-1450	0.949821	
uce-1451	0.962406	
uce-1453	0.979021	
uce-1454	0.895641	
uce-1456	0.947160	
uce-1457	0.967677	
uce-1458	0.993697	
uce-1462	0.850158	
uce-1463	0.902475	
uce-1466	0.977316	
uce-1467	0.849722	
uce-1468	0.923395	
uce-1469	0.958269	
uce-146	0.990278	
uce-1470	0.980745	
uce-1471	0.981061	
uce-1474	0.925926	
uce-1476	0.960340	
uce-1477	0.970228	
uce-1478	0.958153	
uce-147	0.838852	
uce-1480	0.937023	
uce-1482	0.942928	
uce-1483	0.990840	
uce-1484	0.980462	
uce-1485	0.915430	
uce-1488	0.904762	
uce-1489	0.979675	
uce-148	0.912281	
uce-1490	0.860063	
uce-1492	0.982270	
uce-1497	0.941926	
uce-1498	0.932609	
uce-1499	0.979757	
uce-149	0.994374	
uce-14	1.000000	
uce-1500	0.906442	
uce-1501	0.968504	
uce-1504	0.927203	
uce-1506	0.795527	
uce-1507	0.862191	
uce-1508	0.989775	
uce-1509	0.934524	
uce-1511	0.919048	
uce-1512	0.968254	
uce-1514	0.963315	
uce-1520	0.979487	
uce-1523	0.976936	
uce-1526	0.957346	
uce-1528	0.926471	
uce-1529	0.990888	
uce-1530	1.000000	
uce-1531	0.907489	
uce-1533	0.860550	
uce-1535	0.974490	
uce-1538	0.948837	
uce-1539	0.932070	
uce-153	0.861199	
uce-1540	0.943627	
uce-1544	0.930591	
uce-1545	0.982695	
uce-1547	0.989150	
uce-154	0.972177	
uce-1550	0.897500	
uce-1552	0.968072	
uce-1555	0.950092	
uce-1556	0.992908	
uce-1558	0.982942	
uce-1560	0.942699	
uce-1561	0.908683	
uce-1562	0.916399	
uce-1563	0.704805	
uce-1564	0.918089	
uce-1565	0.961774	
uce-1566	0.979398	
uce-1568	0.935282	
uce-1569	0.901503	
uce-1570	1.000000	
uce-1572	0.945175	
uce-1573	0.974806	
uce-1576	0.980870	
uce-1579	0.941573	
uce-157	0.902549	
uce-1580	0.947455	
uce-1581	0.923828	
uce-1582	1.000000	
uce-1586	0.981265	
uce-1588	0.993988	
uce-1590	0.980614	
uce-1591	0.997024	
uce-1594	0.891837	
uce-1597	0.925217	
uce-1598	0.816406	
uce-15	0.986364	
uce-1600	0.946467	
uce-1601	1.000000	
uce-1602	0.993711	
uce-1606	0.967016	
uce-1610	1.000000	
uce-1611	0.968952	
uce-1613	0.951140	
uce-1614	0.958412	
uce-1616	0.930693	
uce-1618	0.903704	
uce-161	0.975124	
uce-1621	0.960094	
uce-1622	0.959752	
uce-1624	0.880952	
uce-1625	0.977376	
uce-1629	0.990278	
uce-162	0.961415	
uce-1630	0.986339	
uce-1631	0.925852	
uce-1633	0.993949	
uce-1634	0.956403	
uce-1636	0.955823	
uce-1639	0.964497	
uce-1641	0.964706	
uce-1642	0.956294	
uce-1643	0.929530	
uce-1644	0.981567	
uce-1645	0.950653	
uce-1648	0.974874	
uce-1649	0.970480	
uce-1650	0.957944	
uce-1652	0.954023	
uce-1653	0.986842	
uce-1655	0.974478	
uce-1658	0.991573	
uce-1659	0.832669	
uce-1660	0.961921	
uce-1662	0.930493	
uce-1667	0.931429	
uce-166	0.940532	
uce-1671	0.927305	
uce-1675	0.940476	
uce-1677	0.965071	
uce-1678	0.989556	
uce-1679	0.991289	
uce-1680	0.952267	
uce-1683	0.971014	
uce-1685	0.972527	
uce-1689	0.979695	
uce-1690	0.932127	
uce-1692	0.972650	
uce-1693	1.000000	
uce-1694	0.931907	
uce-1695	0.982323	
uce-1698	0.921801	
uce-169	0.931655	
uce-16	0.979502	
uce-1702	0.775298	
uce-1703	0.952778	
uce-1705	0.966797	
uce-1706	0.919922	
uce-1707	0.965426	
uce-1708	0.799342	
uce-1709	0.970282	
uce-170	0.946117	
uce-1713	0.933333	
uce-1718	0.934322	
uce-1719	0.934664	
uce-171	0.981308	
uce-1722	0.959350	
uce-1723	0.946774	
uce-172	0.908738	
uce-1731	0.885671	
uce-1732	0.991131	
uce-1733	0.931284	
uce-1736	0.941748	
uce-173	0.977465	
uce-1741	0.920182	
uce-1742	0.951786	
uce-1743	0.977492	
uce-1744	0.929638	
uce-1745	0.971326	
uce-1746	0.885246	
uce-1747	0.983368	
uce-1748	0.966555	
uce-1749	0.948240	
uce-1750	0.958277	
uce-1751	0.972637	
uce-1752	0.862398	
uce-1753	0.991952	
uce-1754	0.987889	
uce-1756	0.944785	
uce-1757	0.874404	
uce-1758	0.937220	
uce-1759	0.985955	
uce-175	0.960422	
uce-1762	0.972461	
uce-1763	0.989796	
uce-1765	0.974513	
uce-1766	0.976923	
uce-1767	0.932551	
uce-1768	0.987597	
uce-1769	0.978091	
uce-1770	0.948980	
uce-1774	0.977597	
uce-1775	0.977974	
uce-1776	0.980040	
uce-1777	0.804721	
uce-177	0.983114	
uce-1780	0.928135	
uce-1781	0.975791	
uce-1782	0.869650	
uce-1783	0.942675	
uce-1785	0.900212	
uce-1786	0.787356	
uce-1787	0.980273	
uce-178	0.938815	
uce-1793	0.979079	
uce-1794	0.996357	
uce-1796	0.979730	
uce-1798	0.967347	
uce-17	0.972387	
uce-1800	0.990533	
uce-1802	0.953908	
uce-1804	0.926400	
uce-1805	0.958188	
uce-1806	0.940582	
uce-1808	0.938776	
uce-1809	0.990268	
uce-180	0.949033	
uce-1810	0.745763	
uce-1811	0.967500	
uce-1813	0.931343	
uce-1814	0.978799	
uce-1816	0.955182	
uce-1817	1.000000	
uce-1819	0.953349	
uce-181	0.924429	
uce-1820	0.945750	
uce-1822	0.955224	
uce-1823	0.918149	
uce-1824	0.954849	
uce-1825	0.953556	
uce-1828	0.992806	
uce-182	0.995313	
uce-1830	0.978967	
uce-1832	0.995146	
uce-1834	0.937153	
uce-1835	0.952715	
uce-1836	0.954678	
uce-183	0.987552	
uce-1841	0.940945	
uce-1842	0.929553	
uce-1843	0.963605	
uce-1845	0.960317	
uce-1846	0.958146	
uce-1849	0.991274	
uce-1850	0.962433	
uce-1858	0.956140	
uce-1859	0.969565	
uce-185	0.791519	
uce-1860	0.989521	
uce-1863	0.984962	
uce-1864	0.647682	
uce-1865	0.949405	
uce-1867	0.958848	
uce-1868	0.973770	
uce-1869	0.994700	
uce-186	1.000000	
uce-1873	0.979920	
uce-1875	0.942786	
uce-1877	0.966614	
uce-1878	0.980800	
uce-1879	0.994863	
uce-1880	0.918651	
uce-1884	0.878788	
uce-1886	0.931929	
uce-1888	0.988095	
uce-1889	0.929134	
uce-188	0.965009	
uce-1890	0.982332	
uce-1891	0.966330	
uce-1892	0.875000	
uce-1893	0.985591	
uce-1895	0.867041	
uce-1896	0.839080	
uce-1897	0.969101	
uce-1898	0.963437	
uce-1899	0.991119	
uce-18	0.985782	
uce-1900	0.956621	
uce-1903	1.000000	
uce-1904	0.925444	
uce-1906	0.941919	
uce-1907	0.928025	
uce-1908	0.977966	
uce-1909	0.980998	
uce-190	0.988528	
uce-1910	0.973761	
uce-1911	0.954128	
uce-1912	0.898799	
uce-1913	0.935185	
uce-1914	0.953659	
uce-1915	1.000000	
uce-1917	0.859451	
uce-1918	1.000000	
uce-1919	0.916256	
uce-191	0.975945	
uce-1920	0.968566	
uce-1922	0.965997	
uce-1925	0.993528	
uce-1928	0.936027	
uce-1929	0.989529	
uce-192	0.951923	
uce-1932	0.986957	
uce-1933	0.963855	
uce-1937	0.979710	
uce-1938	0.822917	
uce-1941	0.916350	
uce-1943	0.907343	
uce-1946	0.874251	
uce-1956	0.860817	
uce-195	0.930943	
uce-1960	0.932227	
uce-1961	1.000000	
uce-1963	0.960854	
uce-1964	0.985545	
uce-1965	0.966057	
uce-1966	0.834783	
uce-1967	0.993902	
uce-1969	0.932673	
uce-1970	0.970213	
uce-1971	0.941973	
uce-1972	0.960699	
uce-1975	0.954993	
uce-1976	0.934319	
uce-1977	0.990043	
uce-1979	0.966592	
uce-1980	0.933993	
uce-1981	0.940230	
uce-1982	0.985782	
uce-1983	0.947146	
uce-1985	0.982211	
uce-1986	0.962963	
uce-1988	0.994812	
uce-1989	0.946704	
uce-198	0.973958	
uce-1993	0.964286	
uce-1995	0.942717	
uce-1996	0.990177	
uce-1997	0.978884	
uce-1998	0.986965	
uce-1999	0.986183	
uce-19	0.927476	
uce-2000	0.968553	
uce-2001	0.949664	
uce-2003	0.935335	
uce-2004	0.969697	
uce-2005	0.929104	
uce-2006	0.932524	
uce-2007	0.921017	
uce-2008	0.941263	
uce-2009	0.953846	
uce-200	0.933042	
uce-2010	0.980392	
uce-2012	0.979367	
uce-2013	0.950355	
uce-2014	0.972669	
uce-2016	0.938744	
uce-2018	0.836018	
uce-201	0.969072	
uce-2020	1.000000	
uce-2021	0.981612	
uce-2023	0.969419	
uce-2024	0.914657	
uce-2025	0.964587	
uce-2028	0.950372	
uce-202	0.958861	
uce-2030	0.940447	
uce-2031	0.973228	
uce-2033	0.930108	
uce-2034	0.987680	
uce-2035	0.911290	
uce-2036	0.960656	
uce-2037	0.975669	
uce-2040	1.000000	
uce-2041	0.978558	
uce-2042	0.970861	
uce-2043	0.965672	
uce-2045	0.955696	
uce-2046	0.971631	
uce-2048	0.936210	
uce-2049	0.929279	
uce-204	0.968227	
uce-2051	0.946463	
uce-2053	0.646226	
uce-2054	0.972881	
uce-2055	0.992443	
uce-2057	0.969697	
uce-205	0.961794	
uce-2060	0.978520	
uce-2062	0.990291	
uce-2063	0.951644	
uce-2064	0.929360	
uce-2066	0.888889	
uce-2068	0.939568	
uce-2069	0.970845	
uce-2070	0.968750	
uce-2073	0.944134	
uce-2075	0.811088	
uce-2076	1.000000	
uce-2077	0.846512	
uce-2079	0.925455	
uce-207	0.921899	
uce-2080	0.974737	
uce-2082	0.959807	
uce-2083	0.970093	
uce-2086	0.965404	
uce-2088	0.957192	
uce-2089	0.923328	
uce-208	0.986000	
uce-2090	0.975921	
uce-2092	0.941278	
uce-2094	0.978887	
uce-2096	0.967033	
uce-2099	0.978764	
uce-2100	0.936204	
uce-2102	0.965157	
uce-2103	0.980998	
uce-2104	0.926724	
uce-2108	0.978602	
uce-2109	0.944186	
uce-2111	0.956897	
uce-2112	0.975194	
uce-2113	0.982206	
uce-2114	0.961353	
uce-2116	0.932971	
uce-2118	0.840796	
uce-2119	0.772394	
uce-211	0.981584	
uce-2120	0.961468	
uce-2122	0.990640	
uce-2124	0.948454	
uce-2125	0.991471	
uce-2126	0.882759	
uce-2127	0.944637	
uce-2129	0.939759	
uce-212	0.949212	
uce-2131	0.993730	
uce-2134	0.884146	
uce-2135	0.861436	
uce-2136	0.970000	
uce-2138	0.919455	
uce-213	0.982906	
uce-2140	0.934066	
uce-2142	1.000000	
uce-2145	0.976608	
uce-2146	0.939271	
uce-2147	0.988636	
uce-2149	0.986755	
uce-2151	0.984211	
uce-2152	0.993631	
uce-2154	0.953596	
uce-2155	0.992481	
uce-2156	0.951648	
uce-215	0.992079	
uce-2160	0.952077	
uce-2162	0.870920	
uce-2163	0.962578	
uce-2164	0.993135	
uce-2165	0.832031	
uce-2166	0.963788	
uce-2168	0.877778	
uce-2169	1.000000	
uce-2172	0.851100	
uce-2175	0.951890	
uce-2176	0.987013	
uce-2177	0.964088	
uce-2178	0.920826	
uce-2179	0.947735	
uce-2180	0.986464	
uce-2183	0.879004	
uce-2184	0.953125	
uce-2185	0.978923	
uce-2187	0.867749	
uce-2190	0.972743	
uce-2193	0.896936	
uce-2194	0.903587	
uce-2195	0.968831	
uce-2196	0.903353	
uce-2198	0.957547	
uce-219	0.964775	
uce-2201	0.908686	
uce-2202	0.844017	
uce-2204	0.988235	
uce-2206	0.972222	
uce-2208	0.648485	
uce-2209	0.952381	
uce-220	0.806405	
uce-2211	0.928044	
uce-2212	1.000000	
uce-2213	0.986667	
uce-2217	0.795527	
uce-2219	0.947455	
uce-221	0.965596	
uce-2220	0.880309	
uce-2222	0.939929	
uce-2223	0.926829	
uce-2224	0.881919	
uce-2225	0.936752	
uce-2226	0.931350	
uce-2229	0.907407	
uce-222	0.976744	
uce-2230	0.819897	
uce-2231	0.961969	
uce-2233	1.000000	
uce-2235	0.909302	
uce-2238	0.924499	
uce-2239	0.963190	
uce-223	0.984394	
uce-2243	0.993631	
uce-2245	0.936214	
uce-2246	0.986979	
uce-2247	0.970219	
uce-2248	0.934985	
uce-224	0.955446	
uce-2250	0.954693	
uce-2251	0.828306	
uce-2252	0.938662	
uce-2253	0.922105	
uce-2255	0.843137	
uce-2257	0.947808	
uce-2259	0.970109	
uce-225	0.919877	
uce-2260	0.910843	
uce-2261	0.990602	
uce-2263	0.875676	
uce-2265	0.937904	
uce-2266	0.934343	
uce-2267	0.856649	
uce-2270	0.897996	
uce-2273	0.921384	
uce-2274	0.848889	
uce-2275	0.729412	
uce-2276	0.764000	
uce-2277	0.736994	
uce-2278	0.938398	
uce-2279	0.959790	
uce-227	0.915160	
uce-2282	1.000000	
uce-2283	0.953448	
uce-2284	0.949749	
uce-2287	0.982759	
uce-2288	0.916168	
uce-2289	0.994521	
uce-2291	0.939502	
uce-2293	1.000000	
uce-2294	0.916667	
uce-2296	0.925856	
uce-2297	0.971264	
uce-2298	0.920000	
uce-2302	0.970060	
uce-2303	0.938272	
uce-2306	0.966292	
uce-2308	0.974286	
uce-2309	0.984000	
uce-230	0.937785	
uce-2310	0.965789	
uce-2312	0.927619	
uce-2313	0.952596	
uce-2315	0.968354	
uce-2319	0.972340	
uce-231	0.965596	
uce-2320	0.906736	
uce-2321	0.938525	
uce-2325	0.929752	
uce-2326	0.907095	
uce-2328	0.959677	
uce-232	0.933810	
uce-2331	0.989960	
uce-2334	0.980738	
uce-2335	0.955810	
uce-2336	0.952542	
uce-2338	0.903162	
uce-233	0.968992	
uce-2340	0.980676	
uce-2341	0.958738	
uce-2342	0.946939	
uce-2344	0.970845	
uce-2345	1.000000	
uce-2346	0.991837	
uce-2347	0.935035	
uce-2349	0.866290	
uce-234	0.918831	
uce-2350	0.800539	
uce-2352	0.934081	
uce-2353	0.944251	
uce-2356	0.971857	
uce-2357	0.977833	
uce-2358	0.882948	
uce-235	0.898187	
uce-2361	0.975169	
uce-2365	0.986667	
uce-2366	0.755027	
uce-2367	0.954474	
uce-2369	0.878873	
uce-2370	0.920543	
uce-2371	0.944785	
uce-2372	0.970516	
uce-2376	0.966102	
uce-2377	1.000000	
uce-2378	0.967249	
uce-2379	0.821978	
uce-237	0.991758	
uce-2380	0.920000	
uce-2383	0.987893	
uce-2384	0.870769	
uce-2385	0.925439	
uce-2386	0.804795	
uce-2387	0.954128	
uce-2388	0.934177	
uce-2389	0.977848	
uce-238	0.947776	
uce-2392	0.932471	
uce-2393	0.938776	
uce-2395	0.833625	
uce-2396	0.898820	
uce-2397	0.932551	
uce-2399	0.787302	
uce-239	0.986127	
uce-23	0.964664	
uce-2400	0.935897	
uce-2404	0.958188	
uce-2406	0.881395	
uce-2407	0.989796	
uce-2409	0.944798	
uce-240	0.972973	
uce-2414	0.980392	
uce-2415	0.927107	
uce-2416	0.912473	
uce-2417	0.964539	
uce-2418	0.919492	
uce-2419	0.991304	
uce-241	0.977654	
uce-2422	0.936139	
uce-2423	0.978102	
uce-2427	0.868102	
uce-242	0.812925	
uce-2431	0.954758	
uce-2432	0.970845	
uce-2433	0.939698	
uce-2435	0.969388	
uce-2437	0.916505	
uce-2438	0.889597	
uce-2439	0.825776	
uce-243	0.978070	
uce-2441	0.995902	
uce-2442	0.948320	
uce-2444	0.960938	
uce-2445	0.989510	
uce-2446	0.764151	
uce-2447	0.879570	
uce-2448	0.982684	
uce-2450	0.951613	
uce-2451	0.931548	
uce-2452	0.977273	
uce-2453	0.903465	
uce-2454	0.977716	
uce-2455	0.891892	
uce-2456	0.886598	
uce-2457	0.921053	
uce-2459	0.986532	
uce-245	0.981132	
uce-2461	0.923645	
uce-2462	0.930667	
uce-2464	0.954155	
uce-2465	0.980220	
uce-2466	0.961977	
uce-2468	0.922201	
uce-2469	0.821530	
uce-246	0.904494	
uce-2471	0.966431	
uce-2472	0.943739	
uce-2474	0.957447	
uce-2475	0.961039	
uce-2476	0.981293	
uce-2478	0.917208	
uce-2480	0.945848	
uce-2482	0.957711	
uce-2485	0.899628	
uce-2486	0.867188	
uce-2487	0.874016	
uce-2488	0.968553	
uce-2489	0.975045	
uce-248	0.976431	
uce-2498	0.894879	
uce-249	0.955882	
uce-24	0.934516	
uce-2502	0.924706	
uce-2503	0.976526	
uce-2504	0.922432	
uce-2505	0.948718	
uce-2506	0.928571	
uce-2507	0.924000	
uce-2508	0.922559	
uce-2509	0.958333	
uce-2510	0.972281	
uce-2511	0.985782	
uce-2512	0.959799	
uce-2514	0.856557	
uce-2515	0.985600	
uce-2516	0.996928	
uce-251	0.986175	
uce-2521	0.894281	
uce-2522	0.835443	
uce-2525	0.992424	
uce-2526	0.965190	
uce-2529	0.951261	
uce-252	0.984211	
uce-2531	0.978313	
uce-2533	0.982609	
uce-2534	0.932367	
uce-2537	0.927512	
uce-2538	1.000000	
uce-2539	0.951923	
uce-253	0.960289	
uce-2540	0.860724	
uce-2544	0.955631	
uce-2545	0.976153	
uce-2546	0.957627	
uce-254	0.928090	
uce-2550	0.960000	
uce-2551	0.953039	
uce-2552	0.965608	
uce-2553	0.957025	
uce-2558	0.919236	
uce-2559	0.920777	
uce-255	0.931034	
uce-2560	0.988095	
uce-2561	0.782443	
uce-2563	0.983607	
uce-2564	0.885159	
uce-2565	0.947500	
uce-2566	0.871287	
uce-2569	1.000000	
uce-256	0.997512	
uce-2572	0.922049	
uce-2573	0.939904	
uce-2574	0.955595	
uce-2575	0.946015	
uce-2576	0.827759	
uce-2577	0.990706	
uce-2579	0.919403	
uce-257	0.915746	
uce-2582	0.960187	
uce-2585	0.985330	
uce-2586	0.932476	
uce-2587	0.964539	
uce-2589	0.922360	
uce-258	0.983432	
uce-2591	0.976321	
uce-2592	0.839252	
uce-2594	0.930131	
uce-2595	0.958333	
uce-2596	0.935185	
uce-2598	0.990506	
uce-2599	0.951710	
uce-25	0.948077	
uce-2600	0.993031	
uce-2605	0.880478	
uce-2609	0.942771	
uce-260	0.950000	
uce-2611	0.991790	
uce-2612	0.952381	
uce-2613	0.888060	
uce-2614	0.965092	
uce-2618	0.853273	
uce-2619	0.813380	
uce-261	0.951747	
uce-2620	0.945338	
uce-2621	0.900000	
uce-2623	0.923541	
uce-2625	0.914894	
uce-2628	0.894366	
uce-2637	0.938808	
uce-2638	0.962898	
uce-2639	0.945415	
uce-263	0.967413	
uce-2642	0.947598	
uce-2645	0.929782	
uce-2646	0.829457	
uce-2647	0.944171	
uce-2648	0.836935	
uce-264	0.967930	
uce-2651	0.909910	
uce-2655	0.991453	
uce-2656	0.991843	
uce-2657	1.000000	
uce-2658	0.931408	
uce-2662	0.958225	
uce-2665	0.970856	
uce-2667	0.933232	
uce-266	0.967427	
uce-2670	0.968468	
uce-2671	0.941423	
uce-2674	0.961661	
uce-2676	0.933594	
uce-2677	0.989848	
uce-2678	0.965636	
uce-2680	0.857143	
uce-2681	0.995951	
uce-2682	0.983155	
uce-2684	0.879908	
uce-2687	0.930894	
uce-2688	0.950226	
uce-268	0.835777	
uce-2690	0.919142	
uce-2693	0.865248	
uce-2694	0.962064	
uce-2697	0.929360	
uce-2698	0.977169	
uce-2699	0.911985	
uce-269	0.957377	
uce-2700	0.882353	
uce-2701	0.982833	
uce-2703	0.968992	
uce-2704	0.917160	
uce-2707	0.959916	
uce-2708	0.995992	
uce-2710	0.924051	
uce-2713	0.924658	
uce-2714	0.988294	
uce-2716	0.946593	
uce-2718	0.959821	
uce-2719	0.994609	
uce-2729	0.703704	
uce-2731	0.992051	
uce-2732	0.919540	
uce-2733	0.973684	
uce-2734	0.945946	
uce-2735	0.931985	
uce-2736	0.977011	
uce-2739	0.867784	
uce-273	0.947781	
uce-2740	1.000000	
uce-2742	0.897485	
uce-2745	0.938294	
uce-2746	0.921708	
uce-2748	0.855872	
uce-274	0.945455	
uce-2752	0.975845	
uce-2753	0.888268	
uce-2754	0.985663	
uce-2755	0.924699	
uce-2757	0.968652	
uce-2758	0.979405	
uce-2762	0.933884	
uce-2763	0.939815	
uce-2765	0.881081	
uce-2766	0.905028	
uce-2767	0.972843	
uce-2768	0.948718	
uce-2769	0.986159	
uce-276	0.953376	
uce-2770	0.943038	
uce-2771	0.968051	
uce-2772	0.934211	
uce-2773	0.959924	
uce-2774	0.973435	
uce-2775	0.885813	
uce-2778	0.875878	
uce-277	0.884298	
uce-2780	0.813830	
uce-2781	0.869969	
uce-2782	0.924419	
uce-2784	0.993939	
uce-2785	0.960967	
uce-2788	0.940397	
uce-2789	0.915966	
uce-278	0.937908	
uce-2790	0.980349	
uce-2794	0.956647	
uce-2795	0.930328	
uce-2796	0.981162	
uce-2797	0.983221	
uce-279	0.947059	
uce-27	0.931095	
uce-2800	0.944356	
uce-2801	0.983539	
uce-2802	0.973631	
uce-2803	0.969407	
uce-2809	0.966887	
uce-280	0.991170	
uce-2810	0.932414	
uce-2811	0.969838	
uce-2814	0.988270	
uce-2816	0.970833	
uce-2817	0.960280	
uce-2818	0.792135	
uce-2821	0.939130	
uce-2823	0.973934	
uce-2825	0.956954	
uce-2827	0.989362	
uce-2828	0.830372	
uce-2831	0.911548	
uce-2833	0.869159	
uce-2834	0.834507	
uce-2835	0.942857	
uce-2837	0.956757	
uce-2840	0.992395	
uce-2841	0.973435	
uce-2842	0.906926	
uce-2843	0.947853	
uce-2844	0.923967	
uce-2846	0.949791	
uce-2847	0.962389	
uce-2848	0.950943	
uce-2849	0.934489	
uce-2851	0.967546	
uce-2853	0.947236	
uce-2856	0.955665	
uce-2857	0.955403	
uce-2858	0.814925	
uce-285	0.901499	
uce-2860	0.975560	
uce-2861	0.976000	
uce-2864	0.969005	
uce-2865	0.984733	
uce-2866	0.961783	
uce-2868	0.945770	
uce-2869	0.896552	
uce-286	0.896552	
uce-2870	0.992366	
uce-2874	0.982079	
uce-2875	0.927757	
uce-2877	0.874788	
uce-2878	0.976619	
uce-2879	0.934685	
uce-287	0.978078	
uce-2886	0.945652	
uce-2887	0.971223	
uce-2888	0.988201	
uce-2889	0.991886	
uce-288	0.930000	
uce-2890	0.968992	
uce-2892	0.962357	
uce-2893	0.843424	
uce-2895	0.875000	
uce-2896	0.937500	
uce-2897	0.813910	
uce-2899	0.946108	
uce-2901	0.814346	
uce-2903	0.897638	
uce-2905	0.960644	
uce-2907	0.923077	
uce-2908	0.940594	
uce-2909	0.977778	
uce-290	0.969925	
uce-2910	1.000000	
uce-2911	0.984410	
uce-2915	0.928444	
uce-2917	0.821229	
uce-291	1.000000	
uce-2920	0.906849	
uce-2921	0.925150	
uce-2922	0.976359	
uce-2923	0.972167	
uce-2924	0.964010	
uce-2925	0.931624	
uce-2926	0.886248	
uce-2927	0.922680	
uce-2928	0.904762	
uce-292	0.948800	
uce-2930	0.990000	
uce-2932	0.889831	
uce-2933	0.974603	
uce-2936	0.972067	
uce-2937	0.978947	
uce-2938	0.822368	
uce-2939	0.979540	
uce-2940	1.000000	
uce-2941	0.975709	
uce-2943	0.829004	
uce-294	0.967413	
uce-2952	0.918919	
uce-2953	0.900273	
uce-2954	0.955457	
uce-2955	0.990854	
uce-2958	0.860681	
uce-2959	0.909910	
uce-2962	0.945055	
uce-2963	0.900391	
uce-2964	1.000000	
uce-2965	0.956873	
uce-2966	0.955923	
uce-2968	0.973626	
uce-2969	0.882995	
uce-2970	1.000000	
uce-2971	0.947853	
uce-2973	0.966527	
uce-2975	0.965087	
uce-2976	0.922535	
uce-2978	0.884696	
uce-297	0.944035	
uce-2980	0.972665	
uce-2981	0.761134	
uce-2982	0.648387	
uce-2987	0.857343	
uce-298	0.995896	
uce-2991	0.951613	
uce-2992	0.962617	
uce-2994	1.000000	
uce-2995	0.891667	
uce-2997	0.955789	
uce-2998	0.996396	
uce-2999	0.976331	
uce-299	0.994764	
uce-29	0.987531	
uce-2	0.955485	
uce-3000	0.794872	
uce-3003	0.803213	
uce-3004	0.955083	
uce-3007	0.965318	
uce-3008	0.965084	
uce-3009	0.804196	
uce-300	0.918728	
uce-3010	0.946058	
uce-3011	0.992000	
uce-3013	0.951754	
uce-3014	0.909699	
uce-3016	0.945679	
uce-3018	0.833698	
uce-301	0.954098	
uce-3020	0.966805	
uce-3024	0.942308	
uce-3025	0.948515	
uce-3026	0.924242	
uce-3027	0.996198	
uce-3028	0.987374	
uce-3030	0.869565	
uce-3031	0.939739	
uce-3032	0.965714	
uce-3033	0.956835	
uce-3036	0.944079	
uce-3038	0.922636	
uce-3039	0.827907	
uce-3043	0.992647	
uce-3046	0.955007	
uce-3049	0.948812	
uce-3051	0.974537	
uce-3053	0.986667	
uce-3054	0.951754	
uce-3055	0.969605	
uce-3057	0.903808	
uce-3059	0.892802	
uce-305	0.936556	
uce-3060	0.968421	
uce-3061	0.790741	
uce-3062	0.911340	
uce-3065	0.888224	
uce-3067	0.965142	
uce-3068	0.889831	
uce-3069	0.914062	
uce-3070	0.933586	
uce-3071	0.959135	
uce-3073	0.944559	
uce-3074	0.966912	
uce-3075	0.926339	
uce-3077	0.964476	
uce-3078	0.955257	
uce-3079	0.932927	
uce-3081	0.881271	
uce-3082	0.916870	
uce-3083	0.944563	
uce-3084	0.885755	
uce-3085	0.965587	
uce-3086	0.928678	
uce-3089	0.981132	
uce-308	0.975510	
uce-3092	0.947080	
uce-3093	0.882022	
uce-3095	0.950000	
uce-3096	0.913793	
uce-3097	0.949919	
uce-3099	0.953935	
uce-309	0.943966	
uce-3100	0.933036	
uce-3101	0.948148	
uce-3104	0.980144	
uce-3105	0.940351	
uce-3106	0.955752	
uce-3109	0.965333	
uce-3110	0.965714	
uce-3111	0.968652	
uce-3113	0.925333	
uce-3114	0.963873	
uce-3115	0.736334	
uce-3116	0.961089	
uce-3117	0.890485	
uce-3121	0.968504	
uce-3122	0.903922	
uce-3124	0.984252	
uce-3126	0.940994	
uce-3129	0.971351	
uce-3130	0.914701	
uce-3131	0.935657	
uce-3134	0.934694	
uce-3135	0.967593	
uce-3137	0.941057	
uce-3138	0.940048	
uce-3139	0.970530	
uce-3140	0.959770	
uce-3141	1.000000	
uce-314	0.973134	
uce-3150	0.992481	
uce-3153	0.796537	
uce-3154	0.843956	
uce-3156	0.955595	
uce-3157	0.896761	
uce-3158	0.982353	
uce-3159	0.988304	
uce-315	0.859885	
uce-3160	0.881559	
uce-3163	0.757412	
uce-3166	0.984375	
uce-3167	0.810000	
uce-3170	0.873913	
uce-3174	0.731801	
uce-3175	0.664323	
uce-3178	0.869732	
uce-3179	0.980000	
uce-317	0.978125	
uce-3180	0.989518	
uce-3181	0.978836	
uce-3183	0.902622	
uce-3184	0.849421	
uce-3186	0.937870	
uce-3187	0.960000	
uce-3188	0.962963	
uce-3189	1.000000	
uce-318	0.944363	
uce-3191	0.952857	
uce-3193	0.937970	
uce-3196	0.938918	
uce-3199	0.904372	
uce-319	0.846000	
uce-3200	0.977320	
uce-3202	0.948229	
uce-3208	0.987402	
uce-320	0.985549	
uce-3211	0.991597	
uce-3212	0.793872	
uce-3213	0.966463	
uce-3214	0.889447	
uce-3215	0.974138	
uce-3217	0.955556	
uce-3219	0.908257	
uce-3222	0.872473	
uce-3223	0.980545	
uce-3224	1.000000	
uce-3225	0.875789	
uce-3227	0.904282	
uce-3228	0.982222	
uce-322	0.965854	
uce-3231	0.955720	
uce-3233	0.884034	
uce-3234	0.954545	
uce-3235	0.947939	
uce-3237	1.000000	
uce-3238	0.933649	
uce-3239	0.980226	
uce-323	0.957169	
uce-3241	0.896657	
uce-3242	0.942492	
uce-3243	0.918367	
uce-3244	0.938967	
uce-3246	0.866405	
uce-3247	0.973129	
uce-3248	0.985019	
uce-3249	0.916409	
uce-3251	0.993528	
uce-3252	0.979036	
uce-3257	0.927762	
uce-3258	0.953815	
uce-3259	0.978632	
uce-325	0.969444	
uce-3260	0.949749	
uce-3262	0.974085	
uce-3263	0.944862	
uce-3265	0.956386	
uce-3267	0.915285	
uce-326	0.950445	
uce-3273	0.900000	
uce-3274	0.956250	
uce-3276	0.939103	
uce-3277	1.000000	
uce-3279	0.946903	
uce-327	0.822581	
uce-3280	0.801170	
uce-3281	0.933673	
uce-3282	0.994937	
uce-3284	0.923488	
uce-3287	0.945896	
uce-3290	0.975078	
uce-3294	0.954286	
uce-3297	1.000000	
uce-3300	0.887352	
uce-3302	1.000000	
uce-3303	0.958955	
uce-3304	0.935368	
uce-3306	0.955923	
uce-3307	0.894737	
uce-3308	0.945386	
uce-3309	0.930470	
uce-330	0.932735	
uce-3310	0.963470	
uce-3312	0.972777	
uce-3313	0.934615	
uce-3314	0.988048	
uce-3316	0.921975	
uce-3317	0.992263	
uce-3318	0.978908	
uce-3319	0.934132	
uce-3320	0.992000	
uce-3322	0.865854	
uce-3323	0.984848	
uce-3324	0.980440	
uce-3326	0.952830	
uce-3327	0.966019	
uce-3330	0.898477	
uce-3331	0.944089	
uce-3332	0.919929	
uce-3333	0.928571	
uce-3334	1.000000	
uce-3335	0.877483	
uce-3336	0.955497	
uce-3337	0.965770	
uce-3338	0.939641	
uce-333	0.963716	
uce-3340	0.867804	
uce-3341	0.886054	
uce-3345	0.925501	
uce-3346	0.927126	
uce-3348	0.958525	
uce-3349	0.981481	
uce-334	0.973277	
uce-3350	0.962264	
uce-3352	0.930556	
uce-3353	0.942605	
uce-3354	1.000000	
uce-3355	0.974490	
uce-3356	0.944785	
uce-3358	0.965909	
uce-3359	0.973725	
uce-335	0.976445	
uce-3360	0.899240	
uce-3361	0.934625	
uce-3363	0.946281	
uce-3366	0.907621	
uce-3368	0.930556	
uce-3369	0.922849	
uce-336	0.889724	
uce-3371	0.889706	
uce-3373	0.902326	
uce-3376	0.960345	
uce-3377	0.945402	
uce-3378	0.928972	
uce-337	0.984683	
uce-3380	0.899796	
uce-3383	0.985765	
uce-3384	0.919021	
uce-3387	0.993610	
uce-338	0.966988	
uce-3392	0.936128	
uce-3394	0.985646	
uce-3398	0.910788	
uce-33	0.964587	
uce-3400	0.900467	
uce-3402	0.959100	
uce-3406	0.977273	
uce-3407	0.939577	
uce-3410	0.919271	
uce-3412	0.927835	
uce-3416	0.955725	
uce-3417	0.977839	
uce-3419	0.928058	
uce-3420	0.886228	
uce-3421	0.828571	
uce-3422	0.942922	
uce-3423	0.953964	
uce-3425	0.989505	
uce-3426	0.934911	
uce-3427	0.963964	
uce-3429	0.988679	
uce-342	1.000000	
uce-3430	0.853007	
uce-3432	0.983806	
uce-3434	0.967552	
uce-3436	0.969231	
uce-3439	0.940171	
uce-343	0.960644	
uce-3440	0.927739	
uce-3441	0.790323	
uce-3442	0.961481	
uce-3443	0.917548	
uce-3444	0.935294	
uce-3445	0.931090	
uce-3446	0.890220	
uce-3448	0.961336	
uce-3449	0.959391	
uce-344	0.991266	
uce-3451	0.840376	
uce-3452	0.935305	
uce-3454	0.921053	
uce-3455	0.863574	
uce-3456	0.898455	
uce-345	1.000000	
uce-3462	0.951374	
uce-3463	0.927856	
uce-3465	0.958084	
uce-3466	0.972056	
uce-3468	0.941748	
uce-3469	0.937360	
uce-346	0.967391	
uce-3470	0.971510	
uce-3471	0.945750	
uce-3473	0.916533	
uce-3475	0.910680	
uce-3476	0.961071	
uce-3479	0.926621	
uce-347	0.963280	
uce-3481	0.847826	
uce-3482	0.969466	
uce-3483	0.929688	
uce-3484	0.968992	
uce-3486	0.971963	
uce-3487	0.949602	
uce-3488	0.909091	
uce-348	0.994778	
uce-3490	0.889785	
uce-3492	0.978836	
uce-3493	0.962025	
uce-3494	0.841432	
uce-3497	0.969945	
uce-3499	0.903683	
uce-34	0.939173	
uce-3500	0.969072	
uce-3501	0.909320	
uce-3503	0.924180	
uce-3504	0.908012	
uce-3505	0.853896	
uce-350	0.968703	
uce-3512	0.944928	
uce-3514	0.917404	
uce-3515	0.909853	
uce-3516	0.932847	
uce-3517	1.000000	
uce-351	0.895480	
uce-3520	0.973602	
uce-3526	1.000000	
uce-3527	0.878437	
uce-3528	0.932331	
uce-3529	0.939130	
uce-352	0.727124	
uce-3530	0.982387	
uce-3531	0.896422	
uce-3532	0.936884	
uce-3533	0.915686	
uce-3535	0.906921	
uce-3538	0.988991	
uce-3539	0.965612	
uce-353	0.973180	
uce-3540	0.975342	
uce-3541	0.961600	
uce-3542	0.993789	
uce-3543	0.991620	
uce-3546	0.900662	
uce-3547	0.983019	
uce-3549	0.936430	
uce-3550	0.956303	
uce-3551	0.976253	
uce-3554	0.948347	
uce-3555	0.982857	
uce-3557	0.873618	
uce-3558	0.842723	
uce-3560	0.969014	
uce-3561	0.989796	
uce-3564	0.892694	
uce-3567	0.938224	
uce-3568	0.980556	
uce-3569	0.899772	
uce-3570	0.902156	
uce-3573	0.747681	
uce-3575	0.922840	
uce-357	0.921201	
uce-3580	0.947798	
uce-3581	0.981030	
uce-3582	0.987342	
uce-3583	0.915385	
uce-3584	0.927573	
uce-3585	0.959135	
uce-3586	0.953545	
uce-3587	0.853448	
uce-3588	0.960352	
uce-3589	0.947674	
uce-358	0.915757	
uce-3591	0.957746	
uce-3592	0.955882	
uce-3595	0.784114	
uce-3596	0.950640	
uce-3597	0.915119	
uce-3601	0.945990	
uce-3602	0.970827	
uce-3603	0.942553	
uce-3604	0.978648	
uce-3605	0.910204	
uce-3606	0.954902	
uce-3607	0.941704	
uce-3609	0.933862	
uce-360	0.710769	
uce-3610	0.901042	
uce-3613	0.970976	
uce-3614	0.993421	
uce-3616	0.994681	
uce-3619	0.853933	
uce-3622	0.977819	
uce-3623	0.917706	
uce-3625	0.902887	
uce-3627	0.971429	
uce-3628	0.983607	
uce-3629	0.956284	
uce-362	0.950495	
uce-3631	0.931507	
uce-3632	0.958042	
uce-3633	0.941176	
uce-3636	0.875576	
uce-3637	0.965164	
uce-3638	0.973913	
uce-3640	0.933241	
uce-3642	0.849057	
uce-3644	0.913333	
uce-3646	0.913621	
uce-3647	0.856397	
uce-3648	0.941176	
uce-3650	0.991170	
uce-3651	0.988406	
uce-3652	0.910584	
uce-3654	0.887324	
uce-3655	0.870330	
uce-3656	0.961039	
uce-3657	0.886740	
uce-3658	0.908184	
uce-3659	0.913706	
uce-365	0.956835	
uce-3660	0.958963	
uce-3661	0.949198	
uce-3662	0.917098	
uce-3664	0.901768	
uce-3666	0.946221	
uce-3667	0.984375	
uce-3668	0.977966	
uce-3669	0.963190	
uce-366	0.917722	
uce-3670	0.959786	
uce-3671	0.946644	
uce-3674	0.934010	
uce-3675	0.861284	
uce-3676	0.977987	
uce-3678	0.966667	
uce-367	0.986813	
uce-3680	0.941026	
uce-3681	0.994987	
uce-3682	0.946341	
uce-3683	0.930481	
uce-3687	0.912966	
uce-3688	0.995272	
uce-3689	0.922813	
uce-368	0.875000	
uce-3692	0.912664	
uce-3693	0.983471	
uce-3694	0.958932	
uce-3695	0.788091	
uce-3696	0.950617	
uce-3697	0.956731	
uce-3698	0.977987	
uce-3699	0.829982	
uce-36	0.973813	
uce-3701	0.977330	
uce-3702	0.959936	
uce-3703	0.829317	
uce-3704	0.903846	
uce-3709	0.933174	
uce-370	0.967014	
uce-3711	0.942004	
uce-3713	0.978793	
uce-3714	0.949367	
uce-3715	0.948052	
uce-3716	0.947552	
uce-3718	0.937330	
uce-371	1.000000	
uce-3720	0.936937	
uce-3722	0.917044	
uce-3723	0.949772	
uce-3724	0.851852	
uce-3725	0.963585	
uce-3728	0.871866	
uce-372	0.918216	
uce-3730	0.972274	
uce-3731	0.942130	
uce-3733	0.820253	
uce-3734	0.830671	
uce-3736	0.925573	
uce-3738	0.933835	
uce-373	0.986532	
uce-3740	0.934831	
uce-3741	0.835729	
uce-3742	0.992443	
uce-3743	0.958416	
uce-3744	0.947964	
uce-3746	1.000000	
uce-3747	0.966443	
uce-374	0.953488	
uce-3750	0.877358	
uce-3752	0.903846	
uce-3755	0.992565	
uce-3757	0.927361	
uce-3758	0.983755	
uce-3759	0.964583	
uce-3761	0.935950	
uce-3762	0.913514	
uce-3764	0.937107	
uce-3765	0.953488	
uce-3767	0.968023	
uce-3770	0.975258	
uce-3771	0.983696	
uce-3772	0.960744	
uce-3774	0.800808	
uce-3776	0.970395	
uce-3777	0.985169	
uce-3778	0.920424	
uce-377	0.966942	
uce-3783	0.925408	
uce-3785	0.992322	
uce-3786	0.980998	
uce-3788	0.953629	
uce-3789	0.948529	
uce-378	0.979943	
uce-3790	0.970312	
uce-3792	0.977654	
uce-3793	0.972569	
uce-3795	0.941368	
uce-3797	0.860324	
uce-3798	0.922197	
uce-3799	0.960152	
uce-3801	0.945714	
uce-3804	0.968379	
uce-3806	1.000000	
uce-3807	0.838323	
uce-3808	0.905405	
uce-380	0.969512	
uce-3810	0.992188	
uce-3812	0.901804	
uce-3813	0.952514	
uce-3814	0.972152	
uce-3815	0.822000	
uce-3817	1.000000	
uce-381	0.972561	
uce-3821	0.933486	
uce-3823	0.959497	
uce-3824	0.966790	
uce-3825	0.988669	
uce-3826	0.803324	
uce-3828	1.000000	
uce-3830	0.979667	
uce-3831	0.929336	
uce-3835	0.943787	
uce-3836	0.952909	
uce-3837	0.991071	
uce-383	0.951724	
uce-3842	0.890411	
uce-3843	0.874172	
uce-3845	0.950257	
uce-3847	0.967667	
uce-3849	0.990074	
uce-3850	0.982283	
uce-3851	0.914634	
uce-3852	0.987041	
uce-3853	0.991501	
uce-3854	0.865443	
uce-3856	0.925843	
uce-3857	0.938776	
uce-385	0.895161	
uce-3860	0.842520	
uce-3861	0.914634	
uce-3862	0.953252	
uce-3863	0.934783	
uce-3864	0.968338	
uce-3870	0.950472	
uce-3871	0.980800	
uce-3873	0.948960	
uce-3874	0.900990	
uce-3879	0.963250	
uce-3882	0.947075	
uce-3884	0.825397	
uce-3887	0.940610	
uce-388	0.977953	
uce-3890	0.943355	
uce-3891	0.981250	
uce-3892	0.922018	
uce-3893	0.973154	
uce-3894	0.895652	
uce-3895	0.939597	
uce-3896	0.904290	
uce-3897	0.965517	
uce-389	0.904587	
uce-38	0.900574	
uce-3900	0.892544	
uce-3901	0.933573	
uce-3902	0.912281	
uce-3903	1.000000	
uce-3904	0.963570	
uce-3905	0.956140	
uce-3906	0.986755	
uce-3907	0.922787	
uce-3909	0.994169	
uce-390	0.912568	
uce-3910	0.953488	
uce-3911	0.932773	
uce-3912	0.975831	
uce-3913	0.988950	
uce-3914	0.896000	
uce-3915	0.981723	
uce-3917	0.891182	
uce-3918	0.896063	
uce-3919	0.986384	
uce-3922	0.928889	
uce-3924	0.845144	
uce-3926	0.969613	
uce-3927	0.920635	
uce-3929	0.918534	
uce-392	0.968208	
uce-3930	0.933168	
uce-3931	0.931818	
uce-3932	0.968635	
uce-3933	0.955357	
uce-3936	0.962069	
uce-3937	0.917037	
uce-3938	0.963115	
uce-3939	0.907621	
uce-393	0.885481	
uce-3940	0.990385	
uce-3942	0.917840	
uce-3943	0.791809	
uce-3945	0.968750	
uce-394	0.925414	
uce-3950	0.922388	
uce-3957	0.786723	
uce-3958	0.980562	
uce-3959	0.960276	
uce-395	0.992565	
uce-3964	0.938462	
uce-3966	0.920335	
uce-3967	0.781915	
uce-3968	0.869748	
uce-3969	0.937669	
uce-396	0.827899	
uce-3970	0.759777	
uce-3973	0.920844	
uce-3975	0.950820	
uce-3976	0.889959	
uce-3978	0.955056	
uce-3981	1.000000	
uce-3982	0.981481	
uce-3984	0.966258	
uce-3987	0.989899	
uce-3988	0.862306	
uce-3989	0.904389	
uce-398	0.980707	
uce-3990	0.863085	
uce-3991	0.992509	
uce-3992	0.958101	
uce-3994	0.957407	
uce-3995	0.950339	
uce-3997	0.941558	
uce-3998	0.951027	
uce-3999	0.980769	
uce-3	0.941558	
uce-4000	0.877238	
uce-4001	0.966507	
uce-4003	1.000000	
uce-4004	0.853030	
uce-4005	0.982578	
uce-4007	0.962637	
uce-4008	0.953684	
uce-4009	0.858586	
uce-400	0.990909	
uce-4010	0.974000	
uce-4011	0.963039	
uce-4012	0.958984	
uce-4013	0.982456	
uce-4014	0.960825	
uce-4018	0.850575	
uce-401	0.931915	
uce-4020	0.963415	
uce-4021	0.953975	
uce-4022	0.969849	
uce-4023	0.956522	
uce-4024	0.966292	
uce-4025	0.962704	
uce-4026	0.943299	
uce-4027	0.734568	
uce-4028	0.935294	
uce-4033	0.956897	
uce-4035	0.988281	
uce-4036	0.776680	
uce-4038	0.940845	
uce-4039	0.869702	
uce-4042	0.964467	
uce-4044	1.000000	
uce-4045	0.844854	
uce-4046	0.864097	
uce-4049	0.990741	
uce-404	0.967374	
uce-4050	0.960613	
uce-4051	0.922857	
uce-4061	0.809365	
uce-4063	0.971074	
uce-4066	0.986667	
uce-4067	0.946950	
uce-4068	0.970183	
uce-4069	0.912195	
uce-406	0.972527	
uce-4071	0.918740	
uce-4072	0.960452	
uce-4075	0.923246	
uce-4076	0.990385	
uce-4077	0.961310	
uce-4078	0.989324	
uce-4079	0.974874	
uce-4080	0.950166	
uce-4081	0.962335	
uce-4082	0.869650	
uce-4086	0.960139	
uce-4088	0.948424	
uce-4089	0.950877	
uce-408	0.969620	
uce-4090	0.895238	
uce-4091	0.951456	
uce-4094	0.935798	
uce-4095	0.980306	
uce-4096	0.976532	
uce-4097	0.901487	
uce-4099	0.960573	
uce-4101	0.871981	
uce-4102	0.906780	
uce-4106	0.940994	
uce-4107	0.769231	
uce-4110	0.932489	
uce-4111	0.941392	
uce-4113	0.785223	
uce-4114	0.971678	
uce-4115	0.954545	
uce-4116	0.976090	
uce-4117	0.856725	
uce-4118	0.960061	
uce-4119	0.942786	
uce-411	0.969745	
uce-4122	0.979036	
uce-4124	0.965587	
uce-4128	0.948315	
uce-412	0.921348	
uce-4131	0.937309	
uce-4132	0.789575	
uce-4135	0.912698	
uce-4136	0.987132	
uce-413	0.946254	
uce-4140	0.965347	
uce-4141	0.900000	
uce-4143	0.979899	
uce-4146	0.893204	
uce-4147	0.949020	
uce-4151	0.884817	
uce-4154	0.954813	
uce-4155	0.975155	
uce-4157	0.908571	
uce-4159	0.994667	
uce-415	0.898449	
uce-4160	0.921296	
uce-4161	0.885246	
uce-4166	0.928826	
uce-4167	0.905433	
uce-4169	0.984293	
uce-416	0.968627	
uce-4170	0.970297	
uce-4171	0.981818	
uce-4172	0.956633	
uce-4173	0.921053	
uce-4174	0.895652	
uce-4175	0.945578	
uce-4176	0.836364	
uce-4178	0.958246	
uce-4179	0.859956	
uce-417	0.943314	
uce-4180	0.793774	
uce-4181	0.900778	
uce-4183	0.962329	
uce-4184	0.906582	
uce-4187	0.947991	
uce-4189	0.943574	
uce-418	0.981707	
uce-4190	0.973333	
uce-4192	0.978261	
uce-4195	0.982639	
uce-4198	0.864301	
uce-4199	0.984375	
uce-419	0.943005	
uce-41	0.984772	
uce-4200	0.854617	
uce-4201	0.953815	
uce-4202	0.955437	
uce-4205	0.891139	
uce-4206	0.958225	
uce-4207	0.981851	
uce-4208	0.914634	
uce-420	0.953030	
uce-4210	0.864789	
uce-4211	0.990361	
uce-4212	0.935010	
uce-4215	0.970856	
uce-4216	0.968750	
uce-4217	0.955224	
uce-421	0.929385	
uce-4220	0.994083	
uce-4222	0.953224	
uce-4223	0.917939	
uce-4224	0.925651	
uce-4225	0.946768	
uce-4227	0.968105	
uce-422	0.972155	
uce-4231	0.835010	
uce-4232	0.943452	
uce-4234	0.980080	
uce-4236	1.000000	
uce-4237	0.971537	
uce-4238	0.944257	
uce-4248	0.924198	
uce-4249	0.955857	
uce-424	0.955307	
uce-4250	0.985000	
uce-4254	0.948498	
uce-4256	0.943644	
uce-4258	0.901961	
uce-4259	0.822898	
uce-4261	0.903061	
uce-4263	0.979899	
uce-4264	0.986737	
uce-4265	0.944310	
uce-4267	0.755700	
uce-426	0.928571	
uce-4274	0.956140	
uce-4278	0.983165	
uce-4279	0.821596	
uce-4280	0.947020	
uce-4284	0.973022	
uce-4285	0.831429	
uce-4286	0.977547	
uce-4287	0.948582	
uce-4289	0.982143	
uce-4292	0.933333	
uce-4293	0.978788	
uce-4294	0.944154	
uce-4295	0.865699	
uce-42	0.899007	
uce-4300	1.000000	
uce-4301	0.985075	
uce-4302	0.982079	
uce-4303	0.951304	
uce-4304	0.996805	
uce-4305	0.979167	
uce-4308	1.000000	
uce-4309	0.874608	
uce-430	0.965726	
uce-4310	1.000000	
uce-4311	0.906475	
uce-4312	0.970213	
uce-4313	0.932489	
uce-4314	0.976303	
uce-4315	0.983819	
uce-4316	0.900804	
uce-4317	0.907534	
uce-4318	0.864542	
uce-431	0.890135	
uce-4320	0.946701	
uce-4323	0.893333	
uce-4324	0.884984	
uce-4325	0.930091	
uce-4327	0.944000	
uce-432	0.932743	
uce-4330	0.949367	
uce-4332	0.952381	
uce-4334	0.971963	
uce-4335	0.922179	
uce-4336	0.981538	
uce-4337	0.894048	
uce-4338	0.929972	
uce-4339	0.923077	
uce-4342	0.982340	
uce-4343	0.898851	
uce-4344	0.961165	
uce-4345	0.964286	
uce-4346	0.916667	
uce-4347	1.000000	
uce-4348	0.971061	
uce-4349	0.883382	
uce-434	0.929760	
uce-4353	0.982379	
uce-4354	0.955479	
uce-4355	0.964789	
uce-4356	0.958199	
uce-4359	0.932000	
uce-4360	0.968912	
uce-4361	0.988148	
uce-4363	0.968921	
uce-4364	0.932318	
uce-4367	0.743210	
uce-4368	0.935345	
uce-436	0.923801	
uce-4371	0.744292	
uce-4377	0.925788	
uce-437	0.861842	
uce-4384	0.979769	
uce-4386	0.957589	
uce-4389	0.957447	
uce-438	0.950693	
uce-4394	0.968750	
uce-4395	0.963450	
uce-4398	0.964481	
uce-43	0.951644	
uce-4400	0.888683	
uce-4401	0.978761	
uce-4402	0.852500	
uce-4403	0.916522	
uce-4404	0.879599	
uce-4407	0.973262	
uce-4408	0.890335	
uce-4410	0.953684	
uce-4413	0.974684	
uce-4414	0.870166	
uce-4415	0.826190	
uce-4416	0.992110	
uce-4417	0.850943	
uce-441	0.980176	
uce-4420	0.871658	
uce-4421	0.988532	
uce-4423	0.979167	
uce-4425	0.921986	
uce-4426	0.979560	
uce-4427	1.000000	
uce-4429	0.946950	
uce-442	1.000000	
uce-4430	0.915531	
uce-4433	0.994845	
uce-4434	0.954286	
uce-4435	0.982353	
uce-4436	0.986532	
uce-4437	1.000000	
uce-4438	0.936275	
uce-443	0.919414	
uce-4442	0.900000	
uce-4443	0.951535	
uce-4445	0.979221	
uce-4446	0.917582	
uce-4447	0.817130	
uce-4450	0.952468	
uce-4452	0.694915	
uce-4453	0.848540	
uce-4455	0.925466	
uce-4456	0.947479	
uce-4457	0.971808	
uce-4458	0.941476	
uce-4459	0.977612	
uce-445	0.928177	
uce-4463	0.903733	
uce-4465	0.910864	
uce-4466	0.995050	
uce-4472	0.993197	
uce-4473	0.967901	
uce-4474	0.951149	
uce-4477	0.843234	
uce-4479	0.925087	
uce-447	0.969231	
uce-4482	0.861057	
uce-4484	0.951435	
uce-4485	0.928013	
uce-4486	0.947627	
uce-4489	0.958861	
uce-4492	0.949206	
uce-4494	0.986842	
uce-4498	0.842767	
uce-449	0.959227	
uce-44	0.921109	
uce-4500	0.937962	
uce-4504	0.971306	
uce-4507	0.951429	
uce-4509	0.874355	
uce-450	0.916836	
uce-4511	0.989831	
uce-4512	0.937126	
uce-4513	0.956621	
uce-4515	0.960894	
uce-4516	0.972158	
uce-4518	0.942804	
uce-4519	0.909465	
uce-4521	0.688347	
uce-4522	0.911809	
uce-4523	0.968657	
uce-4524	0.965714	
uce-4525	0.973730	
uce-4527	0.816568	
uce-4528	0.996479	
uce-4530	0.984293	
uce-4531	0.994774	
uce-4532	0.962617	
uce-4534	0.979284	
uce-4535	0.966337	
uce-4536	0.897482	
uce-4537	0.933902	
uce-4538	1.000000	
uce-4539	0.972308	
uce-453	0.832677	
uce-4540	0.864865	
uce-4541	0.824503	
uce-4542	0.875346	
uce-4544	0.995643	
uce-4546	0.923990	
uce-4547	0.781305	
uce-4548	0.964230	
uce-4549	0.932000	
uce-454	0.802281	
uce-4550	0.994709	
uce-4552	0.988389	
uce-4553	0.835556	
uce-4554	0.962264	
uce-4555	0.933174	
uce-4557	0.983373	
uce-4558	0.934534	
uce-4559	0.926752	
uce-4560	0.836667	
uce-4562	0.896825	
uce-4564	0.957547	
uce-4565	0.959872	
uce-4566	0.916350	
uce-4569	0.950207	
uce-4570	0.750533	
uce-4573	0.951662	
uce-4574	0.953678	
uce-4575	0.849287	
uce-4578	0.983529	
uce-457	0.981185	
uce-4580	0.933945	
uce-4584	0.849188	
uce-4585	0.993921	
uce-4586	0.962069	
uce-4587	0.960094	
uce-4588	0.969697	
uce-4590	0.987261	
uce-4591	0.963211	
uce-4592	0.930836	
uce-4593	0.853952	
uce-4594	0.959184	
uce-4598	0.967078	
uce-4599	0.989627	
uce-459	0.956522	
uce-45	0.944056	
uce-4600	0.921875	
uce-4602	0.700906	
uce-4604	0.969529	
uce-4605	0.937500	
uce-4606	0.987113	
uce-4607	0.981172	
uce-4608	0.901010	
uce-4609	0.958015	
uce-460	0.992674	
uce-4610	0.883019	
uce-4612	0.972163	
uce-4614	0.933486	
uce-4615	0.981744	
uce-4616	0.961988	
uce-4618	0.885350	
uce-4619	0.902778	
uce-4621	0.925156	
uce-4623	0.975000	
uce-4625	0.984874	
uce-4626	0.913223	
uce-4629	0.932551	
uce-462	0.872305	
uce-4632	0.982262	
uce-4633	0.943958	
uce-4637	0.961165	
uce-4638	0.883359	
uce-4639	0.846667	
uce-463	0.968354	
uce-4640	0.949580	
uce-4641	0.921687	
uce-4642	0.754930	
uce-4643	0.979592	
uce-4644	0.978533	
uce-4646	0.796804	
uce-464	0.933121	
uce-4651	0.740072	
uce-4652	0.978175	
uce-4653	0.978947	
uce-4654	0.992806	
uce-4656	0.992727	
uce-4658	0.952381	
uce-4659	0.814249	
uce-4660	0.932862	
uce-4661	0.934783	
uce-4662	0.943152	
uce-4666	0.980684	
uce-4670	0.995090	
uce-4671	0.839080	
uce-4672	0.811151	
uce-4673	0.990074	
uce-4674	0.950680	
uce-4676	0.956818	
uce-4678	0.961039	
uce-4679	0.980337	
uce-4680	0.748924	
uce-4681	0.933444	
uce-4682	0.975000	
uce-4683	0.854610	
uce-4686	0.972727	
uce-4687	0.947644	
uce-4688	0.959184	
uce-4690	0.858974	
uce-4692	0.928458	
uce-4693	0.952632	
uce-4694	0.973451	
uce-4695	0.914573	
uce-4696	0.838210	
uce-4697	0.992661	
uce-469	0.960396	
uce-46	0.954698	
uce-4702	0.941718	
uce-4703	0.877016	
uce-4704	0.970472	
uce-4705	0.873973	
uce-4706	0.919207	
uce-4707	0.972376	
uce-4711	0.938679	
uce-4712	0.934615	
uce-4713	0.926587	
uce-4714	0.953917	
uce-4716	0.924843	
uce-4719	0.977823	
uce-4721	0.980695	
uce-4724	0.944923	
uce-4725	0.984277	
uce-4726	0.983221	
uce-4729	0.912500	
uce-472	0.862606	
uce-4732	0.992495	
uce-4733	0.889085	
uce-4735	0.925466	
uce-4738	0.865297	
uce-4739	0.954622	
uce-4741	0.920635	
uce-4742	0.886538	
uce-4743	0.978328	
uce-4744	0.816225	
uce-4747	1.000000	
uce-4750	0.944591	
uce-4751	1.000000	
uce-4752	0.980263	
uce-4753	0.938190	
uce-4754	0.963277	
uce-4757	0.972509	
uce-4760	0.933190	
uce-4761	0.942922	
uce-4762	0.884034	
uce-4763	0.900204	
uce-4764	0.965517	
uce-4765	0.900552	
uce-4766	0.988827	
uce-4769	0.873181	
uce-4770	0.979545	
uce-4771	0.994135	
uce-4775	0.789116	
uce-4776	0.968983	
uce-4777	0.757437	
uce-4778	0.992593	
uce-4779	0.943396	
uce-4780	0.936631	
uce-4782	0.986446	
uce-4784	0.944257	
uce-4786	0.943396	
uce-4788	0.985653	
uce-4789	0.894140	
uce-478	0.954704	
uce-4790	0.955801	
uce-4792	0.982792	
uce-4797	0.975052	
uce-4798	0.892966	
uce-4799	0.879913	
uce-47	0.943867	
uce-4804	0.868243	
uce-4806	0.972028	
uce-4807	0.938849	
uce-4808	0.947712	
uce-4810	0.848073	
uce-4813	0.874502	
uce-4816	0.925926	
uce-4818	0.991632	
uce-4819	0.964778	
uce-4820	0.983165	
uce-4822	0.993506	
uce-4823	0.984293	
uce-4824	0.868825	
uce-4827	0.970443	
uce-4828	0.961259	
uce-4829	0.978261	
uce-4830	0.906459	
uce-4831	0.825175	
uce-4832	0.958005	
uce-4833	0.767480	
uce-4835	0.881024	
uce-4837	0.945481	
uce-4839	0.967742	
uce-483	0.906015	
uce-4840	1.000000	
uce-4841	0.922111	
uce-4842	0.986207	
uce-4843	0.921833	
uce-4845	0.933447	
uce-4846	0.981328	
uce-4847	0.925926	
uce-4848	0.943026	
uce-4849	0.956522	
uce-4850	0.929530	
uce-4851	0.978992	
uce-4853	0.971264	
uce-4854	0.929104	
uce-4855	0.965278	
uce-4856	0.941558	
uce-4858	0.796667	
uce-4859	0.982484	
uce-485	0.929856	
uce-4862	0.910714	
uce-4863	0.905245	
uce-4865	0.972574	
uce-4866	0.968481	
uce-4867	0.908273	
uce-4868	0.930481	
uce-4869	0.877384	
uce-486	0.971616	
uce-4870	0.946565	
uce-4871	0.953488	
uce-4874	0.992248	
uce-4875	0.932584	
uce-4878	0.918261	
uce-487	0.988746	
uce-4881	0.962264	
uce-4882	0.940433	
uce-4883	0.975945	
uce-4884	0.878840	
uce-4885	0.924383	
uce-4887	0.980583	
uce-4889	0.969048	
uce-4891	0.868762	
uce-4895	1.000000	
uce-4897	1.000000	
uce-4899	0.989218	
uce-4900	0.941315	
uce-4901	0.863105	
uce-4902	0.995204	
uce-4904	0.948718	
uce-4905	0.983707	
uce-4908	0.982792	
uce-490	0.980583	
uce-4910	0.948767	
uce-4912	0.907990	
uce-4915	0.942786	
uce-4917	0.921488	
uce-4918	0.929385	
uce-4919	0.964286	
uce-491	0.966398	
uce-4921	0.744382	
uce-4923	0.988406	
uce-4925	0.921610	
uce-4927	0.817232	
uce-4928	0.926733	
uce-4929	0.873563	
uce-492	0.989311	
uce-4931	0.971014	
uce-4932	0.983660	
uce-4933	0.958707	
uce-4935	0.847619	
uce-4939	0.941973	
uce-493	1.000000	
uce-4940	0.889157	
uce-4943	0.936667	
uce-4944	0.952015	
uce-4945	0.906344	
uce-4947	0.946903	
uce-494	0.965296	
uce-4950	0.762025	
uce-4952	0.990385	
uce-4954	0.986765	
uce-4956	0.920259	
uce-4957	0.995643	
uce-4960	0.959052	
uce-4963	0.966132	
uce-4964	0.971067	
uce-4966	0.858824	
uce-4967	0.727494	
uce-4968	0.866667	
uce-4969	0.985612	
uce-496	0.892458	
uce-4970	0.960784	
uce-4975	0.988827	
uce-4976	0.991736	
uce-4977	0.787330	
uce-4978	0.969283	
uce-497	0.979502	
uce-4980	0.935622	
uce-4981	0.986014	
uce-4982	0.940476	
uce-4983	0.973790	
uce-4986	0.916107	
uce-4988	0.971671	
uce-4989	0.970588	
uce-4990	0.957173	
uce-4992	0.966102	
uce-4993	0.969582	
uce-4995	0.882217	
uce-4998	0.994778	
uce-4999	0.925150	
uce-499	1.000000	
uce-4	0.980263	
uce-5003	0.853147	
uce-5005	0.975385	
uce-5007	0.838095	
uce-5008	0.928726	
uce-5011	0.974545	
uce-5012	0.901478	
uce-5013	0.917995	
uce-5016	0.961818	
uce-5017	0.909677	
uce-5018	0.921348	
uce-5019	0.962145	
uce-5021	0.969178	
uce-5022	0.990566	
uce-5024	0.913478	
uce-5025	0.888889	
uce-5026	0.986667	
uce-5028	0.927107	
uce-5029	0.951087	
uce-502	0.909524	
uce-5031	0.975186	
uce-5032	0.962406	
uce-5033	0.887133	
uce-5034	0.967643	
uce-5035	0.967742	
uce-5037	0.930052	
uce-5038	0.942761	
uce-5039	0.930935	
uce-5040	0.942913	
uce-5041	0.947452	
uce-5042	0.957014	
uce-5044	0.959627	
uce-5048	0.978820	
uce-5050	0.887273	
uce-5051	0.980328	
uce-5052	0.882583	
uce-5053	0.979167	
uce-5054	0.949721	
uce-5055	0.977413	
uce-5060	0.988304	
uce-5062	0.962343	
uce-5063	0.962329	
uce-5064	0.965229	
uce-5065	0.990698	
uce-5068	0.919679	
uce-5072	0.959075	
uce-5074	0.969199	
uce-5075	0.992788	
uce-5076	0.963855	
uce-5077	0.934866	
uce-507	0.921053	
uce-5080	0.829132	
uce-5083	0.964539	
uce-5084	0.982781	
uce-5085	0.941685	
uce-5086	0.925773	
uce-5087	0.982979	
uce-5090	0.893417	
uce-5091	0.956250	
uce-5092	0.990431	
uce-5093	0.965099	
uce-5095	0.928962	
uce-5096	0.946970	
uce-5097	0.955906	
uce-5098	0.976684	
uce-5099	0.979296	
uce-5100	0.964880	
uce-5101	0.923214	
uce-5102	0.986891	
uce-5103	0.942363	
uce-5106	0.990566	
uce-5107	0.980998	
uce-5108	0.951456	
uce-5109	0.891549	
uce-510	0.969631	
uce-5110	0.965753	
uce-5111	0.944828	
uce-5113	0.941799	
uce-5114	0.871304	
uce-5116	0.932039	
uce-5118	0.908000	
uce-5119	0.941337	
uce-511	0.980392	
uce-5120	0.928241	
uce-5123	0.953069	
uce-5125	0.958661	
uce-5129	0.910473	
uce-512	0.956422	
uce-5130	0.937639	
uce-5132	0.975669	
uce-5133	0.897248	
uce-5135	0.981096	
uce-5137	0.931707	
uce-513	0.965009	
uce-5141	0.853801	
uce-5142	0.985222	
uce-5143	0.922780	
uce-5144	0.927711	
uce-5145	0.916667	
uce-5146	0.956124	
uce-5147	0.990783	
uce-5148	0.938636	
uce-5153	0.917369	
uce-5155	0.968627	
uce-5156	0.986425	
uce-5157	0.982323	
uce-5158	0.970027	
uce-5161	0.975845	
uce-5162	0.875000	
uce-5164	0.970297	
uce-5165	0.951807	
uce-5166	0.887387	
uce-5167	0.973837	
uce-516	0.934307	
uce-5172	0.912863	
uce-5173	0.846995	
uce-5175	0.958266	
uce-5176	0.975862	
uce-5178	0.975186	
uce-5179	0.981818	
uce-517	0.953125	
uce-5181	0.990654	
uce-5182	0.952532	
uce-5183	0.971576	
uce-5185	0.942460	
uce-5186	0.877717	
uce-5187	0.948718	
uce-5188	0.987805	
uce-5189	0.987013	
uce-518	0.982000	
uce-5190	0.975460	
uce-5192	1.000000	
uce-5193	1.000000	
uce-5196	0.888889	
uce-5198	0.888514	
uce-519	0.992683	
uce-5200	0.968085	
uce-5202	0.750419	
uce-5204	0.970027	
uce-5205	0.964657	
uce-5208	0.950530	
uce-520	0.884880	
uce-5211	0.984655	
uce-5214	0.946429	
uce-5215	0.988235	
uce-5218	0.950166	
uce-5219	1.000000	
uce-5221	0.984694	
uce-5222	0.988848	
uce-5223	0.760968	
uce-5224	0.979716	
uce-5225	0.949686	
uce-5228	0.960000	
uce-522	0.891001	
uce-5230	0.928571	
uce-5231	0.835526	
uce-5232	0.970018	
uce-5234	0.880452	
uce-5235	0.961637	
uce-5238	0.973094	
uce-5239	0.789474	
uce-5240	0.938976	
uce-5243	0.929319	
uce-5244	0.965035	
uce-5246	0.967254	
uce-5250	0.980333	
uce-5251	0.944257	
uce-5253	1.000000	
uce-5254	0.984791	
uce-5255	0.976190	
uce-5256	0.926276	
uce-5258	0.924528	
uce-5259	0.940447	
uce-5260	0.964803	
uce-5261	0.874477	
uce-5263	0.951220	
uce-5265	0.973684	
uce-5267	0.926667	
uce-5268	0.981168	
uce-5269	0.970238	
uce-526	0.930490	
uce-5272	0.862963	
uce-5273	0.896000	
uce-5275	0.942434	
uce-5277	0.959641	
uce-5278	0.936057	
uce-527	0.902752	
uce-5280	0.797531	
uce-5284	0.911271	
uce-5286	0.871269	
uce-5288	0.899736	
uce-5289	0.988636	
uce-528	0.969231	
uce-5290	0.972772	
uce-5291	0.988166	
uce-5292	0.941392	
uce-5293	0.957278	
uce-5294	0.990291	
uce-5295	0.972222	
uce-5296	0.885762	
uce-5297	0.891228	
uce-529	0.908273	
uce-52	0.979557	
uce-5300	0.982759	
uce-5301	0.746269	
uce-5305	0.896359	
uce-5311	0.950719	
uce-5313	0.881739	
uce-5314	0.968750	
uce-5315	0.957090	
uce-5316	0.838235	
uce-5319	0.965418	
uce-5321	0.943060	
uce-5322	0.964286	
uce-5323	0.970085	
uce-5327	0.911111	
uce-5328	0.957875	
uce-532	0.958124	
uce-5331	0.895093	
uce-5332	0.881905	
uce-5334	0.978102	
uce-533	0.956607	
uce-5340	0.818662	
uce-5343	0.977358	
uce-5344	0.955078	
uce-5345	0.993103	
uce-5346	0.830097	
uce-5347	0.951378	
uce-5348	0.836134	
uce-5349	0.947090	
uce-534	0.953287	
uce-5356	0.951515	
uce-5357	0.995050	
uce-535	0.985507	
uce-5361	0.916525	
uce-5363	0.962500	
uce-5364	0.968703	
uce-5366	0.811744	
uce-5369	0.950382	
uce-5371	0.989189	
uce-5372	0.882353	
uce-5377	0.976879	
uce-5379	0.927400	
uce-5380	0.955090	
uce-5381	0.980707	
uce-5382	0.924875	
uce-5383	0.943135	
uce-5385	0.910412	
uce-5387	0.826758	
uce-538	0.915473	
uce-5390	0.900826	
uce-5391	0.943683	
uce-5392	0.963855	
uce-5393	0.962662	
uce-5394	0.929336	
uce-5395	0.972222	
uce-5396	0.927750	
uce-5397	0.920304	
uce-5399	0.553571	
uce-539	0.983533	
uce-53	1.000000	
uce-5401	0.907268	
uce-5402	0.976190	
uce-5404	0.988095	
uce-5405	0.957111	
uce-5407	0.948571	
uce-5409	0.832335	
uce-540	0.945755	
uce-5410	0.957792	
uce-5411	0.937695	
uce-5412	0.911330	
uce-5415	0.976087	
uce-5416	0.913525	
uce-5418	0.972414	
uce-5419	0.929231	
uce-541	0.944816	
uce-5422	0.959350	
uce-5425	0.976608	
uce-5426	0.907583	
uce-5427	0.983740	
uce-5429	0.871728	
uce-542	0.959184	
uce-5433	0.903302	
uce-5435	0.976608	
uce-5438	0.910000	
uce-5440	0.996661	
uce-5441	1.000000	
uce-5442	0.705993	
uce-5443	0.993103	
uce-5445	0.857749	
uce-5446	0.911179	
uce-5447	0.938144	
uce-544	0.984158	
uce-5450	1.000000	
uce-5451	0.954259	
uce-5453	0.785106	
uce-5456	0.941275	
uce-5457	0.973684	
uce-5459	0.975000	
uce-545	0.991416	
uce-5460	0.923077	
uce-5462	0.840263	
uce-5463	0.956164	
uce-5464	0.929144	
uce-5469	0.800535	
uce-546	0.958159	
uce-5473	0.938636	
uce-5475	0.927900	
uce-5476	0.846986	
uce-5477	1.000000	
uce-5478	0.859712	
uce-5479	0.921965	
uce-547	0.974801	
uce-5480	0.919908	
uce-5481	0.984686	
uce-5483	0.977236	
uce-5487	0.939815	
uce-5489	0.962578	
uce-548	0.938865	
uce-5490	0.933535	
uce-5493	0.963816	
uce-5494	1.000000	
uce-5495	0.961938	
uce-5496	1.000000	
uce-5497	0.981096	
uce-5498	0.799238	
uce-549	0.971714	
uce-54	1.000000	
uce-5500	0.859307	
uce-5502	0.840183	
uce-5505	0.907990	
uce-5508	0.884735	
uce-550	0.979362	
uce-5510	0.909241	
uce-5512	0.895595	
uce-5514	0.921168	
uce-5518	0.926573	
uce-5521	0.886364	
uce-5522	0.932817	
uce-5524	0.932203	
uce-5528	0.984314	
uce-5530	0.980531	
uce-5531	0.928571	
uce-5532	0.858000	
uce-5534	0.949640	
uce-5536	0.971347	
uce-5538	0.973577	
uce-5539	0.980583	
uce-553	1.000000	
uce-5541	0.881533	
uce-5542	0.974432	
uce-5543	0.923488	
uce-5548	0.913306	
uce-554	0.932722	
uce-5551	0.968220	
uce-5553	0.967936	
uce-5554	1.000000	
uce-5555	0.951271	
uce-5557	0.951880	
uce-5559	0.893309	
uce-5560	0.967509	
uce-5561	0.945865	
uce-5564	0.929961	
uce-5565	0.932914	
uce-5566	0.954198	
uce-556	0.963899	
uce-5570	0.963710	
uce-5573	0.932283	
uce-5575	0.984581	
uce-5576	0.893519	
uce-5577	0.833333	
uce-5578	0.936937	
uce-5579	0.913440	
uce-557	0.969937	
uce-5580	0.992095	
uce-5581	0.917500	
uce-5582	0.864583	
uce-5584	0.957746	
uce-5586	0.917647	
uce-5588	0.834677	
uce-5589	0.916488	
uce-558	0.992491	
uce-5590	0.786848	
uce-5593	0.862857	
uce-5594	0.953688	
uce-5595	0.894737	
uce-5596	0.987500	
uce-5597	0.922330	
uce-5598	0.932692	
uce-5599	0.892644	
uce-55	0.863874	
uce-5600	0.912000	
uce-5601	0.961771	
uce-5602	0.868493	
uce-5604	1.000000	
uce-5606	0.851913	
uce-5607	0.972678	
uce-5609	0.922631	
uce-560	0.885845	
uce-5611	0.950787	
uce-5615	0.929224	
uce-5619	0.968254	
uce-561	0.960905	
uce-5620	0.919771	
uce-5623	0.906931	
uce-5625	0.944272	
uce-5626	0.924419	
uce-5627	0.993827	
uce-5629	0.944444	
uce-5630	0.947090	
uce-5632	0.971491	
uce-5634	0.915584	
uce-5635	0.957816	
uce-5636	0.822097	
uce-5637	0.916462	
uce-5638	1.000000	
uce-5639	0.937843	
uce-5642	0.737374	
uce-5645	0.848485	
uce-5646	0.991111	
uce-5647	0.955032	
uce-5649	0.825163	
uce-564	0.987248	
uce-5651	0.950860	
uce-5652	0.584098	
uce-5653	0.996914	
uce-5657	0.955457	
uce-5659	0.972222	
uce-5660	0.854054	
uce-5661	0.937669	
uce-5663	0.943609	
uce-5664	0.927660	
uce-5667	0.751566	
uce-5671	0.980583	
uce-5672	0.922756	
uce-5673	0.984917	
uce-5675	0.975845	
uce-5676	1.000000	
uce-5677	0.989717	
uce-5678	0.970772	
uce-5679	0.969292	
uce-5680	0.741554	
uce-5681	0.969613	
uce-5682	0.963303	
uce-5683	0.865285	
uce-5684	0.982490	
uce-5688	0.983193	
uce-5689	0.990854	
uce-568	0.949881	
uce-5690	0.885542	
uce-5692	0.868132	
uce-5693	0.942446	
uce-5694	0.981595	
uce-5696	0.917526	
uce-5697	0.823308	
uce-5699	0.920661	
uce-5700	0.990148	
uce-5701	0.909953	
uce-5702	0.769486	
uce-5704	0.886311	
uce-5705	0.907317	
uce-5707	0.989224	
uce-5708	0.744731	
uce-5709	0.989960	
uce-570	1.000000	
uce-5710	0.913257	
uce-5713	0.835777	
uce-5716	0.867958	
uce-5719	0.982270	
uce-571	0.959248	
uce-5720	1.000000	
uce-5721	0.982639	
uce-5722	0.962865	
uce-5724	0.953125	
uce-5727	0.948195	
uce-5730	0.931354	
uce-5732	0.857651	
uce-5733	0.953684	
uce-5734	0.978836	
uce-5735	0.959885	
uce-5736	0.818182	
uce-5737	0.881159	
uce-5739	0.925234	
uce-573	1.000000	
uce-5743	0.987578	
uce-5745	0.850099	
uce-574	0.926101	
uce-5751	0.949833	
uce-5752	0.942804	
uce-5754	0.946043	
uce-5755	0.948187	
uce-5756	0.888889	
uce-5757	0.983766	
uce-5758	0.924171	
uce-5759	0.946714	
uce-575	0.959243	
uce-5761	1.000000	
uce-5763	0.953846	
uce-5766	1.000000	
uce-5769	0.978078	
uce-5771	0.988417	
uce-5772	0.938312	
uce-5773	0.937093	
uce-5774	0.950450	
uce-5775	0.993103	
uce-5777	0.825832	
uce-5779	0.828371	
uce-5781	0.955665	
uce-5782	0.966490	
uce-5783	0.956376	
uce-5786	0.995717	
uce-5788	0.939799	
uce-5789	0.953535	
uce-5792	0.976676	
uce-5795	1.000000	
uce-5796	0.959479	
uce-5797	0.983271	
uce-5801	0.959524	
uce-5803	0.978723	
uce-5805	0.884615	
uce-5806	0.919505	
uce-5808	0.969267	
uce-5810	0.989474	
uce-5811	0.918216	
uce-5812	0.950450	
uce-5816	0.943463	
uce-5817	0.964602	
uce-5820	0.966877	
uce-5821	0.931535	
uce-5822	1.000000	
uce-5824	0.641732	
uce-5825	0.928105	
uce-5827	0.980296	
uce-5829	0.987685	
uce-5830	0.975138	
uce-5832	0.971857	
uce-5834	0.932969	
uce-5836	0.856322	
uce-5837	0.971576	
uce-5839	1.000000	
uce-583	0.975771	
uce-5840	0.993827	
uce-5842	0.943396	
uce-5845	0.751613	
uce-5846	0.984906	
uce-5847	0.867769	
uce-5849	0.942368	
uce-5851	0.835317	
uce-5852	0.949618	
uce-5853	0.950739	
uce-5855	0.937079	
uce-5856	0.851577	
uce-5857	0.958810	
uce-5859	0.945245	
uce-5860	0.915408	
uce-5861	0.901010	
uce-5862	0.970639	
uce-5864	0.862150	
uce-5865	0.943946	
uce-5869	0.529976	
uce-5871	0.981013	
uce-5872	0.973154	
uce-5873	NA	
uce-5874	0.972399	
uce-5878	0.987261	
uce-5879	0.958250	
uce-587	0.930272	
uce-5880	0.966019	
uce-5882	0.973545	
uce-5886	0.871972	
uce-5889	0.968661	
uce-5893	0.950311	
uce-5895	0.970817	
uce-5898	0.974662	
uce-5899	0.995261	
uce-589	0.968610	
uce-5901	0.855365	
uce-5902	0.898182	
uce-5903	0.894619	
uce-5904	0.919034	
uce-5905	0.944015	
uce-5906	0.988764	
uce-590	0.946552	
uce-5910	0.936047	
uce-5912	1.000000	
uce-5914	0.951515	
uce-5915	0.940972	
uce-5916	0.986692	
uce-5917	1.000000	
uce-5918	0.923288	
uce-5919	0.932692	
uce-591	0.951389	
uce-5920	0.878652	
uce-5921	0.932283	
uce-5922	0.965969	
uce-5923	0.946121	
uce-5924	0.881137	
uce-5925	0.975275	
uce-5927	0.937500	
uce-5928	0.922280	
uce-5930	0.983968	
uce-5932	0.973806	
uce-5933	0.947761	
uce-5934	0.959627	
uce-5936	0.919822	
uce-5937	0.933333	
uce-5942	0.989418	
uce-5947	0.978852	
uce-5948	0.885666	
uce-5951	0.971311	
uce-5952	0.798561	
uce-5953	0.948812	
uce-5954	0.923404	
uce-5955	0.873786	
uce-5956	0.962209	
uce-5961	0.925059	
uce-5964	0.974747	
uce-5966	0.975709	
uce-5968	NA	
uce-5969	0.963893	
uce-596	0.964218	
uce-5970	0.965157	
uce-5971	0.969565	
uce-5972	0.967949	
uce-5974	0.974757	
uce-5975	0.963039	
uce-5977	0.939450	
uce-5978	0.994604	
uce-5980	0.940639	
uce-5986	0.974603	
uce-5987	0.970252	
uce-5989	0.767494	
uce-598	0.969027	
uce-5990	0.977887	
uce-5991	0.950851	
uce-5992	0.907180	
uce-5994	0.986301	
uce-5995	0.821346	
uce-5996	0.930070	
uce-5997	0.923200	
uce-5998	0.907127	
uce-599	0.978887	
uce-59	0.950000	
uce-5	0.910581	
uce-6002	0.924933	
uce-6003	0.954054	
uce-6004	1.000000	
uce-6005	0.858209	
uce-6007	0.865784	
uce-6009	0.992556	
uce-6010	0.956897	
uce-6011	0.963610	
uce-6012	0.895833	
uce-6013	0.923706	
uce-6014	0.907563	
uce-6015	0.906582	
uce-6017	0.869210	
uce-6018	0.893750	
uce-6019	1.000000	
uce-601	0.968571	
uce-6020	0.828151	
uce-6021	0.891566	
uce-6025	0.945055	
uce-6028	0.960581	
uce-6030	0.941176	
uce-6031	0.986143	
uce-6032	0.966997	
uce-6033	0.891414	
uce-6034	1.000000	
uce-6035	0.968493	
uce-603	0.954331	
uce-6043	0.884532	
uce-6044	0.917749	
uce-6047	0.986355	
uce-6048	0.942899	
uce-6049	0.963446	
uce-604	0.975482	
uce-6050	0.930693	
uce-6052	0.922667	
uce-6054	0.946704	
uce-6058	0.919897	
uce-6059	0.893661	
uce-6060	0.959259	
uce-6061	0.968326	
uce-6063	0.957778	
uce-6065	1.000000	
uce-6067	0.923948	
uce-6068	0.917342	
uce-6069	0.972286	
uce-6070	0.924797	
uce-6071	0.983834	
uce-6072	0.893557	
uce-6073	0.938462	
uce-6074	0.961224	
uce-6076	0.978846	
uce-6078	0.956879	
uce-6079	0.994398	
uce-607	0.983471	
uce-6081	0.973790	
uce-6082	0.950233	
uce-6083	0.941948	
uce-6084	0.858209	
uce-6085	0.947273	
uce-6087	0.878378	
uce-6088	1.000000	
uce-608	0.965251	
uce-6090	1.000000	
uce-6091	0.852732	
uce-6093	0.977636	
uce-6094	0.971014	
uce-6096	0.926509	
uce-6098	0.938095	
uce-609	0.917329	
uce-6100	0.978313	
uce-6101	0.971138	
uce-6102	0.925408	
uce-6103	0.750511	
uce-6105	0.960986	
uce-6106	0.974755	
uce-6107	0.950000	
uce-6109	0.874317	
uce-610	0.813889	
uce-6110	0.961464	
uce-6113	0.931777	
uce-6117	0.935424	
uce-6118	0.678679	
uce-6121	0.952965	
uce-6122	0.932584	
uce-6123	0.920000	
uce-6125	1.000000	
uce-6126	0.884831	
uce-6131	0.923295	
uce-6133	0.991189	
uce-6135	0.914821	
uce-6136	0.995516	
uce-6137	0.994937	
uce-6138	0.912114	
uce-613	0.890141	
uce-6140	0.960000	
uce-6141	0.967480	
uce-6143	0.919799	
uce-6145	0.818182	
uce-6147	0.933036	
uce-614	0.893976	
uce-6152	0.879177	
uce-6154	0.809055	
uce-6157	0.988281	
uce-6158	0.916996	
uce-615	0.933934	
uce-6161	0.947368	
uce-6163	1.000000	
uce-6164	0.977528	
uce-6165	0.983022	
uce-6166	0.991163	
uce-6167	0.969359	
uce-6169	0.954268	
uce-616	0.987302	
uce-6171	0.975309	
uce-6173	0.924812	
uce-6176	0.975836	
uce-6177	0.965347	
uce-6179	0.904040	
uce-6183	0.896629	
uce-6184	0.875362	
uce-6185	0.931548	
uce-6186	0.977273	
uce-6187	0.957346	
uce-6188	0.937500	
uce-6189	0.808664	
uce-618	0.954451	
uce-6191	0.961625	
uce-6193	0.922662	
uce-6194	0.987680	
uce-6195	0.974170	
uce-6196	0.963134	
uce-6198	0.916058	
uce-61	0.887558	
uce-6200	0.927438	
uce-6203	0.976153	
uce-6204	0.860789	
uce-6205	0.982278	
uce-6206	0.987055	
uce-6207	0.850312	
uce-6208	1.000000	
uce-6209	0.969649	
uce-620	0.965517	
uce-6210	0.962861	
uce-6211	0.892548	
uce-6212	0.954338	
uce-6213	0.943089	
uce-6214	0.863946	
uce-6215	0.951586	
uce-6218	0.980861	
uce-6219	0.979592	
uce-621	0.850467	
uce-6221	1.000000	
uce-6222	0.985030	
uce-6225	0.936688	
uce-6228	0.996032	
uce-6229	0.978903	
uce-6230	0.974684	
uce-6231	0.888889	
uce-6233	0.898305	
uce-6235	0.873457	
uce-6237	0.976667	
uce-6238	0.995157	
uce-6239	0.984014	
uce-6240	1.000000	
uce-6241	0.971963	
uce-6242	0.977778	
uce-6245	1.000000	
uce-6246	0.980198	
uce-6247	0.930830	
uce-6248	0.966292	
uce-6249	0.850543	
uce-624	0.955817	
uce-6250	0.804928	
uce-6252	0.810458	
uce-6253	0.876356	
uce-6254	0.952991	
uce-6255	0.958785	
uce-6256	0.950287	
uce-6258	0.995556	
uce-6259	0.957831	
uce-625	0.988439	
uce-6260	0.973510	
uce-6261	0.904192	
uce-6262	0.762443	
uce-6263	0.941452	
uce-6264	0.927739	
uce-6265	0.955777	
uce-6267	0.947664	
uce-6268	0.940610	
uce-626	0.980263	
uce-6270	0.949721	
uce-6272	0.768489	
uce-6273	0.978437	
uce-6274	0.980247	
uce-6277	0.923841	
uce-6278	0.978695	
uce-627	0.947253	
uce-6280	0.765306	
uce-6281	0.872659	
uce-6282	0.947020	
uce-6284	0.973684	
uce-6286	0.943620	
uce-6287	0.951737	
uce-6288	0.908740	
uce-6290	0.988131	
uce-6291	0.979167	
uce-6294	0.978346	
uce-6295	0.948454	
uce-6296	0.973937	
uce-6297	0.992933	
uce-6298	0.840909	
uce-6299	0.927778	
uce-629	1.000000	
uce-62	0.965087	
uce-6301	0.972578	
uce-6309	1.000000	
uce-6310	0.933610	
uce-6311	0.970588	
uce-6313	0.971698	
uce-6314	0.878594	
uce-6315	0.931677	
uce-6316	0.933579	
uce-6317	0.934037	
uce-6320	0.955882	
uce-6321	0.968750	
uce-6324	0.981308	
uce-6327	0.939866	
uce-6329	0.964455	
uce-632	0.904459	
uce-6330	0.986254	
uce-6333	0.821244	
uce-6334	0.973404	
uce-6335	0.946759	
uce-6337	1.000000	
uce-6339	0.978142	
uce-6340	0.997072	
uce-6342	0.945205	
uce-6344	0.939614	
uce-6346	0.919094	
uce-6347	1.000000	
uce-6351	1.000000	
uce-6352	0.968828	
uce-6353	0.952239	
uce-6355	0.938628	
uce-6356	0.965928	
uce-6357	0.974074	
uce-6359	0.875981	
uce-6360	0.919622	
uce-6362	0.973684	
uce-6363	0.965217	
uce-6366	0.969040	
uce-6367	0.927757	
uce-636	0.924020	
uce-6371	0.817797	
uce-6372	0.686391	
uce-6373	0.961637	
uce-6376	0.925000	
uce-6379	0.980983	
uce-6381	0.826923	
uce-6382	0.985037	
uce-6383	0.961877	
uce-6385	0.971292	
uce-6386	0.912833	
uce-6388	0.820346	
uce-638	0.973396	
uce-6390	0.938086	
uce-6391	0.946429	
uce-6393	0.937500	
uce-6396	0.946844	
uce-6397	0.906494	
uce-6398	0.985887	
uce-6399	0.916290	
uce-63	0.913907	
uce-6400	0.965300	
uce-6401	0.981132	
uce-6405	0.969305	
uce-6406	0.940639	
uce-6407	0.989362	
uce-6409	0.985673	
uce-6410	0.960848	
uce-6411	0.971061	
uce-6412	0.672269	
uce-6413	0.922971	
uce-6414	0.793478	
uce-641	0.995816	
uce-6423	0.950820	
uce-6424	0.937397	
uce-6426	0.977961	
uce-642	0.939954	
uce-6430	0.871560	
uce-6432	0.876011	
uce-6433	0.938998	
uce-6434	0.971751	
uce-6436	0.957371	
uce-6437	0.982857	
uce-6438	0.886228	
uce-6439	0.949153	
uce-6440	0.950000	
uce-6441	0.865724	
uce-6445	0.960938	
uce-6446	0.909814	
uce-6447	0.943005	
uce-6448	0.942801	
uce-6449	0.967213	
uce-6451	0.925253	
uce-6454	0.899606	
uce-6457	0.962578	
uce-6458	0.921630	
uce-6459	0.919137	
uce-645	0.928349	
uce-6460	0.818824	
uce-6461	0.965409	
uce-6464	0.951120	
uce-6467	0.995444	
uce-6468	0.974082	
uce-646	0.987041	
uce-6471	0.961390	
uce-6472	0.980932	
uce-6473	0.950192	
uce-6474	0.975639	
uce-6475	0.932084	
uce-6476	0.972318	
uce-6478	0.790640	
uce-647	0.975904	
uce-6480	0.984190	
uce-6482	0.983165	
uce-6484	0.952632	
uce-6485	0.839367	
uce-6486	0.940086	
uce-6487	0.974138	
uce-648	0.968070	
uce-6492	0.781609	
uce-6494	0.913371	
uce-6496	0.960445	
uce-6497	1.000000	
uce-6499	0.988796	
uce-649	0.950820	
uce-6501	0.920746	
uce-6502	0.976778	
uce-6505	0.916393	
uce-6508	0.919149	
uce-6509	0.973510	
uce-6512	0.846325	
uce-6515	0.971209	
uce-6516	0.896552	
uce-6517	0.827935	
uce-6519	0.876204	
uce-6520	0.981308	
uce-6521	0.958457	
uce-6522	0.969309	
uce-6523	0.873541	
uce-6524	0.980322	
uce-6526	0.903069	
uce-6527	0.964206	
uce-6528	0.986486	
uce-652	0.980469	
uce-6530	0.979048	
uce-6532	0.941353	
uce-6533	0.925059	
uce-6534	0.910747	
uce-6535	0.970205	
uce-6538	0.759140	
uce-6540	0.958115	
uce-6541	0.955263	
uce-6543	0.952096	
uce-6546	0.928952	
uce-6548	0.921429	
uce-654	0.995058	
uce-6550	0.851626	
uce-6551	0.975048	
uce-6552	0.957684	
uce-6553	0.936660	
uce-6554	0.971930	
uce-6555	0.984556	
uce-6557	0.891213	
uce-6558	0.976261	
uce-655	0.930952	
uce-6562	0.954023	
uce-6564	0.934837	
uce-6565	0.960784	
uce-6566	0.933902	
uce-6569	0.948571	
uce-6570	0.951768	
uce-6571	0.959227	
uce-6574	0.959147	
uce-6575	0.937143	
uce-6576	0.971223	
uce-6578	0.936508	
uce-6579	0.981481	
uce-6580	1.000000	
uce-6582	0.964194	
uce-6584	0.994302	
uce-6585	0.978992	
uce-6586	0.919107	
uce-6587	0.944056	
uce-6588	0.948718	
uce-6589	0.911765	
uce-658	0.965024	
uce-6591	0.933333	
uce-6592	0.923896	
uce-6593	0.879934	
uce-6595	0.975069	
uce-6596	0.917184	
uce-6598	0.754980	
uce-6599	0.940351	
uce-65	0.896635	
uce-6601	0.793103	
uce-6602	0.831731	
uce-6603	0.865854	
uce-6604	0.956164	
uce-6606	0.791667	
uce-6608	0.981432	
uce-660	0.971743	
uce-6610	0.970874	
uce-6613	0.978070	
uce-6614	0.940647	
uce-6617	0.966592	
uce-6618	0.959770	
uce-6619	0.920266	
uce-6620	0.950588	
uce-6621	0.911458	
uce-6622	0.970703	
uce-6625	0.974803	
uce-6626	0.961905	
uce-6627	1.000000	
uce-6628	0.947154	
uce-662	0.932710	
uce-6633	0.953488	
uce-6635	0.982759	
uce-6636	0.951743	
uce-6637	0.965174	
uce-6638	0.993162	
uce-663	0.962843	
uce-6640	0.939535	
uce-6641	0.979339	
uce-6642	NA	
uce-6643	0.961219	
uce-6644	0.877193	
uce-6645	0.934363	
uce-6648	0.924644	
uce-6649	0.932099	
uce-664	0.929524	
uce-6652	0.966292	
uce-6653	0.960756	
uce-6654	0.971014	
uce-6655	0.906433	
uce-6657	0.963359	
uce-6658	0.817568	
uce-6659	0.728723	
uce-665	0.966184	
uce-6663	0.686679	
uce-6665	0.967033	
uce-6667	0.893939	
uce-6668	0.975078	
uce-6669	0.901771	
uce-666	0.968504	
uce-6671	0.918317	
uce-6674	0.976296	
uce-6676	0.894472	
uce-6677	0.956710	
uce-6679	0.949735	
uce-667	0.984314	
uce-6682	0.885584	
uce-6684	0.956522	
uce-6688	0.826476	
uce-6690	1.000000	
uce-6692	0.951304	
uce-6693	0.968825	
uce-6695	0.741877	
uce-6696	0.985321	
uce-6698	1.000000	
uce-6699	0.784912	
uce-66	0.935982	
uce-6700	0.963576	
uce-6702	0.829517	
uce-6703	0.989986	
uce-6706	0.854396	
uce-6707	0.821114	
uce-6714	0.955335	
uce-6715	0.948905	
uce-6716	0.962594	
uce-6717	0.948611	
uce-6718	0.972222	
uce-6719	0.922204	
uce-671	0.986264	
uce-6721	0.968912	
uce-6723	0.993691	
uce-6724	0.973435	
uce-6725	0.952381	
uce-6726	0.991625	
uce-6727	0.899281	
uce-672	0.904088	
uce-6731	0.963320	
uce-6732	0.865031	
uce-6734	0.976190	
uce-6735	0.948370	
uce-6736	0.890351	
uce-6739	0.975831	
uce-6740	0.962185	
uce-6741	0.971014	
uce-6742	0.966543	
uce-6743	0.969977	
uce-6746	0.966543	
uce-6748	0.918089	
uce-674	0.996047	
uce-6750	0.992593	
uce-6754	0.964865	
uce-6756	0.925553	
uce-6757	0.899796	
uce-6758	0.977987	
uce-6762	0.965046	
uce-6763	0.787535	
uce-6765	0.940860	
uce-6766	0.952261	
uce-6769	0.903002	
uce-6770	0.960106	
uce-6771	0.953125	
uce-6773	0.761446	
uce-6774	0.991098	
uce-6776	0.946360	
uce-6778	0.894231	
uce-6779	0.870871	
uce-6780	0.972656	
uce-6782	0.988909	
uce-6786	0.965812	
uce-6787	0.969697	
uce-6789	1.000000	
uce-678	0.899032	
uce-6790	0.948718	
uce-6791	0.946004	
uce-6792	0.990228	
uce-6796	0.895118	
uce-6797	0.934555	
uce-67	0.939547	
uce-6800	0.973180	
uce-6801	0.947269	
uce-6802	0.970297	
uce-6804	0.888686	
uce-6805	0.943137	
uce-6806	0.967391	
uce-6807	0.948177	
uce-6808	0.929078	
uce-6809	0.930199	
uce-680	0.952816	
uce-6811	0.936877	
uce-6812	0.971154	
uce-6813	1.000000	
uce-6818	0.907986	
uce-681	0.946032	
uce-6820	1.000000	
uce-6821	0.607450	
uce-6823	0.975395	
uce-6824	0.967546	
uce-6826	0.981873	
uce-6827	0.966732	
uce-6829	0.964706	
uce-6830	0.910714	
uce-6831	0.942913	
uce-6833	0.934489	
uce-6838	0.974063	
uce-6839	0.965426	
uce-683	0.875984	
uce-6841	0.969432	
uce-6842	0.900000	
uce-6843	0.882793	
uce-6844	0.959184	
uce-6850	0.957071	
uce-6855	0.846774	
uce-6856	0.913112	
uce-6859	0.947099	
uce-685	0.848754	
uce-6860	0.974235	
uce-6863	0.857143	
uce-6865	0.784946	
uce-6866	0.983389	
uce-686	0.929577	
uce-6870	0.950241	
uce-6871	0.958128	
uce-6872	0.931707	
uce-6873	0.969125	
uce-6874	1.000000	
uce-6875	0.963585	
uce-6879	0.872137	
uce-6880	0.975820	
uce-6881	0.927602	
uce-6882	0.908665	
uce-6885	0.916667	
uce-6887	0.941176	
uce-6892	0.874142	
uce-6894	0.929766	
uce-6896	0.942197	
uce-6898	0.918506	
uce-6902	0.939709	
uce-6903	0.985455	
uce-6904	0.947631	
uce-6906	0.968067	
uce-6907	0.957895	
uce-6909	0.962376	
uce-690	0.982456	
uce-6910	0.983264	
uce-6912	0.987578	
uce-6913	0.985348	
uce-6915	0.948485	
uce-691	0.995261	
uce-6920	0.988868	
uce-6921	0.988785	
uce-6922	0.992218	
uce-6923	1.000000	
uce-6926	0.926471	
uce-6929	0.948875	
uce-692	0.984674	
uce-6931	0.967239	
uce-6932	0.963333	
uce-6933	0.815909	
uce-6934	0.952083	
uce-6937	0.906796	
uce-6938	0.961136	
uce-6939	0.914692	
uce-693	1.000000	
uce-6940	0.963391	
uce-6942	0.910326	
uce-6943	0.961798	
uce-6944	0.977099	
uce-6945	0.945455	
uce-6946	0.953069	
uce-6947	0.925076	
uce-6948	0.937365	
uce-6950	0.933148	
uce-6953	0.875758	
uce-6954	1.000000	
uce-6955	0.852459	
uce-6956	0.946396	
uce-6957	0.909390	
uce-6959	0.922619	
uce-695	0.937843	
uce-6961	0.954733	
uce-6964	0.963035	
uce-6966	0.972414	
uce-6968	0.958810	
uce-6969	0.960474	
uce-696	0.983752	
uce-6970	0.948553	
uce-6973	0.953668	
uce-6974	1.000000	
uce-6975	0.932203	
uce-6977	0.914773	
uce-697	0.976510	
uce-6981	0.986063	
uce-6983	0.990719	
uce-6984	0.834625	
uce-6986	0.851064	
uce-6987	0.932692	
uce-6988	0.848214	
uce-698	0.986949	
uce-6990	0.960573	
uce-6992	0.847390	
uce-6994	0.951456	
uce-6995	0.961464	
uce-6997	0.687188	
uce-6998	0.958549	
uce-699	1.000000	
uce-6	0.984252	
uce-7000	0.991254	
uce-7002	0.821596	
uce-7003	0.990975	
uce-7004	0.944162	
uce-7008	0.929864	
uce-7009	0.950562	
uce-700	1.000000	
uce-7010	0.967828	
uce-7011	0.954617	
uce-7012	0.952038	
uce-7014	0.945607	
uce-7015	0.939462	
uce-7016	0.892442	
uce-7018	0.865052	
uce-7019	0.901592	
uce-7021	0.916667	
uce-7022	0.846316	
uce-7023	0.952261	
uce-7024	1.000000	
uce-7027	0.907767	
uce-7028	0.979008	
uce-7030	0.992593	
uce-7032	0.950113	
uce-7033	0.827778	
uce-7035	0.976000	
uce-7036	0.940032	
uce-7037	0.893333	
uce-7038	0.970205	
uce-703	0.957540	
uce-7044	0.956818	
uce-7045	0.956403	
uce-7046	0.967480	
uce-7047	0.971246	
uce-7048	0.954447	
uce-7050	0.993711	
uce-7051	0.894737	
uce-7054	0.955801	
uce-7055	0.935829	
uce-7056	0.940120	
uce-7058	0.967413	
uce-7063	0.994012	
uce-7064	0.991150	
uce-7067	0.951515	
uce-7068	0.926267	
uce-7069	0.875000	
uce-706	0.996820	
uce-7070	0.963287	
uce-7071	0.919355	
uce-7072	0.908347	
uce-7073	0.990937	
uce-7074	0.950166	
uce-7076	0.809524	
uce-7077	0.921171	
uce-7078	0.976109	
uce-7079	0.972900	
uce-7080	0.864162	
uce-7081	0.915074	
uce-7082	0.970840	
uce-7083	1.000000	
uce-7084	0.926316	
uce-708	0.952555	
uce-7091	0.882828	
uce-7094	0.907407	
uce-7095	0.928354	
uce-7097	0.964356	
uce-7098	0.935085	
uce-70	0.965924	
uce-7100	0.933649	
uce-7102	0.958884	
uce-7103	0.922727	
uce-7104	0.972103	
uce-7105	0.991424	
uce-7107	0.964232	
uce-7108	0.970921	
uce-7109	0.891753	
uce-710	0.904832	
uce-7113	0.960573	
uce-7117	0.971429	
uce-7118	1.000000	
uce-711	0.934146	
uce-7120	0.946467	
uce-7122	0.985646	
uce-7125	0.972179	
uce-7126	0.893491	
uce-7128	0.941038	
uce-7129	0.938914	
uce-712	0.914934	
uce-7131	0.795181	
uce-7133	0.959596	
uce-7134	0.918644	
uce-7135	0.860735	
uce-7136	0.990099	
uce-7138	0.945709	
uce-7141	0.992453	
uce-7143	0.910256	
uce-7144	0.991968	
uce-7145	0.952247	
uce-7146	0.721239	
uce-7147	0.941788	
uce-7148	0.944030	
uce-7151	0.950287	
uce-7157	0.930556	
uce-7159	0.987500	
uce-715	0.934370	
uce-7160	0.963087	
uce-7161	0.986842	
uce-7162	0.954628	
uce-7163	0.982935	
uce-7164	0.903030	
uce-7167	0.947977	
uce-7168	0.980994	
uce-7170	0.834061	
uce-7171	0.995951	
uce-7173	0.946237	
uce-7175	0.987730	
uce-717	0.969595	
uce-7183	0.919565	
uce-7184	0.915470	
uce-7188	0.965798	
uce-7190	0.961538	
uce-7191	0.972772	
uce-7192	0.992974	
uce-7193	0.855228	
uce-7195	0.958025	
uce-7197	0.966197	
uce-7201	0.915423	
uce-7202	0.975694	
uce-7205	0.966805	
uce-7207	0.932432	
uce-7208	0.858757	
uce-7209	1.000000	
uce-720	0.984547	
uce-7210	0.916840	
uce-7212	0.917923	
uce-7213	0.936709	
uce-7214	0.942982	
uce-7215	0.930612	
uce-7216	0.913738	
uce-7218	0.988395	
uce-7219	0.995699	
uce-7221	0.972340	
uce-7222	0.922399	
uce-7223	0.966862	
uce-7224	0.931894	
uce-7227	0.915470	
uce-7229	0.867384	
uce-7230	0.921941	
uce-7234	0.930804	
uce-7235	0.747222	
uce-7236	0.851775	
uce-7237	0.977221	
uce-7239	0.988550	
uce-7240	0.939597	
uce-7242	0.983333	
uce-7244	0.904366	
uce-7245	0.921053	
uce-7246	0.995025	
uce-7247	0.949301	
uce-7248	0.922343	
uce-7249	0.885402	
uce-724	0.992593	
uce-7251	0.994253	
uce-7252	0.990276	
uce-7253	0.879765	
uce-7255	0.899200	
uce-7257	0.910072	
uce-7259	0.993007	
uce-725	1.000000	
uce-7263	0.978082	
uce-7265	0.940984	
uce-7266	0.957845	
uce-7267	0.983607	
uce-7269	0.846154	
uce-726	0.983573	
uce-7270	0.978261	
uce-7273	0.967655	
uce-7275	0.949468	
uce-7276	0.969543	
uce-7277	0.932862	
uce-7278	0.883281	
uce-7279	0.909091	
uce-727	0.940476	
uce-7282	0.977918	
uce-7283	0.962865	
uce-7284	0.843672	
uce-7287	0.961367	
uce-7288	0.984000	
uce-7289	0.951321	
uce-7291	0.897129	
uce-7292	0.937618	
uce-7294	0.874788	
uce-7295	0.956522	
uce-7296	0.962675	
uce-7298	0.965636	
uce-7299	0.959052	
uce-729	0.972441	
uce-72	0.985348	
uce-7303	0.960298	
uce-7304	0.946996	
uce-7305	0.941092	
uce-7308	0.956140	
uce-7309	0.987342	
uce-730	0.920091	
uce-7310	0.938776	
uce-7311	0.979118	
uce-7313	1.000000	
uce-7314	0.889724	
uce-7316	1.000000	
uce-7317	0.889447	
uce-7319	0.991758	
uce-7320	0.989407	
uce-7322	0.990066	
uce-7323	0.962649	
uce-7324	0.940325	
uce-7325	0.973039	
uce-7328	0.992366	
uce-7329	0.883858	
uce-7330	0.897959	
uce-7331	0.924714	
uce-7336	0.922256	
uce-733	0.929104	
uce-7340	0.769596	
uce-7342	0.813364	
uce-7344	0.984720	
uce-7348	0.747433	
uce-7349	0.972705	
uce-734	0.970356	
uce-7350	0.921053	
uce-7351	0.953846	
uce-7352	0.978431	
uce-7353	0.939394	
uce-7354	0.977186	
uce-7357	0.979779	
uce-7358	0.923875	
uce-735	0.869725	
uce-7361	0.848958	
uce-7362	0.973684	
uce-7363	0.941634	
uce-7364	0.966443	
uce-7368	0.958484	
uce-7369	0.956204	
uce-736	0.965087	
uce-7371	0.951020	
uce-7372	0.985019	
uce-7376	0.915493	
uce-7379	0.969112	
uce-737	0.969551	
uce-7380	0.897260	
uce-7381	0.844633	
uce-7383	0.977431	
uce-7384	0.950266	
uce-7386	0.876161	
uce-738	0.910714	
uce-7390	0.921839	
uce-7392	0.916329	
uce-7393	0.948655	
uce-7395	0.939271	
uce-7396	0.864440	
uce-7398	0.954392	
uce-7399	0.917303	
uce-7408	0.952273	
uce-7409	0.951267	
uce-740	0.974453	
uce-7412	0.977099	
uce-7413	0.862155	
uce-7414	0.880775	
uce-7415	0.956989	
uce-7417	0.996928	
uce-7419	0.922801	
uce-7420	0.936170	
uce-7421	0.875289	
uce-7422	0.875556	
uce-7423	0.917211	
uce-7425	0.913295	
uce-7426	0.978049	
uce-7427	0.913884	
uce-7428	0.933121	
uce-7429	0.975831	
uce-7432	0.962818	
uce-743	0.955224	
uce-7442	0.945848	
uce-7444	0.897849	
uce-7446	0.804100	
uce-7449	0.969849	
uce-744	0.941499	
uce-7452	0.956790	
uce-7453	0.951613	
uce-7455	0.825359	
uce-7457	0.940810	
uce-7460	0.958225	
uce-7461	0.994737	
uce-7462	0.955056	
uce-7463	0.988072	
uce-7465	0.983425	
uce-7466	0.978916	
uce-7467	0.813051	
uce-7468	0.910277	
uce-7469	0.935593	
uce-746	0.887147	
uce-7471	0.893411	
uce-7472	0.970588	
uce-7473	0.957586	
uce-7474	0.949612	
uce-7476	0.900000	
uce-7479	0.993311	
uce-747	0.971386	
uce-7482	0.970492	
uce-7483	0.981685	
uce-7484	0.994334	
uce-7485	0.918367	
uce-7487	0.859697	
uce-7488	0.851528	
uce-7489	0.938636	
uce-748	0.992063	
uce-7490	0.929539	
uce-7491	0.662109	
uce-7494	0.866516	
uce-7495	0.984520	
uce-7496	1.000000	
uce-7497	0.941423	
uce-7499	0.965795	
uce-74	0.956007	
uce-7500	0.824561	
uce-7501	0.915521	
uce-7503	0.941606	
uce-7504	0.988806	
uce-7505	0.890869	
uce-7507	0.920097	
uce-7508	0.765140	
uce-7510	0.960100	
uce-7511	0.952267	
uce-7512	0.946731	
uce-7513	0.955039	
uce-7514	0.966667	
uce-7515	0.962312	
uce-7516	0.822368	
uce-7518	0.959920	
uce-7520	0.939641	
uce-7521	0.941499	
uce-7522	0.927318	
uce-7527	0.985169	
uce-7529	0.922717	
uce-752	0.970921	
uce-7530	0.973643	
uce-7531	0.948113	
uce-7532	0.939068	
uce-7533	0.879046	
uce-7534	0.950178	
uce-7535	1.000000	
uce-7536	0.823028	
uce-7537	0.972458	
uce-7538	NA	
uce-7539	0.973737	
uce-7540	1.000000	
uce-7541	0.979299	
uce-7542	0.965854	
uce-7546	0.980583	
uce-7548	0.949153	
uce-754	0.966068	
uce-7550	0.869159	
uce-7552	0.967010	
uce-7553	0.884393	
uce-7554	0.972222	
uce-7557	0.897839	
uce-7558	0.944345	
uce-7559	0.989761	
uce-7560	0.840849	
uce-7563	0.886598	
uce-7566	0.979769	
uce-7567	1.000000	
uce-7569	0.960000	
uce-7572	0.974359	
uce-7574	0.977212	
uce-7576	0.913758	
uce-7578	1.000000	
uce-7580	0.824390	
uce-7581	0.981481	
uce-7582	0.985656	
uce-7584	0.939297	
uce-7586	0.881834	
uce-7587	0.887218	
uce-7588	0.885000	
uce-7589	0.980634	
uce-7592	0.980000	
uce-7595	0.920904	
uce-7596	0.910448	
uce-7599	0.986577	
uce-759	0.924157	
uce-75	0.899267	
uce-7602	0.911475	
uce-7605	0.947917	
uce-7606	0.911842	
uce-7607	0.878378	
uce-7608	0.938272	
uce-7609	0.990971	
uce-760	0.962264	
uce-7610	0.881967	
uce-7611	0.989177	
uce-7613	0.966490	
uce-7614	0.953846	
uce-7615	0.959091	
uce-7616	0.905128	
uce-7617	0.968992	
uce-761	0.956023	
uce-7620	0.994785	
uce-7621	0.988406	
uce-7622	0.947891	
uce-7623	0.895189	
uce-7624	0.972477	
uce-7627	0.962541	
uce-7628	0.939675	
uce-7629	0.983456	
uce-762	0.964413	
uce-7630	0.981560	
uce-7631	0.865625	
uce-7632	0.947518	
uce-7633	0.865882	
uce-7636	1.000000	
uce-7637	0.815985	
uce-7638	0.887218	
uce-7640	0.772036	
uce-7641	0.940618	
uce-7642	0.986517	
uce-7643	0.935252	
uce-7646	0.939114	
uce-7647	0.835141	
uce-7648	0.865248	
uce-7649	0.992908	
uce-764	0.980226	
uce-7650	0.898438	
uce-7651	0.882175	
uce-7652	0.930582	
uce-7653	0.938416	
uce-7654	0.974665	
uce-7656	0.943700	
uce-7657	0.909297	
uce-7658	0.982659	
uce-7659	0.978193	
uce-765	0.978846	
uce-7661	0.980328	
uce-7662	0.951389	
uce-7665	0.947126	
uce-7666	0.968799	
uce-7667	0.886486	
uce-7668	0.981132	
uce-7669	0.983680	
uce-7673	0.964286	
uce-7676	0.971678	
uce-7678	0.861566	
uce-7679	0.940919	
uce-767	0.942959	
uce-7682	0.943038	
uce-7684	0.922907	
uce-7685	0.941075	
uce-7686	0.952675	
uce-7688	0.985972	
uce-7689	0.934498	
uce-7690	0.954160	
uce-7691	0.923986	
uce-7692	0.961074	
uce-7694	0.967320	
uce-7695	0.923541	
uce-7697	0.961373	
uce-7699	0.983607	
uce-76	0.941712	
uce-7700	0.934451	
uce-7701	0.991903	
uce-7703	0.901961	
uce-7704	NA	
uce-7706	0.992481	
uce-7707	0.957111	
uce-7708	0.958944	
uce-7709	0.969466	
uce-7710	0.870466	
uce-7712	0.951699	
uce-7713	0.894309	
uce-7715	0.941176	
uce-7716	0.884211	
uce-7719	0.893443	
uce-771	0.696124	
uce-7721	0.867735	
uce-7724	0.963810	
uce-7725	0.977941	
uce-7726	0.995585	
uce-7727	0.981096	
uce-7729	0.749186	
uce-772	0.952514	
uce-7732	0.971306	
uce-7733	0.968208	
uce-7734	0.964444	
uce-7735	0.985782	
uce-7738	0.991597	
uce-7739	0.808157	
uce-773	0.968191	
uce-7740	0.920775	
uce-7741	0.975767	
uce-7746	0.880000	
uce-7747	0.954178	
uce-7748	0.995671	
uce-774	0.927973	
uce-7751	0.973054	
uce-7752	0.960177	
uce-7753	0.959790	
uce-7755	0.951002	
uce-7756	0.858491	
uce-7757	0.969466	
uce-7758	0.918994	
uce-7761	1.000000	
uce-7763	0.960123	
uce-7764	0.945000	
uce-7772	0.917001	
uce-7774	0.954751	
uce-7776	0.986486	
uce-7778	0.962222	
uce-777	0.943503	
uce-7783	0.969112	
uce-7785	0.940574	
uce-7786	0.883607	
uce-7787	0.881517	
uce-7788	0.941463	
uce-7789	0.971235	
uce-778	0.996269	
uce-7790	0.960630	
uce-7792	0.927861	
uce-7797	0.960843	
uce-7799	0.975968	
uce-77	0.921569	
uce-7801	0.847737	
uce-7803	0.832609	
uce-7804	0.956391	
uce-7806	0.980000	
uce-7807	0.990792	
uce-780	0.979167	
uce-7811	0.981297	
uce-7816	0.964072	
uce-7817	0.936034	
uce-7819	0.983299	
uce-7820	0.911058	
uce-7822	0.902613	
uce-7823	0.959712	
uce-7824	0.896166	
uce-7829	0.922801	
uce-7831	0.993103	
uce-7832	0.980337	
uce-7833	0.956124	
uce-7836	0.926174	
uce-783	0.986979	
uce-7840	0.936314	
uce-7841	1.000000	
uce-7842	0.937143	
uce-7843	0.907233	
uce-7844	0.962199	
uce-7845	0.972350	
uce-7847	0.980392	
uce-7848	0.932927	
uce-7849	0.850993	
uce-784	0.932203	
uce-7850	0.888889	
uce-7852	0.985915	
uce-7854	0.980831	
uce-7857	0.987500	
uce-7858	0.911414	
uce-7859	0.950000	
uce-785	0.908031	
uce-7862	0.887202	
uce-7864	0.984436	
uce-7865	0.773163	
uce-7866	0.845411	
uce-7867	0.948148	
uce-7869	0.952381	
uce-786	0.980050	
uce-7871	0.989899	
uce-7872	0.823214	
uce-7876	0.936963	
uce-7877	0.965217	
uce-7878	0.901538	
uce-7882	0.925311	
uce-7884	0.815238	
uce-7885	1.000000	
uce-7886	0.954683	
uce-7887	0.909938	
uce-7888	0.925581	
uce-7889	0.975369	
uce-788	0.916409	
uce-7890	0.819071	
uce-7892	0.942982	
uce-7895	0.979866	
uce-7897	0.853047	
uce-7898	0.971302	
uce-7902	0.975089	
uce-7903	0.989510	
uce-7904	0.907180	
uce-7906	0.902827	
uce-7907	0.944118	
uce-7908	0.979210	
uce-7909	0.869070	
uce-790	0.963542	
uce-7910	0.780549	
uce-7912	0.957045	
uce-7913	0.933210	
uce-7917	0.961864	
uce-7919	0.920746	
uce-791	0.954198	
uce-7920	0.833333	
uce-7923	0.976744	
uce-7924	0.937500	
uce-7926	0.822581	
uce-7928	0.561020	
uce-7929	0.974093	
uce-7930	0.964384	
uce-7934	0.821244	
uce-7939	0.866883	
uce-793	0.985158	
uce-7940	0.926346	
uce-7941	0.977391	
uce-7943	0.927570	
uce-7946	0.955556	
uce-7947	0.955513	
uce-7948	0.964497	
uce-7949	0.795031	
uce-794	0.983180	
uce-7950	0.914634	
uce-7951	0.955990	
uce-7955	0.890130	
uce-7956	0.979839	
uce-7957	0.976744	
uce-7958	0.978964	
uce-7959	0.987842	
uce-7960	0.843373	
uce-7961	0.993939	
uce-7962	0.987179	
uce-7963	0.933594	
uce-7965	0.918956	
uce-7967	0.853474	
uce-7968	0.933121	
uce-7969	0.978125	
uce-7970	0.937388	
uce-7971	0.854839	
uce-7972	0.777778	
uce-7975	0.965732	
uce-7977	0.927644	
uce-7978	0.866667	
uce-7979	0.988189	
uce-7981	0.965625	
uce-7982	0.947991	
uce-7983	0.970522	
uce-7984	0.934884	
uce-7985	0.860979	
uce-7987	0.862745	
uce-7988	0.990385	
uce-7990	0.949749	
uce-7991	0.846570	
uce-7992	0.814741	
uce-7994	0.847291	
uce-7996	0.991758	
uce-7997	1.000000	
uce-7999	0.993671	
uce-799	0.953390	
uce-7	0.932619	
uce-8002	0.959799	
uce-8005	0.878229	
uce-8006	0.922747	
uce-8009	0.988468	
uce-800	0.961603	
uce-8010	0.944316	
uce-8011	0.994264	
uce-8012	0.975410	
uce-8014	0.986916	
uce-8016	NA	
uce-8017	0.978339	
uce-8026	0.942379	
uce-8029	0.969355	
uce-802	0.924747	
uce-8030	0.976540	
uce-8031	1.000000	
uce-8032	1.000000	
uce-8033	0.930693	
uce-8035	0.915811	
uce-8036	0.978947	
uce-8037	0.996276	
uce-803	0.992974	
uce-8043	0.975430	
uce-8044	0.981744	
uce-8045	0.760274	
uce-8046	0.931507	
uce-805	0.983418	
uce-80	0.867971	
uce-810	0.943820	
uce-812	0.985342	
uce-813	0.995833	
uce-814	0.986348	
uce-816	0.996278	
uce-818	0.959514	
uce-819	0.958333	
uce-81	0.851730	
uce-823	0.968059	
uce-824	0.929530	
uce-825	0.983333	
uce-826	0.968889	
uce-827	0.901786	
uce-828	0.981878	
uce-82	0.993453	
uce-831	0.958092	
uce-833	0.956169	
uce-834	0.978316	
uce-836	0.960069	
uce-837	0.971186	
uce-838	1.000000	
uce-83	0.959770	
uce-841	0.853333	
uce-843	0.916318	
uce-845	0.940426	
uce-848	0.872807	
uce-849	0.972171	
uce-84	0.796636	
uce-850	0.921739	
uce-851	0.961783	
uce-853	0.938697	
uce-855	0.965289	
uce-857	0.900415	
uce-859	0.977941	
uce-85	1.000000	
uce-861	0.989712	
uce-864	0.988235	
uce-865	0.916382	
uce-866	0.923642	
uce-867	0.929730	
uce-868	0.946140	
uce-869	0.871102	
uce-871	0.985014	
uce-872	0.976864	
uce-873	0.937023	
uce-876	0.968224	
uce-877	0.972171	
uce-87	0.962428	
uce-881	0.955941	
uce-882	0.955193	
uce-883	0.945537	
uce-884	0.924051	
uce-885	0.988048	
uce-886	0.970930	
uce-887	0.975241	
uce-888	0.957009	
uce-889	0.989492	
uce-88	0.947195	
uce-891	0.980422	
uce-893	0.970779	
uce-897	0.845842	
uce-898	0.953030	
uce-899	0.935302	
uce-903	0.897710	
uce-904	0.893082	
uce-905	0.996569	
uce-906	0.975741	
uce-907	0.961774	
uce-908	0.948622	
uce-90	0.987685	
uce-910	0.896848	
uce-912	0.996086	
uce-913	0.945230	
uce-914	0.961792	
uce-915	0.946085	
uce-916	0.966616	
uce-917	1.000000	
uce-918	0.941595	
uce-919	0.939024	
uce-920	0.980392	
uce-921	0.922581	
uce-923	0.908192	
uce-930	0.995434	
uce-931	0.914826	
uce-932	1.000000	
uce-934	0.966667	
uce-937	0.973166	
uce-938	0.939742	
uce-939	0.948276	
uce-93	1.000000	
uce-940	0.972603	
uce-943	0.963581	
uce-946	0.969369	
uce-949	0.974729	
uce-94	0.981481	
uce-950	0.974118	
uce-951	0.911932	
uce-953	0.925156	
uce-955	0.978758	
uce-956	0.875000	
uce-958	0.989630	
uce-959	0.985915	
uce-95	0.970480	
uce-962	0.966667	
uce-965	0.957265	
uce-967	0.974122	
uce-968	0.968254	
uce-971	0.957219	
uce-972	0.973753	
uce-976	0.955711	
uce-978	NA	
uce-97	0.927536	
uce-985	0.981333	
uce-987	0.925874	
uce-989	0.917391	
uce-98	0.917785	
uce-990	0.995249	
uce-991	0.925373	
uce-995	0.985112	
uce-997	0.970954	
uce-998	0.942215	
uce-999	0.909524	
uce-99	0.990033	
